# JRE version: Java(TM) SE Runtime Environment (8.0_161-b12) (build 1.8.0_161-b12)
# Java VM: Java HotSpot(TM) 64-Bit Server VM (25.161-b12 mixed mode linux-amd64 compressed oops)
Heap:
 PSYoungGen      total 296448K, used 46080K [0x000000076d300000, 0x0000000782900000, 0x00000007c0000000)
  eden space 250368K, 0% used [0x000000076d300000,0x000000076d300000,0x000000077c780000)
  from space 46080K, 100% used [0x000000077c780000,0x000000077f480000,0x000000077f480000)
  to   space 38400K, 0% used [0x000000077f480000,0x000000077f480000,0x0000000781a00000)
 ParOldGen       total 171008K, used 112038K [0x00000006c7800000, 0x00000006d1f00000, 0x000000076d300000)
  object space 171008K, 65% used [0x00000006c7800000,0x00000006ce5699b8,0x00000006d1f00000)
 Metaspace       used 3266K, capacity 4566K, committed 4864K, reserved 1056768K
  class space    used 353K, capacity 390K, committed 512K, reserved 1048576K
GC Heap History (10 events):
Event: 1.266 GC heap after
Heap after GC invocations=2 (full 0):
 PSYoungGen      total 74752K, used 10226K [0x000000076d300000, 0x0000000776500000, 0x00000007c0000000)
  eden space 64512K, 0% used [0x000000076d300000,0x000000076d300000,0x0000000771200000)
  from space 10240K, 99% used [0x0000000771c00000,0x00000007725fc948,0x0000000772600000)
  to   space 10240K, 0% used [0x0000000771200000,0x0000000771200000,0x0000000771c00000)
 ParOldGen       total 171008K, used 10304K [0x00000006c7800000, 0x00000006d1f00000, 0x000000076d300000)
  object space 171008K, 6% used [0x00000006c7800000,0x00000006c8210000,0x00000006d1f00000)
 Metaspace       used 3249K, capacity 4566K, committed 4864K, reserved 1056768K
  class space    used 353K, capacity 390K, committed 512K, reserved 1048576K
}
Event: 1.778 GC heap before
{Heap before GC invocations=3 (full 0):
 PSYoungGen      total 74752K, used 74738K [0x000000076d300000, 0x0000000776500000, 0x00000007c0000000)
  eden space 64512K, 100% used [0x000000076d300000,0x0000000771200000,0x0000000771200000)
  from space 10240K, 99% used [0x0000000771c00000,0x00000007725fc948,0x0000000772600000)
  to   space 10240K, 0% used [0x0000000771200000,0x0000000771200000,0x0000000771c00000)
 ParOldGen       total 171008K, used 10304K [0x00000006c7800000, 0x00000006d1f00000, 0x000000076d300000)
  object space 171008K, 6% used [0x00000006c7800000,0x00000006c8210000,0x00000006d1f00000)
 Metaspace       used 3266K, capacity 4566K, committed 4864K, reserved 1056768K
  class space    used 353K, capacity 390K, committed 512K, reserved 1048576K
Event: 1.792 GC heap after
Heap after GC invocations=3 (full 0):
 PSYoungGen      total 74752K, used 10210K [0x000000076d300000, 0x0000000776500000, 0x00000007c0000000)
  eden space 64512K, 0% used [0x000000076d300000,0x000000076d300000,0x0000000771200000)
  from space 10240K, 99% used [0x0000000771200000,0x0000000771bf8958,0x0000000771c00000)
  to   space 10240K, 0% used [0x0000000775b00000,0x0000000775b00000,0x0000000776500000)
 ParOldGen       total 171008K, used 18848K [0x00000006c7800000, 0x00000006d1f00000, 0x000000076d300000)
  object space 171008K, 11% used [0x00000006c7800000,0x00000006c8a68000,0x00000006d1f00000)
 Metaspace       used 3266K, capacity 4566K, committed 4864K, reserved 1056768K
  class space    used 353K, capacity 390K, committed 512K, reserved 1048576K
}
Event: 2.401 GC heap before
{Heap before GC invocations=4 (full 0):
 PSYoungGen      total 74752K, used 74722K [0x000000076d300000, 0x0000000776500000, 0x00000007c0000000)
  eden space 64512K, 100% used [0x000000076d300000,0x0000000771200000,0x0000000771200000)
  from space 10240K, 99% used [0x0000000771200000,0x0000000771bf8958,0x0000000771c00000)
  to   space 10240K, 0% used [0x0000000775b00000,0x0000000775b00000,0x0000000776500000)
 ParOldGen       total 171008K, used 18848K [0x00000006c7800000, 0x00000006d1f00000, 0x000000076d300000)
  object space 171008K, 11% used [0x00000006c7800000,0x00000006c8a68000,0x00000006d1f00000)
 Metaspace       used 3266K, capacity 4566K, committed 4864K, reserved 1056768K
  class space    used 353K, capacity 390K, committed 512K, reserved 1048576K
Event: 2.414 GC heap after
Heap after GC invocations=4 (full 0):
 PSYoungGen      total 139264K, used 10226K [0x000000076d300000, 0x0000000776500000, 0x00000007c0000000)
  eden space 129024K, 0% used [0x000000076d300000,0x000000076d300000,0x0000000775100000)
  from space 10240K, 99% used [0x0000000775b00000,0x00000007764fc948,0x0000000776500000)
  to   space 10240K, 0% used [0x0000000775100000,0x0000000775100000,0x0000000775b00000)
 ParOldGen       total 171008K, used 28608K [0x00000006c7800000, 0x00000006d1f00000, 0x000000076d300000)
  object space 171008K, 16% used [0x00000006c7800000,0x00000006c93f0000,0x00000006d1f00000)
 Metaspace       used 3266K, capacity 4566K, committed 4864K, reserved 1056768K
  class space    used 353K, capacity 390K, committed 512K, reserved 1048576K
}
Event: 4.381 GC heap before
{Heap before GC invocations=5 (full 0):
 PSYoungGen      total 139264K, used 139250K [0x000000076d300000, 0x0000000776500000, 0x00000007c0000000)
  eden space 129024K, 100% used [0x000000076d300000,0x0000000775100000,0x0000000775100000)
  from space 10240K, 99% used [0x0000000775b00000,0x00000007764fc948,0x0000000776500000)
  to   space 10240K, 0% used [0x0000000775100000,0x0000000775100000,0x0000000775b00000)
 ParOldGen       total 171008K, used 28608K [0x00000006c7800000, 0x00000006d1f00000, 0x000000076d300000)
  object space 171008K, 16% used [0x00000006c7800000,0x00000006c93f0000,0x00000006d1f00000)
 Metaspace       used 3266K, capacity 4566K, committed 4864K, reserved 1056768K
  class space    used 353K, capacity 390K, committed 512K, reserved 1048576K
Event: 4.404 GC heap after
Heap after GC invocations=5 (full 0):
 PSYoungGen      total 139264K, used 10210K [0x000000076d300000, 0x0000000781a00000, 0x00000007c0000000)
  eden space 129024K, 0% used [0x000000076d300000,0x000000076d300000,0x0000000775100000)
  from space 10240K, 99% used [0x0000000775100000,0x0000000775af8958,0x0000000775b00000)
  to   space 38400K, 0% used [0x000000077f480000,0x000000077f480000,0x0000000781a00000)
 ParOldGen       total 171008K, used 58976K [0x00000006c7800000, 0x00000006d1f00000, 0x000000076d300000)
  object space 171008K, 34% used [0x00000006c7800000,0x00000006cb198000,0x00000006d1f00000)
 Metaspace       used 3266K, capacity 4566K, committed 4864K, reserved 1056768K
  class space    used 353K, capacity 390K, committed 512K, reserved 1048576K
}
Event: 6.310 GC heap before
{Heap before GC invocations=6 (full 0):
 PSYoungGen      total 139264K, used 139234K [0x000000076d300000, 0x0000000781a00000, 0x00000007c0000000)
  eden space 129024K, 100% used [0x000000076d300000,0x0000000775100000,0x0000000775100000)
  from space 10240K, 99% used [0x0000000775100000,0x0000000775af8958,0x0000000775b00000)
  to   space 38400K, 0% used [0x000000077f480000,0x000000077f480000,0x0000000781a00000)
 ParOldGen       total 171008K, used 58976K [0x00000006c7800000, 0x00000006d1f00000, 0x000000076d300000)
  object space 171008K, 34% used [0x00000006c7800000,0x00000006cb198000,0x00000006d1f00000)
 Metaspace       used 3266K, capacity 4566K, committed 4864K, reserved 1056768K
  class space    used 353K, capacity 390K, committed 512K, reserved 1048576K
Event: 6.352 GC heap after
Heap after GC invocations=6 (full 0):
 PSYoungGen      total 288768K, used 38386K [0x000000076d300000, 0x0000000782900000, 0x00000007c0000000)
  eden space 250368K, 0% used [0x000000076d300000,0x000000076d300000,0x000000077c780000)
  from space 38400K, 99% used [0x000000077f480000,0x00000007819fc948,0x0000000781a00000)
  to   space 46080K, 0% used [0x000000077c780000,0x000000077c780000,0x000000077f480000)
 ParOldGen       total 171008K, used 60896K [0x00000006c7800000, 0x00000006d1f00000, 0x000000076d300000)
  object space 171008K, 35% used [0x00000006c7800000,0x00000006cb378000,0x00000006d1f00000)
 Metaspace       used 3266K, capacity 4566K, committed 4864K, reserved 1056768K
  class space    used 353K, capacity 390K, committed 512K, reserved 1048576K
}
Event: 10.051 GC heap before
{Heap before GC invocations=7 (full 0):
 PSYoungGen      total 288768K, used 288754K [0x000000076d300000, 0x0000000782900000, 0x00000007c0000000)
  eden space 250368K, 100% used [0x000000076d300000,0x000000077c780000,0x000000077c780000)
  from space 38400K, 99% used [0x000000077f480000,0x00000007819fc948,0x0000000781a00000)
  to   space 46080K, 0% used [0x000000077c780000,0x000000077c780000,0x000000077f480000)
 ParOldGen       total 171008K, used 60896K [0x00000006c7800000, 0x00000006d1f00000, 0x000000076d300000)
  object space 171008K, 35% used [0x00000006c7800000,0x00000006cb378000,0x00000006d1f00000)
 Metaspace       used 3266K, capacity 4566K, committed 4864K, reserved 1056768K
  class space    used 353K, capacity 390K, committed 512K, reserved 1048576K

