# JRE version: Java(TM) SE Runtime Environment (8.0_161-b12) (build 1.8.0_161-b12)
# Java VM: Java HotSpot(TM) 64-Bit Server VM (25.161-b12 mixed mode linux-amd64 compressed oops)
Heap:
 PSYoungGen      total 2866688K, used 64K [0x00000006eab00000, 0x00000007b5180000, 0x00000007c0000000)
  eden space 2791936K, 0% used [0x00000006eab00000,0x00000006eab00000,0x0000000795180000)
  from space 74752K, 0% used [0x00000007abf80000,0x00000007abf90000,0x00000007b0880000)
  to   space 512K, 0% used [0x00000007b5100000,0x00000007b5100000,0x00000007b5180000)
 ParOldGen       total 3702272K, used 2274184K [0x0000000540000000, 0x0000000621f80000, 0x00000006eab00000)
  object space 3702272K, 61% used [0x0000000540000000,0x00000005cace22b0,0x0000000621f80000)
 Metaspace       used 4305K, capacity 5528K, committed 5760K, reserved 1056768K
  class space    used 467K, capacity 520K, committed 640K, reserved 1048576K
GC Heap History (10 events):
Event: 43.144 GC heap after
Heap after GC invocations=7 (full 1):
 PSYoungGen      total 1748992K, used 32K [0x00000006eab00000, 0x00000007b5300000, 0x00000007c0000000)
  eden space 1617920K, 0% used [0x00000006eab00000,0x00000006eab00000,0x000000074d700000)
  from space 131072K, 0% used [0x0000000752b00000,0x0000000752b08000,0x000000075ab00000)
  to   space 86016K, 0% used [0x000000074d700000,0x000000074d700000,0x0000000752b00000)
 ParOldGen       total 2097152K, used 1137827K [0x0000000540000000, 0x00000005c0000000, 0x00000006eab00000)
  object space 2097152K, 54% used [0x0000000540000000,0x0000000585728e40,0x00000005c0000000)
 Metaspace       used 4305K, capacity 5528K, committed 5760K, reserved 1056768K
  class space    used 467K, capacity 520K, committed 640K, reserved 1048576K
}
Event: 57.944 GC heap before
{Heap before GC invocations=8 (full 1):
 PSYoungGen      total 1748992K, used 1430218K [0x00000006eab00000, 0x00000007b5300000, 0x00000007c0000000)
  eden space 1617920K, 88% used [0x00000006eab00000,0x0000000741faab38,0x000000074d700000)
  from space 131072K, 0% used [0x0000000752b00000,0x0000000752b08000,0x000000075ab00000)
  to   space 86016K, 0% used [0x000000074d700000,0x000000074d700000,0x0000000752b00000)
 ParOldGen       total 2097152K, used 1137827K [0x0000000540000000, 0x00000005c0000000, 0x00000006eab00000)
  object space 2097152K, 54% used [0x0000000540000000,0x0000000585728e40,0x00000005c0000000)
 Metaspace       used 4305K, capacity 5528K, committed 5760K, reserved 1056768K
  class space    used 467K, capacity 520K, committed 640K, reserved 1048576K
Event: 58.236 GC heap after
Heap after GC invocations=8 (full 1):
 PSYoungGen      total 1703936K, used 32K [0x00000006eab00000, 0x00000007b9f00000, 0x00000007c0000000)
  eden space 1617920K, 0% used [0x00000006eab00000,0x00000006eab00000,0x000000074d700000)
  from space 86016K, 0% used [0x000000074d700000,0x000000074d708000,0x0000000752b00000)
  to   space 79872K, 0% used [0x00000007b5100000,0x00000007b5100000,0x00000007b9f00000)
 ParOldGen       total 2730496K, used 2404498K [0x0000000540000000, 0x00000005e6a80000, 0x00000006eab00000)
  object space 2730496K, 88% used [0x0000000540000000,0x00000005d2c24950,0x00000005e6a80000)
 Metaspace       used 4305K, capacity 5528K, committed 5760K, reserved 1056768K
  class space    used 467K, capacity 520K, committed 640K, reserved 1048576K
}
Event: 58.236 GC heap before
{Heap before GC invocations=9 (full 2):
 PSYoungGen      total 1703936K, used 32K [0x00000006eab00000, 0x00000007b9f00000, 0x00000007c0000000)
  eden space 1617920K, 0% used [0x00000006eab00000,0x00000006eab00000,0x000000074d700000)
  from space 86016K, 0% used [0x000000074d700000,0x000000074d708000,0x0000000752b00000)
  to   space 79872K, 0% used [0x00000007b5100000,0x00000007b5100000,0x00000007b9f00000)
 ParOldGen       total 2730496K, used 2404498K [0x0000000540000000, 0x00000005e6a80000, 0x00000006eab00000)
  object space 2730496K, 88% used [0x0000000540000000,0x00000005d2c24950,0x00000005e6a80000)
 Metaspace       used 4305K, capacity 5528K, committed 5760K, reserved 1056768K
  class space    used 467K, capacity 520K, committed 640K, reserved 1048576K
Event: 58.463 GC heap after
Heap after GC invocations=9 (full 2):
 PSYoungGen      total 1703936K, used 0K [0x00000006eab00000, 0x00000007b9f00000, 0x00000007c0000000)
  eden space 1617920K, 0% used [0x00000006eab00000,0x00000006eab00000,0x000000074d700000)
  from space 86016K, 0% used [0x000000074d700000,0x000000074d700000,0x0000000752b00000)
  to   space 79872K, 0% used [0x00000007b5100000,0x00000007b5100000,0x00000007b9f00000)
 ParOldGen       total 3702272K, used 1391999K [0x0000000540000000, 0x0000000621f80000, 0x00000006eab00000)
  object space 3702272K, 37% used [0x0000000540000000,0x0000000594f5fee8,0x0000000621f80000)
 Metaspace       used 4305K, capacity 5528K, committed 5760K, reserved 1056768K
  class space    used 467K, capacity 520K, committed 640K, reserved 1048576K
}
Event: 59.626 GC heap before
{Heap before GC invocations=10 (full 2):
 PSYoungGen      total 1703936K, used 1337101K [0x00000006eab00000, 0x00000007b9f00000, 0x00000007c0000000)
  eden space 1617920K, 82% used [0x00000006eab00000,0x000000073c4c3608,0x000000074d700000)
  from space 86016K, 0% used [0x000000074d700000,0x000000074d700000,0x0000000752b00000)
  to   space 79872K, 0% used [0x00000007b5100000,0x00000007b5100000,0x00000007b9f00000)
 ParOldGen       total 3702272K, used 1391999K [0x0000000540000000, 0x0000000621f80000, 0x00000006eab00000)
  object space 3702272K, 37% used [0x0000000540000000,0x0000000594f5fee8,0x0000000621f80000)
 Metaspace       used 4305K, capacity 5528K, committed 5760K, reserved 1056768K
  class space    used 467K, capacity 520K, committed 640K, reserved 1048576K
Event: 59.715 GC heap after
Heap after GC invocations=10 (full 2):
 PSYoungGen      total 2792448K, used 64K [0x00000006eab00000, 0x00000007b5180000, 0x00000007c0000000)
  eden space 2791936K, 0% used [0x00000006eab00000,0x00000006eab00000,0x0000000795180000)
  from space 512K, 12% used [0x00000007b5100000,0x00000007b5110000,0x00000007b5180000)
  to   space 74752K, 0% used [0x00000007abf80000,0x00000007abf80000,0x00000007b0880000)
 ParOldGen       total 3702272K, used 2025335K [0x0000000540000000, 0x0000000621f80000, 0x00000006eab00000)
  object space 3702272K, 54% used [0x0000000540000000,0x00000005bb9ddc70,0x0000000621f80000)
 Metaspace       used 4305K, capacity 5528K, committed 5760K, reserved 1056768K
  class space    used 467K, capacity 520K, committed 640K, reserved 1048576K
}
Event: 59.715 GC heap before
{Heap before GC invocations=11 (full 3):
 PSYoungGen      total 2792448K, used 64K [0x00000006eab00000, 0x00000007b5180000, 0x00000007c0000000)
  eden space 2791936K, 0% used [0x00000006eab00000,0x00000006eab00000,0x0000000795180000)
  from space 512K, 12% used [0x00000007b5100000,0x00000007b5110000,0x00000007b5180000)
  to   space 74752K, 0% used [0x00000007abf80000,0x00000007abf80000,0x00000007b0880000)
 ParOldGen       total 3702272K, used 2025335K [0x0000000540000000, 0x0000000621f80000, 0x00000006eab00000)
  object space 3702272K, 54% used [0x0000000540000000,0x00000005bb9ddc70,0x0000000621f80000)
 Metaspace       used 4305K, capacity 5528K, committed 5760K, reserved 1056768K
  class space    used 467K, capacity 520K, committed 640K, reserved 1048576K
Event: 59.728 GC heap after
Heap after GC invocations=11 (full 3):
 PSYoungGen      total 2792448K, used 0K [0x00000006eab00000, 0x00000007b5180000, 0x00000007c0000000)
  eden space 2791936K, 0% used [0x00000006eab00000,0x00000006eab00000,0x0000000795180000)
  from space 512K, 0% used [0x00000007b5100000,0x00000007b5100000,0x00000007b5180000)
  to   space 74752K, 0% used [0x00000007abf80000,0x00000007abf80000,0x00000007b0880000)
 ParOldGen       total 3702272K, used 758664K [0x0000000540000000, 0x0000000621f80000, 0x00000006eab00000)
  object space 3702272K, 20% used [0x0000000540000000,0x000000056e4e22a0,0x0000000621f80000)
 Metaspace       used 4305K, capacity 5528K, committed 5760K, reserved 1056768K
  class space    used 467K, capacity 520K, committed 640K, reserved 1048576K
}
Event: 267.105 GC heap before
{Heap before GC invocations=12 (full 3):
 PSYoungGen      total 2792448K, used 2791936K [0x00000006eab00000, 0x00000007b5180000, 0x00000007c0000000)
  eden space 2791936K, 100% used [0x00000006eab00000,0x0000000795180000,0x0000000795180000)
  from space 512K, 0% used [0x00000007b5100000,0x00000007b5100000,0x00000007b5180000)
  to   space 74752K, 0% used [0x00000007abf80000,0x00000007abf80000,0x00000007b0880000)
 ParOldGen       total 3702272K, used 758664K [0x0000000540000000, 0x0000000621f80000, 0x00000006eab00000)
  object space 3702272K, 20% used [0x0000000540000000,0x000000056e4e22a0,0x0000000621f80000)
 Metaspace       used 4305K, capacity 5528K, committed 5760K, reserved 1056768K
  class space    used 467K, capacity 520K, committed 640K, reserved 1048576K

