# JRE version: Java(TM) SE Runtime Environment (8.0_161-b12) (build 1.8.0_161-b12)
# Java VM: Java HotSpot(TM) 64-Bit Server VM (25.161-b12 mixed mode linux-amd64 compressed oops)
Heap:
 PSYoungGen      total 720384K, used 64K [0x000000076d300000, 0x00000007a1f80000, 0x00000007c0000000)
  eden space 705536K, 0% used [0x000000076d300000,0x000000076d300000,0x0000000798400000)
  from space 14848K, 0% used [0x00000007a0280000,0x00000007a0290000,0x00000007a1100000)
  to   space 512K, 0% used [0x00000007a1f00000,0x00000007a1f00000,0x00000007a1f80000)
 ParOldGen       total 964096K, used 324440K [0x00000006c7800000, 0x0000000702580000, 0x000000076d300000)
  object space 964096K, 33% used [0x00000006c7800000,0x00000006db4d63e0,0x0000000702580000)
 Metaspace       used 4324K, capacity 5400K, committed 5760K, reserved 1056768K
  class space    used 493K, capacity 520K, committed 640K, reserved 1048576K
GC Heap History (10 events):
Event: 2.730 GC heap after
Heap after GC invocations=10 (full 2):
 PSYoungGen      total 506368K, used 32K [0x000000076d300000, 0x000000078d800000, 0x00000007c0000000)
  eden space 496640K, 0% used [0x000000076d300000,0x000000076d300000,0x000000078b800000)
  from space 9728K, 0% used [0x000000078ce80000,0x000000078ce88000,0x000000078d800000)
  to   space 16384K, 0% used [0x000000078b800000,0x000000078b800000,0x000000078c800000)
 ParOldGen       total 954880K, used 324930K [0x00000006c7800000, 0x0000000701c80000, 0x000000076d300000)
  object space 954880K, 34% used [0x00000006c7800000,0x00000006db550908,0x0000000701c80000)
 Metaspace       used 4324K, capacity 5400K, committed 5760K, reserved 1056768K
  class space    used 493K, capacity 520K, committed 640K, reserved 1048576K
}
Event: 2.855 GC heap before
{Heap before GC invocations=11 (full 2):
 PSYoungGen      total 506368K, used 333112K [0x000000076d300000, 0x000000078d800000, 0x00000007c0000000)
  eden space 496640K, 67% used [0x000000076d300000,0x00000007818463a8,0x000000078b800000)
  from space 9728K, 0% used [0x000000078ce80000,0x000000078ce88000,0x000000078d800000)
  to   space 16384K, 0% used [0x000000078b800000,0x000000078b800000,0x000000078c800000)
 ParOldGen       total 954880K, used 324930K [0x00000006c7800000, 0x0000000701c80000, 0x000000076d300000)
  object space 954880K, 34% used [0x00000006c7800000,0x00000006db550908,0x0000000701c80000)
 Metaspace       used 4324K, capacity 5400K, committed 5760K, reserved 1056768K
  class space    used 493K, capacity 520K, committed 640K, reserved 1048576K
Event: 2.957 GC heap after
Heap after GC invocations=11 (full 2):
 PSYoungGen      total 513024K, used 64K [0x000000076d300000, 0x00000007a2e00000, 0x00000007c0000000)
  eden space 496640K, 0% used [0x000000076d300000,0x000000076d300000,0x000000078b800000)
  from space 16384K, 0% used [0x000000078b800000,0x000000078b810000,0x000000078c800000)
  to   space 15360K, 0% used [0x00000007a1f00000,0x00000007a1f00000,0x00000007a2e00000)
 ParOldGen       total 954880K, used 793033K [0x00000006c7800000, 0x0000000701c80000, 0x000000076d300000)
  object space 954880K, 83% used [0x00000006c7800000,0x00000006f7e727e8,0x0000000701c80000)
 Metaspace       used 4324K, capacity 5400K, committed 5760K, reserved 1056768K
  class space    used 493K, capacity 520K, committed 640K, reserved 1048576K
}
Event: 2.957 GC heap before
{Heap before GC invocations=12 (full 3):
 PSYoungGen      total 513024K, used 64K [0x000000076d300000, 0x00000007a2e00000, 0x00000007c0000000)
  eden space 496640K, 0% used [0x000000076d300000,0x000000076d300000,0x000000078b800000)
  from space 16384K, 0% used [0x000000078b800000,0x000000078b810000,0x000000078c800000)
  to   space 15360K, 0% used [0x00000007a1f00000,0x00000007a1f00000,0x00000007a2e00000)
 ParOldGen       total 954880K, used 793033K [0x00000006c7800000, 0x0000000701c80000, 0x000000076d300000)
  object space 954880K, 83% used [0x00000006c7800000,0x00000006f7e727e8,0x0000000701c80000)
 Metaspace       used 4324K, capacity 5400K, committed 5760K, reserved 1056768K
  class space    used 493K, capacity 520K, committed 640K, reserved 1048576K
Event: 3.006 GC heap after
Heap after GC invocations=12 (full 3):
 PSYoungGen      total 513024K, used 0K [0x000000076d300000, 0x00000007a2e00000, 0x00000007c0000000)
  eden space 496640K, 0% used [0x000000076d300000,0x000000076d300000,0x000000078b800000)
  from space 16384K, 0% used [0x000000078b800000,0x000000078b800000,0x000000078c800000)
  to   space 15360K, 0% used [0x00000007a1f00000,0x00000007a1f00000,0x00000007a2e00000)
 ParOldGen       total 964096K, used 558492K [0x00000006c7800000, 0x0000000702580000, 0x000000076d300000)
  object space 964096K, 57% used [0x00000006c7800000,0x00000006e99670a8,0x0000000702580000)
 Metaspace       used 4324K, capacity 5400K, committed 5760K, reserved 1056768K
  class space    used 493K, capacity 520K, committed 640K, reserved 1048576K
}
Event: 3.105 GC heap before
{Heap before GC invocations=13 (full 3):
 PSYoungGen      total 513024K, used 243861K [0x000000076d300000, 0x00000007a2e00000, 0x00000007c0000000)
  eden space 496640K, 49% used [0x000000076d300000,0x000000077c125720,0x000000078b800000)
  from space 16384K, 0% used [0x000000078b800000,0x000000078b800000,0x000000078c800000)
  to   space 15360K, 0% used [0x00000007a1f00000,0x00000007a1f00000,0x00000007a2e00000)
 ParOldGen       total 964096K, used 558492K [0x00000006c7800000, 0x0000000702580000, 0x000000076d300000)
  object space 964096K, 57% used [0x00000006c7800000,0x00000006e99670a8,0x0000000702580000)
 Metaspace       used 4324K, capacity 5400K, committed 5760K, reserved 1056768K
  class space    used 493K, capacity 520K, committed 640K, reserved 1048576K
Event: 3.141 GC heap after
Heap after GC invocations=13 (full 3):
 PSYoungGen      total 706048K, used 32K [0x000000076d300000, 0x00000007a1f80000, 0x00000007c0000000)
  eden space 705536K, 0% used [0x000000076d300000,0x000000076d300000,0x0000000798400000)
  from space 512K, 6% used [0x00000007a1f00000,0x00000007a1f08000,0x00000007a1f80000)
  to   space 14848K, 0% used [0x00000007a0280000,0x00000007a0280000,0x00000007a1100000)
 ParOldGen       total 964096K, used 792544K [0x00000006c7800000, 0x0000000702580000, 0x000000076d300000)
  object space 964096K, 82% used [0x00000006c7800000,0x00000006f7df8018,0x0000000702580000)
 Metaspace       used 4324K, capacity 5400K, committed 5760K, reserved 1056768K
  class space    used 493K, capacity 520K, committed 640K, reserved 1048576K
}
Event: 3.141 GC heap before
{Heap before GC invocations=14 (full 4):
 PSYoungGen      total 706048K, used 32K [0x000000076d300000, 0x00000007a1f80000, 0x00000007c0000000)
  eden space 705536K, 0% used [0x000000076d300000,0x000000076d300000,0x0000000798400000)
  from space 512K, 6% used [0x00000007a1f00000,0x00000007a1f08000,0x00000007a1f80000)
  to   space 14848K, 0% used [0x00000007a0280000,0x00000007a0280000,0x00000007a1100000)
 ParOldGen       total 964096K, used 792544K [0x00000006c7800000, 0x0000000702580000, 0x000000076d300000)
  object space 964096K, 82% used [0x00000006c7800000,0x00000006f7df8018,0x0000000702580000)
 Metaspace       used 4324K, capacity 5400K, committed 5760K, reserved 1056768K
  class space    used 493K, capacity 520K, committed 640K, reserved 1048576K
Event: 3.154 GC heap after
Heap after GC invocations=14 (full 4):
 PSYoungGen      total 706048K, used 0K [0x000000076d300000, 0x00000007a1f80000, 0x00000007c0000000)
  eden space 705536K, 0% used [0x000000076d300000,0x000000076d300000,0x0000000798400000)
  from space 512K, 0% used [0x00000007a1f00000,0x00000007a1f00000,0x00000007a1f80000)
  to   space 14848K, 0% used [0x00000007a0280000,0x00000007a0280000,0x00000007a1100000)
 ParOldGen       total 964096K, used 324440K [0x00000006c7800000, 0x0000000702580000, 0x000000076d300000)
  object space 964096K, 33% used [0x00000006c7800000,0x00000006db4d63e0,0x0000000702580000)
 Metaspace       used 4324K, capacity 5400K, committed 5760K, reserved 1056768K
  class space    used 493K, capacity 520K, committed 640K, reserved 1048576K
}
Event: 3.828 GC heap before
{Heap before GC invocations=15 (full 4):
 PSYoungGen      total 706048K, used 705536K [0x000000076d300000, 0x00000007a1f80000, 0x00000007c0000000)
  eden space 705536K, 100% used [0x000000076d300000,0x0000000798400000,0x0000000798400000)
  from space 512K, 0% used [0x00000007a1f00000,0x00000007a1f00000,0x00000007a1f80000)
  to   space 14848K, 0% used [0x00000007a0280000,0x00000007a0280000,0x00000007a1100000)
 ParOldGen       total 964096K, used 324440K [0x00000006c7800000, 0x0000000702580000, 0x000000076d300000)
  object space 964096K, 33% used [0x00000006c7800000,0x00000006db4d63e0,0x0000000702580000)
 Metaspace       used 4324K, capacity 5400K, committed 5760K, reserved 1056768K
  class space    used 493K, capacity 520K, committed 640K, reserved 1048576K

