# JRE version: Java(TM) SE Runtime Environment (8.0_161-b12) (build 1.8.0_161-b12)
# Java VM: Java HotSpot(TM) 64-Bit Server VM (25.161-b12 mixed mode linux-amd64 compressed oops)
Heap:
 PSYoungGen      total 227328K, used 0K [0x000000076d300000, 0x0000000783500000, 0x00000007c0000000)
  eden space 115200K, 0% used [0x000000076d300000,0x000000076d300000,0x0000000774380000)
  from space 112128K, 0% used [0x0000000774380000,0x0000000774380000,0x000000077b100000)
  to   space 113664K, 0% used [0x000000077c600000,0x000000077c600000,0x0000000783500000)
 ParOldGen       total 797696K, used 778547K [0x00000006c7800000, 0x00000006f8300000, 0x000000076d300000)
  object space 797696K, 97% used [0x00000006c7800000,0x00000006f704ce38,0x00000006f8300000)
 Metaspace       used 4207K, capacity 5464K, committed 5760K, reserved 1056768K
  class space    used 461K, capacity 520K, committed 640K, reserved 1048576K
GC Heap History (10 events):
Event: 15.507 GC heap after
Heap after GC invocations=24 (full 3):
 PSYoungGen      total 175104K, used 0K [0x000000076d300000, 0x000000077e900000, 0x00000007c0000000)
  eden space 79872K, 0% used [0x000000076d300000,0x000000076d300000,0x0000000772100000)
  from space 95232K, 0% used [0x0000000772100000,0x0000000772100000,0x0000000777e00000)
  to   space 93184K, 0% used [0x0000000778e00000,0x0000000778e00000,0x000000077e900000)
 ParOldGen       total 797696K, used 557622K [0x00000006c7800000, 0x00000006f8300000, 0x000000076d300000)
  object space 797696K, 69% used [0x00000006c7800000,0x00000006e988d830,0x00000006f8300000)
 Metaspace       used 4207K, capacity 5464K, committed 5760K, reserved 1056768K
  class space    used 461K, capacity 520K, committed 640K, reserved 1048576K
}
Event: 15.740 GC heap before
{Heap before GC invocations=25 (full 3):
 PSYoungGen      total 175104K, used 79872K [0x000000076d300000, 0x000000077e900000, 0x00000007c0000000)
  eden space 79872K, 100% used [0x000000076d300000,0x0000000772100000,0x0000000772100000)
  from space 95232K, 0% used [0x0000000772100000,0x0000000772100000,0x0000000777e00000)
  to   space 93184K, 0% used [0x0000000778e00000,0x0000000778e00000,0x000000077e900000)
 ParOldGen       total 797696K, used 557622K [0x00000006c7800000, 0x00000006f8300000, 0x000000076d300000)
  object space 797696K, 69% used [0x00000006c7800000,0x00000006e988d830,0x00000006f8300000)
 Metaspace       used 4207K, capacity 5464K, committed 5760K, reserved 1056768K
  class space    used 461K, capacity 520K, committed 640K, reserved 1048576K
Event: 15.774 GC heap after
Heap after GC invocations=25 (full 3):
 PSYoungGen      total 183296K, used 46899K [0x000000076d300000, 0x000000077e480000, 0x00000007c0000000)
  eden space 94720K, 0% used [0x000000076d300000,0x000000076d300000,0x0000000772f80000)
  from space 88576K, 52% used [0x0000000778e00000,0x000000077bbccc08,0x000000077e480000)
  to   space 92672K, 0% used [0x0000000772f80000,0x0000000772f80000,0x0000000778a00000)
 ParOldGen       total 797696K, used 557622K [0x00000006c7800000, 0x00000006f8300000, 0x000000076d300000)
  object space 797696K, 69% used [0x00000006c7800000,0x00000006e988d830,0x00000006f8300000)
 Metaspace       used 4207K, capacity 5464K, committed 5760K, reserved 1056768K
  class space    used 461K, capacity 520K, committed 640K, reserved 1048576K
}
Event: 15.962 GC heap before
{Heap before GC invocations=26 (full 3):
 PSYoungGen      total 183296K, used 141619K [0x000000076d300000, 0x000000077e480000, 0x00000007c0000000)
  eden space 94720K, 100% used [0x000000076d300000,0x0000000772f80000,0x0000000772f80000)
  from space 88576K, 52% used [0x0000000778e00000,0x000000077bbccc08,0x000000077e480000)
  to   space 92672K, 0% used [0x0000000772f80000,0x0000000772f80000,0x0000000778a00000)
 ParOldGen       total 797696K, used 557622K [0x00000006c7800000, 0x00000006f8300000, 0x000000076d300000)
  object space 797696K, 69% used [0x00000006c7800000,0x00000006e988d830,0x00000006f8300000)
 Metaspace       used 4207K, capacity 5464K, committed 5760K, reserved 1056768K
  class space    used 461K, capacity 520K, committed 640K, reserved 1048576K
Event: 16.030 GC heap after
Heap after GC invocations=26 (full 3):
 PSYoungGen      total 187392K, used 92647K [0x000000076d300000, 0x0000000782080000, 0x00000007c0000000)
  eden space 94720K, 0% used [0x000000076d300000,0x000000076d300000,0x0000000772f80000)
  from space 92672K, 99% used [0x0000000772f80000,0x00000007789f9f20,0x0000000778a00000)
  to   space 114176K, 0% used [0x000000077b100000,0x000000077b100000,0x0000000782080000)
 ParOldGen       total 797696K, used 571445K [0x00000006c7800000, 0x00000006f8300000, 0x000000076d300000)
  object space 797696K, 71% used [0x00000006c7800000,0x00000006ea60d618,0x00000006f8300000)
 Metaspace       used 4207K, capacity 5464K, committed 5760K, reserved 1056768K
  class space    used 461K, capacity 520K, committed 640K, reserved 1048576K
}
Event: 16.189 GC heap before
{Heap before GC invocations=27 (full 3):
 PSYoungGen      total 187392K, used 187367K [0x000000076d300000, 0x0000000782080000, 0x00000007c0000000)
  eden space 94720K, 100% used [0x000000076d300000,0x0000000772f80000,0x0000000772f80000)
  from space 92672K, 99% used [0x0000000772f80000,0x00000007789f9f20,0x0000000778a00000)
  to   space 114176K, 0% used [0x000000077b100000,0x000000077b100000,0x0000000782080000)
 ParOldGen       total 797696K, used 571445K [0x00000006c7800000, 0x00000006f8300000, 0x000000076d300000)
  object space 797696K, 71% used [0x00000006c7800000,0x00000006ea60d618,0x00000006f8300000)
 Metaspace       used 4207K, capacity 5464K, committed 5760K, reserved 1056768K
  class space    used 461K, capacity 520K, committed 640K, reserved 1048576K
Event: 16.342 GC heap after
Heap after GC invocations=27 (full 3):
 PSYoungGen      total 228352K, used 54624K [0x000000076d300000, 0x0000000781f80000, 0x00000007c0000000)
  eden space 115200K, 0% used [0x000000076d300000,0x000000076d300000,0x0000000774380000)
  from space 113152K, 48% used [0x000000077b100000,0x000000077e658290,0x0000000781f80000)
  to   space 112128K, 0% used [0x0000000774380000,0x0000000774380000,0x000000077b100000)
 ParOldGen       total 797696K, used 664408K [0x00000006c7800000, 0x00000006f8300000, 0x000000076d300000)
  object space 797696K, 83% used [0x00000006c7800000,0x00000006f00d6070,0x00000006f8300000)
 Metaspace       used 4207K, capacity 5464K, committed 5760K, reserved 1056768K
  class space    used 461K, capacity 520K, committed 640K, reserved 1048576K
}
Event: 16.554 GC heap before
{Heap before GC invocations=28 (full 3):
 PSYoungGen      total 228352K, used 169824K [0x000000076d300000, 0x0000000781f80000, 0x00000007c0000000)
  eden space 115200K, 100% used [0x000000076d300000,0x0000000774380000,0x0000000774380000)
  from space 113152K, 48% used [0x000000077b100000,0x000000077e658290,0x0000000781f80000)
  to   space 112128K, 0% used [0x0000000774380000,0x0000000774380000,0x000000077b100000)
 ParOldGen       total 797696K, used 664408K [0x00000006c7800000, 0x00000006f8300000, 0x000000076d300000)
  object space 797696K, 83% used [0x00000006c7800000,0x00000006f00d6070,0x00000006f8300000)
 Metaspace       used 4207K, capacity 5464K, committed 5760K, reserved 1056768K
  class space    used 461K, capacity 520K, committed 640K, reserved 1048576K
Event: 16.640 GC heap after
Heap after GC invocations=28 (full 3):
 PSYoungGen      total 227328K, used 65101K [0x000000076d300000, 0x0000000783500000, 0x00000007c0000000)
  eden space 115200K, 0% used [0x000000076d300000,0x000000076d300000,0x0000000774380000)
  from space 112128K, 58% used [0x0000000774380000,0x0000000778313790,0x000000077b100000)
  to   space 113664K, 0% used [0x000000077c600000,0x000000077c600000,0x0000000783500000)
 ParOldGen       total 797696K, used 719191K [0x00000006c7800000, 0x00000006f8300000, 0x000000076d300000)
  object space 797696K, 90% used [0x00000006c7800000,0x00000006f3655fd0,0x00000006f8300000)
 Metaspace       used 4207K, capacity 5464K, committed 5760K, reserved 1056768K
  class space    used 461K, capacity 520K, committed 640K, reserved 1048576K
}
Event: 16.640 GC heap before
{Heap before GC invocations=29 (full 4):
 PSYoungGen      total 227328K, used 65101K [0x000000076d300000, 0x0000000783500000, 0x00000007c0000000)
  eden space 115200K, 0% used [0x000000076d300000,0x000000076d300000,0x0000000774380000)
  from space 112128K, 58% used [0x0000000774380000,0x0000000778313790,0x000000077b100000)
  to   space 113664K, 0% used [0x000000077c600000,0x000000077c600000,0x0000000783500000)
 ParOldGen       total 797696K, used 719191K [0x00000006c7800000, 0x00000006f8300000, 0x000000076d300000)
  object space 797696K, 90% used [0x00000006c7800000,0x00000006f3655fd0,0x00000006f8300000)
 Metaspace       used 4207K, capacity 5464K, committed 5760K, reserved 1056768K
  class space    used 461K, capacity 520K, committed 640K, reserved 1048576K

