# JRE version: Java(TM) SE Runtime Environment (8.0_161-b12) (build 1.8.0_161-b12)
# Java VM: Java HotSpot(TM) 64-Bit Server VM (25.161-b12 mixed mode linux-amd64 compressed oops)
Heap:
 PSYoungGen      total 2097152K, used 733347K [0x0000000700000000, 0x00000007c0000000, 0x00000007c0000000)
  eden space 1048576K, 69% used [0x0000000700000000,0x000000072cc28c08,0x0000000740000000)
  from space 1048576K, 0% used [0x0000000740000000,0x0000000740000000,0x0000000780000000)
  to   space 1048576K, 0% used [0x0000000780000000,0x0000000780000000,0x00000007c0000000)
 ParOldGen       total 3563008K, used 1516545K [0x0000000580000000, 0x0000000659780000, 0x0000000700000000)
  object space 3563008K, 42% used [0x0000000580000000,0x00000005dc9005e8,0x0000000659780000)
 Metaspace       used 4303K, capacity 5528K, committed 5760K, reserved 1056768K
  class space    used 467K, capacity 520K, committed 640K, reserved 1048576K
GC Heap History (10 events):
Event: 108.495 GC heap before
{Heap before GC invocations=12 (full 3):
 PSYoungGen      total 2006528K, used 1048576K [0x0000000700000000, 0x00000007c0000000, 0x00000007c0000000)
  eden space 1048576K, 100% used [0x0000000700000000,0x0000000740000000,0x0000000740000000)
  from space 957952K, 0% used [0x0000000785880000,0x0000000785880000,0x00000007c0000000)
  to   space 1048576K, 0% used [0x0000000740000000,0x0000000740000000,0x0000000780000000)
 ParOldGen       total 5975552K, used 3852140K [0x0000000580000000, 0x00000006ecb80000, 0x0000000700000000)
  object space 5975552K, 64% used [0x0000000580000000,0x000000066b1db150,0x00000006ecb80000)
 Metaspace       used 4303K, capacity 5528K, committed 5760K, reserved 1056768K
  class space    used 467K, capacity 520K, committed 640K, reserved 1048576K
Event: 108.524 GC heap after
Heap after GC invocations=12 (full 3):
 PSYoungGen      total 2097152K, used 24704K [0x0000000700000000, 0x00000007c0000000, 0x00000007c0000000)
  eden space 1048576K, 0% used [0x0000000700000000,0x0000000700000000,0x0000000740000000)
  from space 1048576K, 2% used [0x0000000740000000,0x0000000741820000,0x0000000780000000)
  to   space 1048576K, 0% used [0x0000000780000000,0x0000000780000000,0x00000007c0000000)
 ParOldGen       total 5975552K, used 3852140K [0x0000000580000000, 0x00000006ecb80000, 0x0000000700000000)
  object space 5975552K, 64% used [0x0000000580000000,0x000000066b1db150,0x00000006ecb80000)
 Metaspace       used 4303K, capacity 5528K, committed 5760K, reserved 1056768K
  class space    used 467K, capacity 520K, committed 640K, reserved 1048576K
}
Event: 118.726 GC heap before
{Heap before GC invocations=13 (full 3):
 PSYoungGen      total 2097152K, used 568796K [0x0000000700000000, 0x00000007c0000000, 0x00000007c0000000)
  eden space 1048576K, 51% used [0x0000000700000000,0x0000000721357090,0x0000000740000000)
  from space 1048576K, 2% used [0x0000000740000000,0x0000000741820000,0x0000000780000000)
  to   space 1048576K, 0% used [0x0000000780000000,0x0000000780000000,0x00000007c0000000)
 ParOldGen       total 6291456K, used 5137114K [0x0000000580000000, 0x0000000700000000, 0x0000000700000000)
  object space 6291456K, 81% used [0x0000000580000000,0x00000006b98b68a8,0x0000000700000000)
 Metaspace       used 4303K, capacity 5528K, committed 5760K, reserved 1056768K
  class space    used 467K, capacity 520K, committed 640K, reserved 1048576K
Event: 118.749 GC heap after
Heap after GC invocations=13 (full 3):
 PSYoungGen      total 2097152K, used 24672K [0x0000000700000000, 0x00000007c0000000, 0x00000007c0000000)
  eden space 1048576K, 0% used [0x0000000700000000,0x0000000700000000,0x0000000740000000)
  from space 1048576K, 2% used [0x0000000780000000,0x0000000781818000,0x00000007c0000000)
  to   space 1048576K, 0% used [0x0000000740000000,0x0000000740000000,0x0000000780000000)
 ParOldGen       total 6291456K, used 5137114K [0x0000000580000000, 0x0000000700000000, 0x0000000700000000)
  object space 6291456K, 81% used [0x0000000580000000,0x00000006b98b68a8,0x0000000700000000)
 Metaspace       used 4303K, capacity 5528K, committed 5760K, reserved 1056768K
  class space    used 467K, capacity 520K, committed 640K, reserved 1048576K
}
Event: 118.749 GC heap before
{Heap before GC invocations=14 (full 3):
 PSYoungGen      total 2097152K, used 24672K [0x0000000700000000, 0x00000007c0000000, 0x00000007c0000000)
  eden space 1048576K, 0% used [0x0000000700000000,0x0000000700000000,0x0000000740000000)
  from space 1048576K, 2% used [0x0000000780000000,0x0000000781818000,0x00000007c0000000)
  to   space 1048576K, 0% used [0x0000000740000000,0x0000000740000000,0x0000000780000000)
 ParOldGen       total 6291456K, used 5137114K [0x0000000580000000, 0x0000000700000000, 0x0000000700000000)
  object space 6291456K, 81% used [0x0000000580000000,0x00000006b98b68a8,0x0000000700000000)
 Metaspace       used 4303K, capacity 5528K, committed 5760K, reserved 1056768K
  class space    used 467K, capacity 520K, committed 640K, reserved 1048576K
Event: 118.780 GC heap after
Heap after GC invocations=14 (full 3):
 PSYoungGen      total 2097152K, used 0K [0x0000000700000000, 0x00000007c0000000, 0x00000007c0000000)
  eden space 1048576K, 0% used [0x0000000700000000,0x0000000700000000,0x0000000740000000)
  from space 1048576K, 0% used [0x0000000740000000,0x0000000740000000,0x0000000780000000)
  to   space 1048576K, 0% used [0x0000000780000000,0x0000000780000000,0x00000007c0000000)
 ParOldGen       total 6291456K, used 5161810K [0x0000000580000000, 0x0000000700000000, 0x0000000700000000)
  object space 6291456K, 82% used [0x0000000580000000,0x00000006bb0d48a8,0x0000000700000000)
 Metaspace       used 4303K, capacity 5528K, committed 5760K, reserved 1056768K
  class space    used 467K, capacity 520K, committed 640K, reserved 1048576K
}
Event: 118.780 GC heap before
{Heap before GC invocations=15 (full 4):
 PSYoungGen      total 2097152K, used 0K [0x0000000700000000, 0x00000007c0000000, 0x00000007c0000000)
  eden space 1048576K, 0% used [0x0000000700000000,0x0000000700000000,0x0000000740000000)
  from space 1048576K, 0% used [0x0000000740000000,0x0000000740000000,0x0000000780000000)
  to   space 1048576K, 0% used [0x0000000780000000,0x0000000780000000,0x00000007c0000000)
 ParOldGen       total 6291456K, used 5161810K [0x0000000580000000, 0x0000000700000000, 0x0000000700000000)
  object space 6291456K, 82% used [0x0000000580000000,0x00000006bb0d48a8,0x0000000700000000)
 Metaspace       used 4303K, capacity 5528K, committed 5760K, reserved 1056768K
  class space    used 467K, capacity 520K, committed 640K, reserved 1048576K
Event: 119.021 GC heap after
Heap after GC invocations=15 (full 4):
 PSYoungGen      total 2097152K, used 0K [0x0000000700000000, 0x00000007c0000000, 0x00000007c0000000)
  eden space 1048576K, 0% used [0x0000000700000000,0x0000000700000000,0x0000000740000000)
  from space 1048576K, 0% used [0x0000000740000000,0x0000000740000000,0x0000000780000000)
  to   space 1048576K, 0% used [0x0000000780000000,0x0000000780000000,0x00000007c0000000)
 ParOldGen       total 4830208K, used 2801398K [0x0000000580000000, 0x00000006a6d00000, 0x0000000700000000)
  object space 4830208K, 57% used [0x0000000580000000,0x000000062afbd9b8,0x00000006a6d00000)
 Metaspace       used 4303K, capacity 5528K, committed 5760K, reserved 1056768K
  class space    used 467K, capacity 520K, committed 640K, reserved 1048576K
}
Event: 127.330 GC heap before
{Heap before GC invocations=16 (full 5):
 PSYoungGen      total 2097152K, used 1048576K [0x0000000700000000, 0x00000007c0000000, 0x00000007c0000000)
  eden space 1048576K, 100% used [0x0000000700000000,0x0000000740000000,0x0000000740000000)
  from space 1048576K, 0% used [0x0000000740000000,0x0000000740000000,0x0000000780000000)
  to   space 1048576K, 0% used [0x0000000780000000,0x0000000780000000,0x00000007c0000000)
 ParOldGen       total 4830208K, used 4086372K [0x0000000580000000, 0x00000006a6d00000, 0x0000000700000000)
  object space 4830208K, 84% used [0x0000000580000000,0x0000000679699110,0x00000006a6d00000)
 Metaspace       used 4303K, capacity 5528K, committed 5760K, reserved 1056768K
  class space    used 467K, capacity 520K, committed 640K, reserved 1048576K
Event: 127.404 GC heap after
Heap after GC invocations=16 (full 5):
 PSYoungGen      total 2097152K, used 0K [0x0000000700000000, 0x00000007c0000000, 0x00000007c0000000)
  eden space 1048576K, 0% used [0x0000000700000000,0x0000000700000000,0x0000000740000000)
  from space 1048576K, 0% used [0x0000000740000000,0x0000000740000000,0x0000000780000000)
  to   space 1048576K, 0% used [0x0000000780000000,0x0000000780000000,0x00000007c0000000)
 ParOldGen       total 3563008K, used 1516545K [0x0000000580000000, 0x0000000659780000, 0x0000000700000000)
  object space 3563008K, 42% used [0x0000000580000000,0x00000005dc9005e8,0x0000000659780000)
 Metaspace       used 4303K, capacity 5528K, committed 5760K, reserved 1056768K
  class space    used 467K, capacity 520K, committed 640K, reserved 1048576K
}

