# JRE version: Java(TM) SE Runtime Environment (8.0_161-b12) (build 1.8.0_161-b12)
# Java VM: Java HotSpot(TM) 64-Bit Server VM (25.161-b12 mixed mode linux-amd64 compressed oops)
Heap:
 PSYoungGen      total 740352K, used 195375K [0x000000076d300000, 0x00000007be800000, 0x00000007c0000000)
  eden space 677888K, 28% used [0x000000076d300000,0x00000007791cbff8,0x0000000796900000)
  from space 62464K, 0% used [0x0000000796900000,0x0000000796900000,0x000000079a600000)
  to   space 160768K, 0% used [0x00000007b4b00000,0x00000007b4b00000,0x00000007be800000)
 ParOldGen       total 1613312K, used 1613200K [0x00000006c7800000, 0x0000000729f80000, 0x000000076d300000)
  object space 1613312K, 99% used [0x00000006c7800000,0x0000000729f64240,0x0000000729f80000)
 Metaspace       used 4344K, capacity 5528K, committed 5760K, reserved 1056768K
  class space    used 474K, capacity 520K, committed 640K, reserved 1048576K
GC Heap History (10 events):
Event: 50.087 GC heap after
Heap after GC invocations=11 (full 1):
 PSYoungGen      total 683008K, used 5093K [0x000000076d300000, 0x00000007a1e80000, 0x00000007c0000000)
  eden space 677888K, 0% used [0x000000076d300000,0x000000076d300000,0x0000000796900000)
  from space 5120K, 99% used [0x000000079a600000,0x000000079aaf9600,0x000000079ab00000)
  to   space 62464K, 0% used [0x0000000796900000,0x0000000796900000,0x000000079a600000)
 ParOldGen       total 1443840K, used 1442683K [0x00000006c7800000, 0x000000071fa00000, 0x000000076d300000)
  object space 1443840K, 99% used [0x00000006c7800000,0x000000071f8dec38,0x000000071fa00000)
 Metaspace       used 4281K, capacity 5528K, committed 5760K, reserved 1056768K
  class space    used 466K, capacity 520K, committed 640K, reserved 1048576K
}
Event: 50.087 GC heap before
{Heap before GC invocations=12 (full 2):
 PSYoungGen      total 683008K, used 5093K [0x000000076d300000, 0x00000007a1e80000, 0x00000007c0000000)
  eden space 677888K, 0% used [0x000000076d300000,0x000000076d300000,0x0000000796900000)
  from space 5120K, 99% used [0x000000079a600000,0x000000079aaf9600,0x000000079ab00000)
  to   space 62464K, 0% used [0x0000000796900000,0x0000000796900000,0x000000079a600000)
 ParOldGen       total 1443840K, used 1442683K [0x00000006c7800000, 0x000000071fa00000, 0x000000076d300000)
  object space 1443840K, 99% used [0x00000006c7800000,0x000000071f8dec38,0x000000071fa00000)
 Metaspace       used 4281K, capacity 5528K, committed 5760K, reserved 1056768K
  class space    used 466K, capacity 520K, committed 640K, reserved 1048576K
Event: 50.816 GC heap after
Heap after GC invocations=12 (full 2):
 PSYoungGen      total 683008K, used 0K [0x000000076d300000, 0x00000007a1e80000, 0x00000007c0000000)
  eden space 677888K, 0% used [0x000000076d300000,0x000000076d300000,0x0000000796900000)
  from space 5120K, 0% used [0x000000079a600000,0x000000079a600000,0x000000079ab00000)
  to   space 62464K, 0% used [0x0000000796900000,0x0000000796900000,0x000000079a600000)
 ParOldGen       total 1077248K, used 849280K [0x00000006c7800000, 0x0000000709400000, 0x000000076d300000)
  object space 1077248K, 78% used [0x00000006c7800000,0x00000006fb560000,0x0000000709400000)
 Metaspace       used 4281K, capacity 5528K, committed 5760K, reserved 1056768K
  class space    used 466K, capacity 520K, committed 640K, reserved 1048576K
}
Event: 52.241 GC heap before
{Heap before GC invocations=13 (full 2):
 PSYoungGen      total 683008K, used 467306K [0x000000076d300000, 0x00000007a1e80000, 0x00000007c0000000)
  eden space 677888K, 68% used [0x000000076d300000,0x0000000789b5aba0,0x0000000796900000)
  from space 5120K, 0% used [0x000000079a600000,0x000000079a600000,0x000000079ab00000)
  to   space 62464K, 0% used [0x0000000796900000,0x0000000796900000,0x000000079a600000)
 ParOldGen       total 1077248K, used 849280K [0x00000006c7800000, 0x0000000709400000, 0x000000076d300000)
  object space 1077248K, 78% used [0x00000006c7800000,0x00000006fb560000,0x0000000709400000)
 Metaspace       used 4299K, capacity 5528K, committed 5760K, reserved 1056768K
  class space    used 467K, capacity 520K, committed 640K, reserved 1048576K
Event: 52.506 GC heap after
Heap after GC invocations=13 (full 2):
 PSYoungGen      total 740352K, used 62451K [0x000000076d300000, 0x00000007be800000, 0x00000007c0000000)
  eden space 677888K, 0% used [0x000000076d300000,0x000000076d300000,0x0000000796900000)
  from space 62464K, 99% used [0x0000000796900000,0x000000079a5fcc30,0x000000079a600000)
  to   space 160768K, 0% used [0x00000007b4b00000,0x00000007b4b00000,0x00000007be800000)
 ParOldGen       total 1083392K, used 1081632K [0x00000006c7800000, 0x0000000709a00000, 0x000000076d300000)
  object space 1083392K, 99% used [0x00000006c7800000,0x0000000709848000,0x0000000709a00000)
 Metaspace       used 4299K, capacity 5528K, committed 5760K, reserved 1056768K
  class space    used 467K, capacity 520K, committed 640K, reserved 1048576K
}
Event: 52.506 GC heap before
{Heap before GC invocations=14 (full 3):
 PSYoungGen      total 740352K, used 62451K [0x000000076d300000, 0x00000007be800000, 0x00000007c0000000)
  eden space 677888K, 0% used [0x000000076d300000,0x000000076d300000,0x0000000796900000)
  from space 62464K, 99% used [0x0000000796900000,0x000000079a5fcc30,0x000000079a600000)
  to   space 160768K, 0% used [0x00000007b4b00000,0x00000007b4b00000,0x00000007be800000)
 ParOldGen       total 1083392K, used 1081632K [0x00000006c7800000, 0x0000000709a00000, 0x000000076d300000)
  object space 1083392K, 99% used [0x00000006c7800000,0x0000000709848000,0x0000000709a00000)
 Metaspace       used 4299K, capacity 5528K, committed 5760K, reserved 1056768K
  class space    used 467K, capacity 520K, committed 640K, reserved 1048576K
Event: 54.659 GC heap after
Heap after GC invocations=14 (full 3):
 PSYoungGen      total 740352K, used 60343K [0x000000076d300000, 0x00000007be800000, 0x00000007c0000000)
  eden space 677888K, 0% used [0x000000076d300000,0x000000076d300000,0x0000000796900000)
  from space 62464K, 96% used [0x0000000796900000,0x000000079a3edde0,0x000000079a600000)
  to   space 160768K, 0% used [0x00000007b4b00000,0x00000007b4b00000,0x00000007be800000)
 ParOldGen       total 1433600K, used 1079853K [0x00000006c7800000, 0x000000071f000000, 0x000000076d300000)
  object space 1433600K, 75% used [0x00000006c7800000,0x000000070968b7b8,0x000000071f000000)
 Metaspace       used 4299K, capacity 5528K, committed 5760K, reserved 1056768K
  class space    used 467K, capacity 520K, committed 640K, reserved 1048576K
}
Event: 55.258 GC heap before
{Heap before GC invocations=15 (full 3):
 PSYoungGen      total 740352K, used 738231K [0x000000076d300000, 0x00000007be800000, 0x00000007c0000000)
  eden space 677888K, 100% used [0x000000076d300000,0x0000000796900000,0x0000000796900000)
  from space 62464K, 96% used [0x0000000796900000,0x000000079a3edde0,0x000000079a600000)
  to   space 160768K, 0% used [0x00000007b4b00000,0x00000007b4b00000,0x00000007be800000)
 ParOldGen       total 1433600K, used 1079853K [0x00000006c7800000, 0x000000071f000000, 0x000000076d300000)
  object space 1433600K, 75% used [0x00000006c7800000,0x000000070968b7b8,0x000000071f000000)
 Metaspace       used 4344K, capacity 5528K, committed 5760K, reserved 1056768K
  class space    used 474K, capacity 520K, committed 640K, reserved 1048576K
Event: 56.657 GC heap after
Heap after GC invocations=15 (full 3):
 PSYoungGen      total 740352K, used 738231K [0x000000076d300000, 0x00000007be800000, 0x00000007c0000000)
  eden space 677888K, 100% used [0x000000076d300000,0x0000000796900000,0x0000000796900000)
  from space 62464K, 96% used [0x0000000796900000,0x000000079a3edde0,0x000000079a600000)
  to   space 160768K, 99% used [0x00000007b4b00000,0x00000007be7fb010,0x00000007be800000)
 ParOldGen       total 1613312K, used 1612421K [0x00000006c7800000, 0x0000000729f80000, 0x000000076d300000)
  object space 1613312K, 99% used [0x00000006c7800000,0x0000000729ea1538,0x0000000729f80000)
 Metaspace       used 4344K, capacity 5528K, committed 5760K, reserved 1056768K
  class space    used 474K, capacity 520K, committed 640K, reserved 1048576K
}
Event: 56.657 GC heap before
{Heap before GC invocations=16 (full 4):
 PSYoungGen      total 740352K, used 738231K [0x000000076d300000, 0x00000007be800000, 0x00000007c0000000)
  eden space 677888K, 100% used [0x000000076d300000,0x0000000796900000,0x0000000796900000)
  from space 62464K, 96% used [0x0000000796900000,0x000000079a3edde0,0x000000079a600000)
  to   space 160768K, 99% used [0x00000007b4b00000,0x00000007be7fb010,0x00000007be800000)
 ParOldGen       total 1613312K, used 1612421K [0x00000006c7800000, 0x0000000729f80000, 0x000000076d300000)
  object space 1613312K, 99% used [0x00000006c7800000,0x0000000729ea1538,0x0000000729f80000)
 Metaspace       used 4344K, capacity 5528K, committed 5760K, reserved 1056768K
  class space    used 474K, capacity 520K, committed 640K, reserved 1048576K

