# JRE version: Java(TM) SE Runtime Environment (8.0_161-b12) (build 1.8.0_161-b12)
# Java VM: Java HotSpot(TM) 64-Bit Server VM (25.161-b12 mixed mode linux-amd64 compressed oops)
Heap:
 PSYoungGen      total 1042944K, used 38681K [0x000000076d300000, 0x00000007b0b00000, 0x00000007c0000000)
  eden space 985600K, 0% used [0x000000076d300000,0x000000076d300000,0x00000007a9580000)
  from space 57344K, 67% used [0x00000007a9580000,0x00000007abb46770,0x00000007acd80000)
  to   space 56832K, 0% used [0x00000007acd80000,0x00000007acd80000,0x00000007b0500000)
 ParOldGen       total 820736K, used 537422K [0x00000006c7800000, 0x00000006f9980000, 0x000000076d300000)
  object space 820736K, 65% used [0x00000006c7800000,0x00000006e84d3920,0x00000006f9980000)
 Metaspace       used 4574K, capacity 5528K, committed 5760K, reserved 1056768K
  class space    used 497K, capacity 520K, committed 640K, reserved 1048576K
GC Heap History (10 events):
Event: 27.979 GC heap after
Heap after GC invocations=29 (full 3):
 PSYoungGen      total 941568K, used 32826K [0x000000076d300000, 0x00000007aa280000, 0x00000007c0000000)
  eden space 884224K, 0% used [0x000000076d300000,0x000000076d300000,0x00000007a3280000)
  from space 57344K, 57% used [0x00000007a6a00000,0x00000007a8a0e9b0,0x00000007aa200000)
  to   space 56832K, 0% used [0x00000007a3280000,0x00000007a3280000,0x00000007a6a00000)
 ParOldGen       total 820736K, used 528486K [0x00000006c7800000, 0x00000006f9980000, 0x000000076d300000)
  object space 820736K, 64% used [0x00000006c7800000,0x00000006e7c19920,0x00000006f9980000)
 Metaspace       used 4483K, capacity 5528K, committed 5760K, reserved 1056768K
  class space    used 486K, capacity 520K, committed 640K, reserved 1048576K
}
Event: 29.067 GC heap before
{Heap before GC invocations=30 (full 3):
 PSYoungGen      total 941568K, used 917050K [0x000000076d300000, 0x00000007aa280000, 0x00000007c0000000)
  eden space 884224K, 100% used [0x000000076d300000,0x00000007a3280000,0x00000007a3280000)
  from space 57344K, 57% used [0x00000007a6a00000,0x00000007a8a0e9b0,0x00000007aa200000)
  to   space 56832K, 0% used [0x00000007a3280000,0x00000007a3280000,0x00000007a6a00000)
 ParOldGen       total 820736K, used 528486K [0x00000006c7800000, 0x00000006f9980000, 0x000000076d300000)
  object space 820736K, 64% used [0x00000006c7800000,0x00000006e7c19920,0x00000006f9980000)
 Metaspace       used 4483K, capacity 5528K, committed 5760K, reserved 1056768K
  class space    used 486K, capacity 520K, committed 640K, reserved 1048576K
Event: 29.128 GC heap after
Heap after GC invocations=30 (full 3):
 PSYoungGen      total 941056K, used 34010K [0x000000076d300000, 0x00000007acd80000, 0x00000007c0000000)
  eden space 884224K, 0% used [0x000000076d300000,0x000000076d300000,0x00000007a3280000)
  from space 56832K, 59% used [0x00000007a3280000,0x00000007a53b69b0,0x00000007a6a00000)
  to   space 56320K, 0% used [0x00000007a9680000,0x00000007a9680000,0x00000007acd80000)
 ParOldGen       total 820736K, used 530086K [0x00000006c7800000, 0x00000006f9980000, 0x000000076d300000)
  object space 820736K, 64% used [0x00000006c7800000,0x00000006e7da9920,0x00000006f9980000)
 Metaspace       used 4483K, capacity 5528K, committed 5760K, reserved 1056768K
  class space    used 486K, capacity 520K, committed 640K, reserved 1048576K
}
Event: 30.396 GC heap before
{Heap before GC invocations=31 (full 3):
 PSYoungGen      total 941056K, used 918234K [0x000000076d300000, 0x00000007acd80000, 0x00000007c0000000)
  eden space 884224K, 100% used [0x000000076d300000,0x00000007a3280000,0x00000007a3280000)
  from space 56832K, 59% used [0x00000007a3280000,0x00000007a53b69b0,0x00000007a6a00000)
  to   space 56320K, 0% used [0x00000007a9680000,0x00000007a9680000,0x00000007acd80000)
 ParOldGen       total 820736K, used 530086K [0x00000006c7800000, 0x00000006f9980000, 0x000000076d300000)
  object space 820736K, 64% used [0x00000006c7800000,0x00000006e7da9920,0x00000006f9980000)
 Metaspace       used 4483K, capacity 5528K, committed 5760K, reserved 1056768K
  class space    used 486K, capacity 520K, committed 640K, reserved 1048576K
Event: 30.577 GC heap after
Heap after GC invocations=31 (full 3):
 PSYoungGen      total 986624K, used 34970K [0x000000076d300000, 0x00000007ad780000, 0x00000007c0000000)
  eden space 930304K, 0% used [0x000000076d300000,0x000000076d300000,0x00000007a5f80000)
  from space 56320K, 62% used [0x00000007a9680000,0x00000007ab8a69b0,0x00000007acd80000)
  to   space 56320K, 0% used [0x00000007a5f80000,0x00000007a5f80000,0x00000007a9680000)
 ParOldGen       total 820736K, used 531830K [0x00000006c7800000, 0x00000006f9980000, 0x000000076d300000)
  object space 820736K, 64% used [0x00000006c7800000,0x00000006e7f5d920,0x00000006f9980000)
 Metaspace       used 4483K, capacity 5528K, committed 5760K, reserved 1056768K
  class space    used 486K, capacity 520K, committed 640K, reserved 1048576K
}
Event: 32.089 GC heap before
{Heap before GC invocations=32 (full 3):
 PSYoungGen      total 986624K, used 965274K [0x000000076d300000, 0x00000007ad780000, 0x00000007c0000000)
  eden space 930304K, 100% used [0x000000076d300000,0x00000007a5f80000,0x00000007a5f80000)
  from space 56320K, 62% used [0x00000007a9680000,0x00000007ab8a69b0,0x00000007acd80000)
  to   space 56320K, 0% used [0x00000007a5f80000,0x00000007a5f80000,0x00000007a9680000)
 ParOldGen       total 820736K, used 531830K [0x00000006c7800000, 0x00000006f9980000, 0x000000076d300000)
  object space 820736K, 64% used [0x00000006c7800000,0x00000006e7f5d920,0x00000006f9980000)
 Metaspace       used 4574K, capacity 5528K, committed 5760K, reserved 1056768K
  class space    used 497K, capacity 520K, committed 640K, reserved 1048576K
Event: 32.172 GC heap after
Heap after GC invocations=32 (full 3):
 PSYoungGen      total 986624K, used 36250K [0x000000076d300000, 0x00000007b0500000, 0x00000007c0000000)
  eden space 930304K, 0% used [0x000000076d300000,0x000000076d300000,0x00000007a5f80000)
  from space 56320K, 64% used [0x00000007a5f80000,0x00000007a82e69b0,0x00000007a9680000)
  to   space 56832K, 0% used [0x00000007acd80000,0x00000007acd80000,0x00000007b0500000)
 ParOldGen       total 820736K, used 533582K [0x00000006c7800000, 0x00000006f9980000, 0x000000076d300000)
  object space 820736K, 65% used [0x00000006c7800000,0x00000006e8113920,0x00000006f9980000)
 Metaspace       used 4574K, capacity 5528K, committed 5760K, reserved 1056768K
  class space    used 497K, capacity 520K, committed 640K, reserved 1048576K
}
Event: 33.601 GC heap before
{Heap before GC invocations=33 (full 3):
 PSYoungGen      total 986624K, used 966554K [0x000000076d300000, 0x00000007b0500000, 0x00000007c0000000)
  eden space 930304K, 100% used [0x000000076d300000,0x00000007a5f80000,0x00000007a5f80000)
  from space 56320K, 64% used [0x00000007a5f80000,0x00000007a82e69b0,0x00000007a9680000)
  to   space 56832K, 0% used [0x00000007acd80000,0x00000007acd80000,0x00000007b0500000)
 ParOldGen       total 820736K, used 533582K [0x00000006c7800000, 0x00000006f9980000, 0x000000076d300000)
  object space 820736K, 65% used [0x00000006c7800000,0x00000006e8113920,0x00000006f9980000)
 Metaspace       used 4574K, capacity 5528K, committed 5760K, reserved 1056768K
  class space    used 497K, capacity 520K, committed 640K, reserved 1048576K
Event: 33.784 GC heap after
Heap after GC invocations=33 (full 3):
 PSYoungGen      total 1042432K, used 37210K [0x000000076d300000, 0x00000007b0b00000, 0x00000007c0000000)
  eden space 985600K, 0% used [0x000000076d300000,0x000000076d300000,0x00000007a9580000)
  from space 56832K, 65% used [0x00000007acd80000,0x00000007af1d69b0,0x00000007b0500000)
  to   space 57344K, 0% used [0x00000007a9580000,0x00000007a9580000,0x00000007acd80000)
 ParOldGen       total 820736K, used 535502K [0x00000006c7800000, 0x00000006f9980000, 0x000000076d300000)
  object space 820736K, 65% used [0x00000006c7800000,0x00000006e82f3920,0x00000006f9980000)
 Metaspace       used 4574K, capacity 5528K, committed 5760K, reserved 1056768K
  class space    used 497K, capacity 520K, committed 640K, reserved 1048576K
}
Event: 36.159 GC heap before
{Heap before GC invocations=34 (full 3):
 PSYoungGen      total 1042432K, used 1022810K [0x000000076d300000, 0x00000007b0b00000, 0x00000007c0000000)
  eden space 985600K, 100% used [0x000000076d300000,0x00000007a9580000,0x00000007a9580000)
  from space 56832K, 65% used [0x00000007acd80000,0x00000007af1d69b0,0x00000007b0500000)
  to   space 57344K, 0% used [0x00000007a9580000,0x00000007a9580000,0x00000007acd80000)
 ParOldGen       total 820736K, used 535502K [0x00000006c7800000, 0x00000006f9980000, 0x000000076d300000)
  object space 820736K, 65% used [0x00000006c7800000,0x00000006e82f3920,0x00000006f9980000)
 Metaspace       used 4574K, capacity 5528K, committed 5760K, reserved 1056768K
  class space    used 497K, capacity 520K, committed 640K, reserved 1048576K

