# JRE version: Java(TM) SE Runtime Environment (8.0_161-b12) (build 1.8.0_161-b12)
# Java VM: Java HotSpot(TM) 64-Bit Server VM (25.161-b12 mixed mode linux-amd64 compressed oops)
Heap:
 PSYoungGen      total 783360K, used 8241K [0x000000076d300000, 0x00000007b1c00000, 0x00000007c0000000)
  eden space 475136K, 0% used [0x000000076d300000,0x000000076d300000,0x000000078a300000)
  from space 308224K, 2% used [0x000000078a300000,0x000000078ab0c7e8,0x000000079d000000)
  to   space 298496K, 0% used [0x000000079f880000,0x000000079f880000,0x00000007b1c00000)
 ParOldGen       total 2148864K, used 2148480K [0x00000006c7800000, 0x000000074aa80000, 0x000000076d300000)
  object space 2148864K, 99% used [0x00000006c7800000,0x000000074aa203c8,0x000000074aa80000)
 Metaspace       used 4269K, capacity 5464K, committed 5760K, reserved 1056768K
  class space    used 465K, capacity 520K, committed 640K, reserved 1048576K
GC Heap History (10 events):
Event: 33.466 GC heap after
Heap after GC invocations=67 (full 6):
 PSYoungGen      total 676352K, used 204625K [0x000000076d300000, 0x00000007ab700000, 0x00000007c0000000)
  eden space 402432K, 0% used [0x000000076d300000,0x000000076d300000,0x0000000785c00000)
  from space 273920K, 74% used [0x0000000785c00000,0x00000007923d4518,0x0000000796780000)
  to   space 288256K, 0% used [0x0000000799d80000,0x0000000799d80000,0x00000007ab700000)
 ParOldGen       total 2148864K, used 1741250K [0x00000006c7800000, 0x000000074aa80000, 0x000000076d300000)
  object space 2148864K, 81% used [0x00000006c7800000,0x0000000731c70978,0x000000074aa80000)
 Metaspace       used 4269K, capacity 5464K, committed 5760K, reserved 1056768K
  class space    used 465K, capacity 520K, committed 640K, reserved 1048576K
}
Event: 33.746 GC heap before
{Heap before GC invocations=68 (full 6):
 PSYoungGen      total 676352K, used 607057K [0x000000076d300000, 0x00000007ab700000, 0x00000007c0000000)
  eden space 402432K, 100% used [0x000000076d300000,0x0000000785c00000,0x0000000785c00000)
  from space 273920K, 74% used [0x0000000785c00000,0x00000007923d4518,0x0000000796780000)
  to   space 288256K, 0% used [0x0000000799d80000,0x0000000799d80000,0x00000007ab700000)
 ParOldGen       total 2148864K, used 1741250K [0x00000006c7800000, 0x000000074aa80000, 0x000000076d300000)
  object space 2148864K, 81% used [0x00000006c7800000,0x0000000731c70978,0x000000074aa80000)
 Metaspace       used 4269K, capacity 5464K, committed 5760K, reserved 1056768K
  class space    used 465K, capacity 520K, committed 640K, reserved 1048576K
Event: 33.899 GC heap after
Heap after GC invocations=68 (full 6):
 PSYoungGen      total 722432K, used 200625K [0x000000076d300000, 0x00000007aca00000, 0x00000007c0000000)
  eden space 434176K, 0% used [0x000000076d300000,0x000000076d300000,0x0000000787b00000)
  from space 288256K, 69% used [0x0000000799d80000,0x00000007a616c518,0x00000007ab700000)
  to   space 297472K, 0% used [0x0000000787b00000,0x0000000787b00000,0x0000000799d80000)
 ParOldGen       total 2148864K, used 1790810K [0x00000006c7800000, 0x000000074aa80000, 0x000000076d300000)
  object space 2148864K, 83% used [0x00000006c7800000,0x0000000734cd6978,0x000000074aa80000)
 Metaspace       used 4269K, capacity 5464K, committed 5760K, reserved 1056768K
  class space    used 465K, capacity 520K, committed 640K, reserved 1048576K
}
Event: 34.197 GC heap before
{Heap before GC invocations=69 (full 6):
 PSYoungGen      total 722432K, used 634801K [0x000000076d300000, 0x00000007aca00000, 0x00000007c0000000)
  eden space 434176K, 100% used [0x000000076d300000,0x0000000787b00000,0x0000000787b00000)
  from space 288256K, 69% used [0x0000000799d80000,0x00000007a616c518,0x00000007ab700000)
  to   space 297472K, 0% used [0x0000000787b00000,0x0000000787b00000,0x0000000799d80000)
 ParOldGen       total 2148864K, used 1790810K [0x00000006c7800000, 0x000000074aa80000, 0x000000076d300000)
  object space 2148864K, 83% used [0x00000006c7800000,0x0000000734cd6978,0x000000074aa80000)
 Metaspace       used 4269K, capacity 5464K, committed 5760K, reserved 1056768K
  class space    used 465K, capacity 520K, committed 640K, reserved 1048576K
Event: 34.340 GC heap after
Heap after GC invocations=69 (full 6):
 PSYoungGen      total 731648K, used 199441K [0x000000076d300000, 0x00000007af880000, 0x00000007c0000000)
  eden space 434176K, 0% used [0x000000076d300000,0x000000076d300000,0x0000000787b00000)
  from space 297472K, 67% used [0x0000000787b00000,0x0000000793dc4518,0x0000000799d80000)
  to   space 303616K, 0% used [0x000000079d000000,0x000000079d000000,0x00000007af880000)
 ParOldGen       total 2148864K, used 1840170K [0x00000006c7800000, 0x000000074aa80000, 0x000000076d300000)
  object space 2148864K, 85% used [0x00000006c7800000,0x0000000737d0a978,0x000000074aa80000)
 Metaspace       used 4269K, capacity 5464K, committed 5760K, reserved 1056768K
  class space    used 465K, capacity 520K, committed 640K, reserved 1048576K
}
Event: 34.629 GC heap before
{Heap before GC invocations=70 (full 6):
 PSYoungGen      total 731648K, used 633617K [0x000000076d300000, 0x00000007af880000, 0x00000007c0000000)
  eden space 434176K, 100% used [0x000000076d300000,0x0000000787b00000,0x0000000787b00000)
  from space 297472K, 67% used [0x0000000787b00000,0x0000000793dc4518,0x0000000799d80000)
  to   space 303616K, 0% used [0x000000079d000000,0x000000079d000000,0x00000007af880000)
 ParOldGen       total 2148864K, used 1840170K [0x00000006c7800000, 0x000000074aa80000, 0x000000076d300000)
  object space 2148864K, 85% used [0x00000006c7800000,0x0000000737d0a978,0x000000074aa80000)
 Metaspace       used 4269K, capacity 5464K, committed 5760K, reserved 1056768K
  class space    used 465K, capacity 520K, committed 640K, reserved 1048576K
Event: 34.815 GC heap after
Heap after GC invocations=70 (full 6):
 PSYoungGen      total 778752K, used 202705K [0x000000076d300000, 0x00000007b0280000, 0x00000007c0000000)
  eden space 475136K, 0% used [0x000000076d300000,0x000000076d300000,0x000000078a300000)
  from space 303616K, 66% used [0x000000079d000000,0x00000007a95f4518,0x00000007af880000)
  to   space 308224K, 0% used [0x000000078a300000,0x000000078a300000,0x000000079d000000)
 ParOldGen       total 2148864K, used 1893874K [0x00000006c7800000, 0x000000074aa80000, 0x000000076d300000)
  object space 2148864K, 88% used [0x00000006c7800000,0x000000073b17c978,0x000000074aa80000)
 Metaspace       used 4269K, capacity 5464K, committed 5760K, reserved 1056768K
  class space    used 465K, capacity 520K, committed 640K, reserved 1048576K
}
Event: 35.161 GC heap before
{Heap before GC invocations=71 (full 6):
 PSYoungGen      total 778752K, used 677841K [0x000000076d300000, 0x00000007b0280000, 0x00000007c0000000)
  eden space 475136K, 99% used [0x000000076d300000,0x000000078a2fffd0,0x000000078a300000)
  from space 303616K, 66% used [0x000000079d000000,0x00000007a95f4518,0x00000007af880000)
  to   space 308224K, 0% used [0x000000078a300000,0x000000078a300000,0x000000079d000000)
 ParOldGen       total 2148864K, used 1893874K [0x00000006c7800000, 0x000000074aa80000, 0x000000076d300000)
  object space 2148864K, 88% used [0x00000006c7800000,0x000000073b17c978,0x000000074aa80000)
 Metaspace       used 4269K, capacity 5464K, committed 5760K, reserved 1056768K
  class space    used 465K, capacity 520K, committed 640K, reserved 1048576K
Event: 35.349 GC heap after
Heap after GC invocations=71 (full 6):
 PSYoungGen      total 783360K, used 167008K [0x000000076d300000, 0x00000007b1c00000, 0x00000007c0000000)
  eden space 475136K, 0% used [0x000000076d300000,0x000000076d300000,0x000000078a300000)
  from space 308224K, 54% used [0x000000078a300000,0x0000000794618000,0x000000079d000000)
  to   space 298496K, 0% used [0x000000079f880000,0x000000079f880000,0x00000007b1c00000)
 ParOldGen       total 2148864K, used 1992131K [0x00000006c7800000, 0x000000074aa80000, 0x000000076d300000)
  object space 2148864K, 92% used [0x00000006c7800000,0x0000000741170e90,0x000000074aa80000)
 Metaspace       used 4269K, capacity 5464K, committed 5760K, reserved 1056768K
  class space    used 465K, capacity 520K, committed 640K, reserved 1048576K
}
Event: 35.349 GC heap before
{Heap before GC invocations=72 (full 7):
 PSYoungGen      total 783360K, used 167008K [0x000000076d300000, 0x00000007b1c00000, 0x00000007c0000000)
  eden space 475136K, 0% used [0x000000076d300000,0x000000076d300000,0x000000078a300000)
  from space 308224K, 54% used [0x000000078a300000,0x0000000794618000,0x000000079d000000)
  to   space 298496K, 0% used [0x000000079f880000,0x000000079f880000,0x00000007b1c00000)
 ParOldGen       total 2148864K, used 1992131K [0x00000006c7800000, 0x000000074aa80000, 0x000000076d300000)
  object space 2148864K, 92% used [0x00000006c7800000,0x0000000741170e90,0x000000074aa80000)
 Metaspace       used 4269K, capacity 5464K, committed 5760K, reserved 1056768K
  class space    used 465K, capacity 520K, committed 640K, reserved 1048576K

