# JRE version: Java(TM) SE Runtime Environment (8.0_161-b12) (build 1.8.0_161-b12)
# Java VM: Java HotSpot(TM) 64-Bit Server VM (25.161-b12 mixed mode linux-amd64 compressed oops)
Heap:
 PSYoungGen      total 3363840K, used 3088669K [0x00000006eab00000, 0x00000007c0000000, 0x00000007c0000000)
  eden space 3232768K, 95% used [0x00000006eab00000,0x00000007a7347598,0x00000007b0000000)
  from space 131072K, 0% used [0x00000007b8000000,0x00000007b8000000,0x00000007c0000000)
  to   space 131072K, 0% used [0x00000007b0000000,0x00000007b0008000,0x00000007b8000000)
 ParOldGen       total 3533312K, used 2274184K [0x0000000540000000, 0x0000000617a80000, 0x00000006eab00000)
  object space 3533312K, 64% used [0x0000000540000000,0x00000005cace2118,0x0000000617a80000)
 Metaspace       used 4308K, capacity 5528K, committed 5760K, reserved 1056768K
  class space    used 467K, capacity 520K, committed 640K, reserved 1048576K
GC Heap History (10 events):
Event: 29.713 GC heap after
Heap after GC invocations=6 (full 2):
 PSYoungGen      total 2810880K, used 0K [0x00000006eab00000, 0x00000007b2c00000, 0x00000007c0000000)
  eden space 2809856K, 0% used [0x00000006eab00000,0x00000006eab00000,0x0000000796300000)
  from space 1024K, 0% used [0x00000007b2b00000,0x00000007b2b00000,0x00000007b2c00000)
  to   space 131072K, 0% used [0x00000007a2c00000,0x00000007a2c00000,0x00000007aac00000)
 ParOldGen       total 2744320K, used 380067K [0x0000000540000000, 0x00000005e7800000, 0x00000006eab00000)
  object space 2744320K, 13% used [0x0000000540000000,0x0000000557328c48,0x00000005e7800000)
 Metaspace       used 4302K, capacity 5528K, committed 5760K, reserved 1056768K
  class space    used 467K, capacity 520K, committed 640K, reserved 1048576K
}
Event: 57.035 GC heap before
{Heap before GC invocations=7 (full 2):
 PSYoungGen      total 2810880K, used 2345024K [0x00000006eab00000, 0x00000007b2c00000, 0x00000007c0000000)
  eden space 2809856K, 83% used [0x00000006eab00000,0x0000000779d10228,0x0000000796300000)
  from space 1024K, 0% used [0x00000007b2b00000,0x00000007b2b00000,0x00000007b2c00000)
  to   space 131072K, 0% used [0x00000007a2c00000,0x00000007a2c00000,0x00000007aac00000)
 ParOldGen       total 2744320K, used 380067K [0x0000000540000000, 0x00000005e7800000, 0x00000006eab00000)
  object space 2744320K, 13% used [0x0000000540000000,0x0000000557328c48,0x00000005e7800000)
 Metaspace       used 4307K, capacity 5528K, committed 5760K, reserved 1056768K
  class space    used 467K, capacity 520K, committed 640K, reserved 1048576K
Event: 57.396 GC heap after
Heap after GC invocations=7 (full 2):
 PSYoungGen      total 3146752K, used 64K [0x00000006eab00000, 0x00000007c0000000, 0x00000007c0000000)
  eden space 3015680K, 0% used [0x00000006eab00000,0x00000006eab00000,0x00000007a2c00000)
  from space 131072K, 0% used [0x00000007a2c00000,0x00000007a2c10000,0x00000007aac00000)
  to   space 131072K, 0% used [0x00000007b8000000,0x00000007b8000000,0x00000007c0000000)
 ParOldGen       total 2744320K, used 1895587K [0x0000000540000000, 0x00000005e7800000, 0x00000006eab00000)
  object space 2744320K, 69% used [0x0000000540000000,0x00000005b3b28c68,0x00000005e7800000)
 Metaspace       used 4307K, capacity 5528K, committed 5760K, reserved 1056768K
  class space    used 467K, capacity 520K, committed 640K, reserved 1048576K
}
Event: 57.396 GC heap before
{Heap before GC invocations=8 (full 3):
 PSYoungGen      total 3146752K, used 64K [0x00000006eab00000, 0x00000007c0000000, 0x00000007c0000000)
  eden space 3015680K, 0% used [0x00000006eab00000,0x00000006eab00000,0x00000007a2c00000)
  from space 131072K, 0% used [0x00000007a2c00000,0x00000007a2c10000,0x00000007aac00000)
  to   space 131072K, 0% used [0x00000007b8000000,0x00000007b8000000,0x00000007c0000000)
 ParOldGen       total 2744320K, used 1895587K [0x0000000540000000, 0x00000005e7800000, 0x00000006eab00000)
  object space 2744320K, 69% used [0x0000000540000000,0x00000005b3b28c68,0x00000005e7800000)
 Metaspace       used 4307K, capacity 5528K, committed 5760K, reserved 1056768K
  class space    used 467K, capacity 520K, committed 640K, reserved 1048576K
Event: 57.521 GC heap after
Heap after GC invocations=8 (full 3):
 PSYoungGen      total 3146752K, used 0K [0x00000006eab00000, 0x00000007c0000000, 0x00000007c0000000)
  eden space 3015680K, 0% used [0x00000006eab00000,0x00000006eab00000,0x00000007a2c00000)
  from space 131072K, 0% used [0x00000007a2c00000,0x00000007a2c00000,0x00000007aac00000)
  to   space 131072K, 0% used [0x00000007b8000000,0x00000007b8000000,0x00000007c0000000)
 ParOldGen       total 3533312K, used 758663K [0x0000000540000000, 0x0000000617a80000, 0x00000006eab00000)
  object space 3533312K, 21% used [0x0000000540000000,0x000000056e4e1f10,0x0000000617a80000)
 Metaspace       used 4307K, capacity 5528K, committed 5760K, reserved 1056768K
  class space    used 467K, capacity 520K, committed 640K, reserved 1048576K
}
Event: 58.776 GC heap before
{Heap before GC invocations=9 (full 3):
 PSYoungGen      total 3146752K, used 1972264K [0x00000006eab00000, 0x00000007c0000000, 0x00000007c0000000)
  eden space 3015680K, 65% used [0x00000006eab00000,0x000000076310a268,0x00000007a2c00000)
  from space 131072K, 0% used [0x00000007a2c00000,0x00000007a2c00000,0x00000007aac00000)
  to   space 131072K, 0% used [0x00000007b8000000,0x00000007b8000000,0x00000007c0000000)
 ParOldGen       total 3533312K, used 758663K [0x0000000540000000, 0x0000000617a80000, 0x00000006eab00000)
  object space 3533312K, 21% used [0x0000000540000000,0x000000056e4e1f10,0x0000000617a80000)
 Metaspace       used 4308K, capacity 5528K, committed 5760K, reserved 1056768K
  class space    used 467K, capacity 520K, committed 640K, reserved 1048576K
Event: 58.872 GC heap after
Heap after GC invocations=9 (full 3):
 PSYoungGen      total 3363840K, used 64K [0x00000006eab00000, 0x00000007c0000000, 0x00000007c0000000)
  eden space 3232768K, 0% used [0x00000006eab00000,0x00000006eab00000,0x00000007b0000000)
  from space 131072K, 0% used [0x00000007b8000000,0x00000007b8010000,0x00000007c0000000)
  to   space 131072K, 0% used [0x00000007b0000000,0x00000007b0000000,0x00000007b8000000)
 ParOldGen       total 3533312K, used 1391999K [0x0000000540000000, 0x0000000617a80000, 0x00000006eab00000)
  object space 3533312K, 39% used [0x0000000540000000,0x0000000594f5fc98,0x0000000617a80000)
 Metaspace       used 4308K, capacity 5528K, committed 5760K, reserved 1056768K
  class space    used 467K, capacity 520K, committed 640K, reserved 1048576K
}
Event: 58.872 GC heap before
{Heap before GC invocations=10 (full 4):
 PSYoungGen      total 3363840K, used 64K [0x00000006eab00000, 0x00000007c0000000, 0x00000007c0000000)
  eden space 3232768K, 0% used [0x00000006eab00000,0x00000006eab00000,0x00000007b0000000)
  from space 131072K, 0% used [0x00000007b8000000,0x00000007b8010000,0x00000007c0000000)
  to   space 131072K, 0% used [0x00000007b0000000,0x00000007b0000000,0x00000007b8000000)
 ParOldGen       total 3533312K, used 1391999K [0x0000000540000000, 0x0000000617a80000, 0x00000006eab00000)
  object space 3533312K, 39% used [0x0000000540000000,0x0000000594f5fc98,0x0000000617a80000)
 Metaspace       used 4308K, capacity 5528K, committed 5760K, reserved 1056768K
  class space    used 467K, capacity 520K, committed 640K, reserved 1048576K
Event: 58.882 GC heap after
Heap after GC invocations=10 (full 4):
 PSYoungGen      total 3363840K, used 0K [0x00000006eab00000, 0x00000007c0000000, 0x00000007c0000000)
  eden space 3232768K, 0% used [0x00000006eab00000,0x00000006eab00000,0x00000007b0000000)
  from space 131072K, 0% used [0x00000007b8000000,0x00000007b8000000,0x00000007c0000000)
  to   space 131072K, 0% used [0x00000007b0000000,0x00000007b0000000,0x00000007b8000000)
 ParOldGen       total 3533312K, used 758664K [0x0000000540000000, 0x0000000617a80000, 0x00000006eab00000)
  object space 3533312K, 21% used [0x0000000540000000,0x000000056e4e2108,0x0000000617a80000)
 Metaspace       used 4308K, capacity 5528K, committed 5760K, reserved 1056768K
  class space    used 467K, capacity 520K, committed 640K, reserved 1048576K
}
Event: 86.924 GC heap before
{Heap before GC invocations=11 (full 4):
 PSYoungGen      total 3363840K, used 3088669K [0x00000006eab00000, 0x00000007c0000000, 0x00000007c0000000)
  eden space 3232768K, 95% used [0x00000006eab00000,0x00000007a7347598,0x00000007b0000000)
  from space 131072K, 0% used [0x00000007b8000000,0x00000007b8000000,0x00000007c0000000)
  to   space 131072K, 0% used [0x00000007b0000000,0x00000007b0000000,0x00000007b8000000)
 ParOldGen       total 3533312K, used 758664K [0x0000000540000000, 0x0000000617a80000, 0x00000006eab00000)
  object space 3533312K, 21% used [0x0000000540000000,0x000000056e4e2108,0x0000000617a80000)
 Metaspace       used 4308K, capacity 5528K, committed 5760K, reserved 1056768K
  class space    used 467K, capacity 520K, committed 640K, reserved 1048576K

