# JRE version: Java(TM) SE Runtime Environment (8.0_161-b12) (build 1.8.0_161-b12)
# Java VM: Java HotSpot(TM) 64-Bit Server VM (25.161-b12 mixed mode linux-amd64 compressed oops)
Heap:
 PSYoungGen      total 2850304K, used 32K [0x0000000700000000, 0x00000007b7a80000, 0x00000007c0000000)
  eden space 2775552K, 0% used [0x0000000700000000,0x0000000700000000,0x00000007a9680000)
  from space 74752K, 0% used [0x00000007ae880000,0x00000007ae888000,0x00000007b3180000)
  to   space 512K, 0% used [0x00000007b7a00000,0x00000007b7a00000,0x00000007b7a80000)
 ParOldGen       total 3710464K, used 2274184K [0x0000000580000000, 0x0000000662780000, 0x0000000700000000)
  object space 3710464K, 61% used [0x0000000580000000,0x000000060ace2110,0x0000000662780000)
 Metaspace       used 4310K, capacity 5528K, committed 5760K, reserved 1056768K
  class space    used 467K, capacity 520K, committed 640K, reserved 1048576K
GC Heap History (10 events):
Event: 47.229 GC heap after
Heap after GC invocations=7 (full 1):
 PSYoungGen      total 1748992K, used 32K [0x0000000700000000, 0x00000007ba800000, 0x00000007c0000000)
  eden space 1617920K, 0% used [0x0000000700000000,0x0000000700000000,0x0000000762c00000)
  from space 131072K, 0% used [0x0000000768000000,0x0000000768008000,0x0000000770000000)
  to   space 86016K, 0% used [0x0000000762c00000,0x0000000762c00000,0x0000000768000000)
 ParOldGen       total 2097152K, used 1137827K [0x0000000580000000, 0x0000000600000000, 0x0000000700000000)
  object space 2097152K, 54% used [0x0000000580000000,0x00000005c5728ca0,0x0000000600000000)
 Metaspace       used 4309K, capacity 5528K, committed 5760K, reserved 1056768K
  class space    used 467K, capacity 520K, committed 640K, reserved 1048576K
}
Event: 61.284 GC heap before
{Heap before GC invocations=8 (full 1):
 PSYoungGen      total 1748992K, used 1430216K [0x0000000700000000, 0x00000007ba800000, 0x00000007c0000000)
  eden space 1617920K, 88% used [0x0000000700000000,0x00000007574aa3f8,0x0000000762c00000)
  from space 131072K, 0% used [0x0000000768000000,0x0000000768008000,0x0000000770000000)
  to   space 86016K, 0% used [0x0000000762c00000,0x0000000762c00000,0x0000000768000000)
 ParOldGen       total 2097152K, used 1137827K [0x0000000580000000, 0x0000000600000000, 0x0000000700000000)
  object space 2097152K, 54% used [0x0000000580000000,0x00000005c5728ca0,0x0000000600000000)
 Metaspace       used 4309K, capacity 5528K, committed 5760K, reserved 1056768K
  class space    used 467K, capacity 520K, committed 640K, reserved 1048576K
Event: 61.626 GC heap after
Heap after GC invocations=8 (full 1):
 PSYoungGen      total 1703936K, used 32K [0x0000000700000000, 0x00000007bc800000, 0x00000007c0000000)
  eden space 1617920K, 0% used [0x0000000700000000,0x0000000700000000,0x0000000762c00000)
  from space 86016K, 0% used [0x0000000762c00000,0x0000000762c08000,0x0000000768000000)
  to   space 79872K, 0% used [0x00000007b7a00000,0x00000007b7a00000,0x00000007bc800000)
 ParOldGen       total 2730496K, used 2404497K [0x0000000580000000, 0x0000000626a80000, 0x0000000700000000)
  object space 2730496K, 88% used [0x0000000580000000,0x0000000612c247b0,0x0000000626a80000)
 Metaspace       used 4309K, capacity 5528K, committed 5760K, reserved 1056768K
  class space    used 467K, capacity 520K, committed 640K, reserved 1048576K
}
Event: 61.626 GC heap before
{Heap before GC invocations=9 (full 2):
 PSYoungGen      total 1703936K, used 32K [0x0000000700000000, 0x00000007bc800000, 0x00000007c0000000)
  eden space 1617920K, 0% used [0x0000000700000000,0x0000000700000000,0x0000000762c00000)
  from space 86016K, 0% used [0x0000000762c00000,0x0000000762c08000,0x0000000768000000)
  to   space 79872K, 0% used [0x00000007b7a00000,0x00000007b7a00000,0x00000007bc800000)
 ParOldGen       total 2730496K, used 2404497K [0x0000000580000000, 0x0000000626a80000, 0x0000000700000000)
  object space 2730496K, 88% used [0x0000000580000000,0x0000000612c247b0,0x0000000626a80000)
 Metaspace       used 4309K, capacity 5528K, committed 5760K, reserved 1056768K
  class space    used 467K, capacity 520K, committed 640K, reserved 1048576K
Event: 61.851 GC heap after
Heap after GC invocations=9 (full 2):
 PSYoungGen      total 1703936K, used 0K [0x0000000700000000, 0x00000007bc800000, 0x00000007c0000000)
  eden space 1617920K, 0% used [0x0000000700000000,0x0000000700000000,0x0000000762c00000)
  from space 86016K, 0% used [0x0000000762c00000,0x0000000762c00000,0x0000000768000000)
  to   space 79872K, 0% used [0x00000007b7a00000,0x00000007b7a00000,0x00000007bc800000)
 ParOldGen       total 3710464K, used 1391999K [0x0000000580000000, 0x0000000662780000, 0x0000000700000000)
  object space 3710464K, 37% used [0x0000000580000000,0x00000005d4f5fd48,0x0000000662780000)
 Metaspace       used 4309K, capacity 5528K, committed 5760K, reserved 1056768K
  class space    used 467K, capacity 520K, committed 640K, reserved 1048576K
}
Event: 62.823 GC heap before
{Heap before GC invocations=10 (full 2):
 PSYoungGen      total 1703936K, used 1337101K [0x0000000700000000, 0x00000007bc800000, 0x00000007c0000000)
  eden space 1617920K, 82% used [0x0000000700000000,0x00000007519c35c0,0x0000000762c00000)
  from space 86016K, 0% used [0x0000000762c00000,0x0000000762c00000,0x0000000768000000)
  to   space 79872K, 0% used [0x00000007b7a00000,0x00000007b7a00000,0x00000007bc800000)
 ParOldGen       total 3710464K, used 1391999K [0x0000000580000000, 0x0000000662780000, 0x0000000700000000)
  object space 3710464K, 37% used [0x0000000580000000,0x00000005d4f5fd48,0x0000000662780000)
 Metaspace       used 4310K, capacity 5528K, committed 5760K, reserved 1056768K
  class space    used 467K, capacity 520K, committed 640K, reserved 1048576K
Event: 62.913 GC heap after
Heap after GC invocations=10 (full 2):
 PSYoungGen      total 2776064K, used 64K [0x0000000700000000, 0x00000007b7a80000, 0x00000007c0000000)
  eden space 2775552K, 0% used [0x0000000700000000,0x0000000700000000,0x00000007a9680000)
  from space 512K, 12% used [0x00000007b7a00000,0x00000007b7a10000,0x00000007b7a80000)
  to   space 74752K, 0% used [0x00000007ae880000,0x00000007ae880000,0x00000007b3180000)
 ParOldGen       total 3710464K, used 2025334K [0x0000000580000000, 0x0000000662780000, 0x0000000700000000)
  object space 3710464K, 54% used [0x0000000580000000,0x00000005fb9ddad0,0x0000000662780000)
 Metaspace       used 4310K, capacity 5528K, committed 5760K, reserved 1056768K
  class space    used 467K, capacity 520K, committed 640K, reserved 1048576K
}
Event: 62.913 GC heap before
{Heap before GC invocations=11 (full 3):
 PSYoungGen      total 2776064K, used 64K [0x0000000700000000, 0x00000007b7a80000, 0x00000007c0000000)
  eden space 2775552K, 0% used [0x0000000700000000,0x0000000700000000,0x00000007a9680000)
  from space 512K, 12% used [0x00000007b7a00000,0x00000007b7a10000,0x00000007b7a80000)
  to   space 74752K, 0% used [0x00000007ae880000,0x00000007ae880000,0x00000007b3180000)
 ParOldGen       total 3710464K, used 2025334K [0x0000000580000000, 0x0000000662780000, 0x0000000700000000)
  object space 3710464K, 54% used [0x0000000580000000,0x00000005fb9ddad0,0x0000000662780000)
 Metaspace       used 4310K, capacity 5528K, committed 5760K, reserved 1056768K
  class space    used 467K, capacity 520K, committed 640K, reserved 1048576K
Event: 62.925 GC heap after
Heap after GC invocations=11 (full 3):
 PSYoungGen      total 2776064K, used 0K [0x0000000700000000, 0x00000007b7a80000, 0x00000007c0000000)
  eden space 2775552K, 0% used [0x0000000700000000,0x0000000700000000,0x00000007a9680000)
  from space 512K, 0% used [0x00000007b7a00000,0x00000007b7a00000,0x00000007b7a80000)
  to   space 74752K, 0% used [0x00000007ae880000,0x00000007ae880000,0x00000007b3180000)
 ParOldGen       total 3710464K, used 758664K [0x0000000580000000, 0x0000000662780000, 0x0000000700000000)
  object space 3710464K, 20% used [0x0000000580000000,0x00000005ae4e2100,0x0000000662780000)
 Metaspace       used 4310K, capacity 5528K, committed 5760K, reserved 1056768K
  class space    used 467K, capacity 520K, committed 640K, reserved 1048576K
}
Event: 89.210 GC heap before
{Heap before GC invocations=12 (full 3):
 PSYoungGen      total 2776064K, used 2775552K [0x0000000700000000, 0x00000007b7a80000, 0x00000007c0000000)
  eden space 2775552K, 100% used [0x0000000700000000,0x00000007a9680000,0x00000007a9680000)
  from space 512K, 0% used [0x00000007b7a00000,0x00000007b7a00000,0x00000007b7a80000)
  to   space 74752K, 0% used [0x00000007ae880000,0x00000007ae880000,0x00000007b3180000)
 ParOldGen       total 3710464K, used 758664K [0x0000000580000000, 0x0000000662780000, 0x0000000700000000)
  object space 3710464K, 20% used [0x0000000580000000,0x00000005ae4e2100,0x0000000662780000)
 Metaspace       used 4310K, capacity 5528K, committed 5760K, reserved 1056768K
  class space    used 467K, capacity 520K, committed 640K, reserved 1048576K

