# JRE version: Java(TM) SE Runtime Environment (8.0_161-b12) (build 1.8.0_161-b12)
# Java VM: Java HotSpot(TM) 64-Bit Server VM (25.161-b12 mixed mode linux-amd64 compressed oops)
Heap:
 PSYoungGen      total 1631744K, used 527712K [0x00000006eab00000, 0x0000000784580000, 0x00000007c0000000)
  eden space 800256K, 0% used [0x00000006eab00000,0x00000006eab00000,0x000000071b880000)
  from space 831488K, 63% used [0x000000071b880000,0x000000073bbd80c0,0x000000074e480000)
  to   space 804864K, 0% used [0x000000074e480000,0x000000074e480000,0x000000077f680000)
 ParOldGen       total 2117632K, used 1875270K [0x0000000540000000, 0x00000005c1400000, 0x00000006eab00000)
  object space 2117632K, 88% used [0x0000000540000000,0x00000005b2751838,0x00000005c1400000)
 Metaspace       used 4716K, capacity 5532K, committed 5760K, reserved 1056768K
  class space    used 510K, capacity 524K, committed 640K, reserved 1048576K
GC Heap History (10 events):
Event: 12.612 GC heap after
Heap after GC invocations=19 (full 4):
 PSYoungGen      total 1174528K, used 467232K [0x00000006eab00000, 0x0000000766800000, 0x00000007c0000000)
  eden space 597504K, 0% used [0x00000006eab00000,0x00000006eab00000,0x000000070f280000)
  from space 577024K, 80% used [0x000000070f280000,0x000000072bac8000,0x0000000732600000)
  to   space 632832K, 0% used [0x000000073fe00000,0x000000073fe00000,0x0000000766800000)
 ParOldGen       total 1591808K, used 1408315K [0x0000000540000000, 0x00000005a1280000, 0x00000006eab00000)
  object space 1591808K, 88% used [0x0000000540000000,0x0000000595f4ec30,0x00000005a1280000)
 Metaspace       used 4713K, capacity 5532K, committed 5760K, reserved 1056768K
  class space    used 510K, capacity 524K, committed 640K, reserved 1048576K
}
Event: 12.613 GC heap before
{Heap before GC invocations=20 (full 5):
 PSYoungGen      total 1174528K, used 467232K [0x00000006eab00000, 0x0000000766800000, 0x00000007c0000000)
  eden space 597504K, 0% used [0x00000006eab00000,0x00000006eab00000,0x000000070f280000)
  from space 577024K, 80% used [0x000000070f280000,0x000000072bac8000,0x0000000732600000)
  to   space 632832K, 0% used [0x000000073fe00000,0x000000073fe00000,0x0000000766800000)
 ParOldGen       total 1591808K, used 1408315K [0x0000000540000000, 0x00000005a1280000, 0x00000006eab00000)
  object space 1591808K, 88% used [0x0000000540000000,0x0000000595f4ec30,0x00000005a1280000)
 Metaspace       used 4713K, capacity 5532K, committed 5760K, reserved 1056768K
  class space    used 510K, capacity 524K, committed 640K, reserved 1048576K
Event: 15.604 GC heap after
Heap after GC invocations=20 (full 5):
 PSYoungGen      total 1174528K, used 282558K [0x00000006eab00000, 0x0000000766800000, 0x00000007c0000000)
  eden space 597504K, 0% used [0x00000006eab00000,0x00000006eab00000,0x000000070f280000)
  from space 577024K, 48% used [0x000000070f280000,0x000000072066fbf8,0x0000000732600000)
  to   space 632832K, 0% used [0x000000073fe00000,0x000000073fe00000,0x0000000766800000)
 ParOldGen       total 2117632K, used 1591422K [0x0000000540000000, 0x00000005c1400000, 0x00000006eab00000)
  object space 2117632K, 75% used [0x0000000540000000,0x00000005a121f838,0x00000005c1400000)
 Metaspace       used 4713K, capacity 5532K, committed 5760K, reserved 1056768K
  class space    used 510K, capacity 524K, committed 640K, reserved 1048576K
}
Event: 16.214 GC heap before
{Heap before GC invocations=21 (full 5):
 PSYoungGen      total 1174528K, used 880062K [0x00000006eab00000, 0x0000000766800000, 0x00000007c0000000)
  eden space 597504K, 100% used [0x00000006eab00000,0x000000070f280000,0x000000070f280000)
  from space 577024K, 48% used [0x000000070f280000,0x000000072066fbf8,0x0000000732600000)
  to   space 632832K, 0% used [0x000000073fe00000,0x000000073fe00000,0x0000000766800000)
 ParOldGen       total 2117632K, used 1591422K [0x0000000540000000, 0x00000005c1400000, 0x00000006eab00000)
  object space 2117632K, 75% used [0x0000000540000000,0x00000005a121f838,0x00000005c1400000)
 Metaspace       used 4713K, capacity 5532K, committed 5760K, reserved 1056768K
  class space    used 510K, capacity 524K, committed 640K, reserved 1048576K
Event: 16.878 GC heap after
Heap after GC invocations=21 (full 5):
 PSYoungGen      total 1339904K, used 500128K [0x00000006eab00000, 0x000000076bf00000, 0x00000007c0000000)
  eden space 707072K, 0% used [0x00000006eab00000,0x00000006eab00000,0x0000000715d80000)
  from space 632832K, 79% used [0x000000073fe00000,0x000000075e6680b0,0x0000000766800000)
  to   space 688640K, 0% used [0x0000000715d80000,0x0000000715d80000,0x000000073fe00000)
 ParOldGen       total 2117632K, used 1591422K [0x0000000540000000, 0x00000005c1400000, 0x00000006eab00000)
  object space 2117632K, 75% used [0x0000000540000000,0x00000005a121f838,0x00000005c1400000)
 Metaspace       used 4713K, capacity 5532K, committed 5760K, reserved 1056768K
  class space    used 510K, capacity 524K, committed 640K, reserved 1048576K
}
Event: 17.616 GC heap before
{Heap before GC invocations=22 (full 5):
 PSYoungGen      total 1339904K, used 1207200K [0x00000006eab00000, 0x000000076bf00000, 0x00000007c0000000)
  eden space 707072K, 100% used [0x00000006eab00000,0x0000000715d80000,0x0000000715d80000)
  from space 632832K, 79% used [0x000000073fe00000,0x000000075e6680b0,0x0000000766800000)
  to   space 688640K, 0% used [0x0000000715d80000,0x0000000715d80000,0x000000073fe00000)
 ParOldGen       total 2117632K, used 1591422K [0x0000000540000000, 0x00000005c1400000, 0x00000006eab00000)
  object space 2117632K, 75% used [0x0000000540000000,0x00000005a121f838,0x00000005c1400000)
 Metaspace       used 4716K, capacity 5532K, committed 5760K, reserved 1056768K
  class space    used 510K, capacity 524K, committed 640K, reserved 1048576K
Event: 18.022 GC heap after
Heap after GC invocations=22 (full 5):
 PSYoungGen      total 1395712K, used 688608K [0x00000006eab00000, 0x000000077f680000, 0x00000007c0000000)
  eden space 707072K, 0% used [0x00000006eab00000,0x00000006eab00000,0x0000000715d80000)
  from space 688640K, 99% used [0x0000000715d80000,0x000000073fdf80c0,0x000000073fe00000)
  to   space 804864K, 0% used [0x000000074e480000,0x000000074e480000,0x000000077f680000)
 ParOldGen       total 2117632K, used 1600294K [0x0000000540000000, 0x00000005c1400000, 0x00000006eab00000)
  object space 2117632K, 75% used [0x0000000540000000,0x00000005a1ac9838,0x00000005c1400000)
 Metaspace       used 4716K, capacity 5532K, committed 5760K, reserved 1056768K
  class space    used 510K, capacity 524K, committed 640K, reserved 1048576K
}
Event: 18.229 GC heap before
{Heap before GC invocations=23 (full 5):
 PSYoungGen      total 1395712K, used 1395680K [0x00000006eab00000, 0x000000077f680000, 0x00000007c0000000)
  eden space 707072K, 100% used [0x00000006eab00000,0x0000000715d80000,0x0000000715d80000)
  from space 688640K, 99% used [0x0000000715d80000,0x000000073fdf80c0,0x000000073fe00000)
  to   space 804864K, 0% used [0x000000074e480000,0x000000074e480000,0x000000077f680000)
 ParOldGen       total 2117632K, used 1600294K [0x0000000540000000, 0x00000005c1400000, 0x00000006eab00000)
  object space 2117632K, 75% used [0x0000000540000000,0x00000005a1ac9838,0x00000005c1400000)
 Metaspace       used 4716K, capacity 5532K, committed 5760K, reserved 1056768K
  class space    used 510K, capacity 524K, committed 640K, reserved 1048576K
Event: 19.130 GC heap after
Heap after GC invocations=23 (full 5):
 PSYoungGen      total 1605120K, used 517312K [0x00000006eab00000, 0x0000000784580000, 0x00000007c0000000)
  eden space 800256K, 0% used [0x00000006eab00000,0x00000006eab00000,0x000000071b880000)
  from space 804864K, 64% used [0x000000074e480000,0x000000076ddb00c0,0x000000077f680000)
  to   space 831488K, 0% used [0x000000071b880000,0x000000071b880000,0x000000074e480000)
 ParOldGen       total 2117632K, used 1827174K [0x0000000540000000, 0x00000005c1400000, 0x00000006eab00000)
  object space 2117632K, 86% used [0x0000000540000000,0x00000005af859838,0x00000005c1400000)
 Metaspace       used 4716K, capacity 5532K, committed 5760K, reserved 1056768K
  class space    used 510K, capacity 524K, committed 640K, reserved 1048576K
}
Event: 19.371 GC heap before
{Heap before GC invocations=24 (full 5):
 PSYoungGen      total 1605120K, used 1317568K [0x00000006eab00000, 0x0000000784580000, 0x00000007c0000000)
  eden space 800256K, 100% used [0x00000006eab00000,0x000000071b880000,0x000000071b880000)
  from space 804864K, 64% used [0x000000074e480000,0x000000076ddb00c0,0x000000077f680000)
  to   space 831488K, 0% used [0x000000071b880000,0x000000071b880000,0x000000074e480000)
 ParOldGen       total 2117632K, used 1827174K [0x0000000540000000, 0x00000005c1400000, 0x00000006eab00000)
  object space 2117632K, 86% used [0x0000000540000000,0x00000005af859838,0x00000005c1400000)
 Metaspace       used 4716K, capacity 5532K, committed 5760K, reserved 1056768K
  class space    used 510K, capacity 524K, committed 640K, reserved 1048576K

