# JRE version: Java(TM) SE Runtime Environment (8.0_161-b12) (build 1.8.0_161-b12)
# Java VM: Java HotSpot(TM) 64-Bit Server VM (25.161-b12 mixed mode linux-amd64 compressed oops)
Heap:
 PSYoungGen      total 1508864K, used 338104K [0x00000006eab00000, 0x0000000773d00000, 0x00000007c0000000)
  eden space 799744K, 0% used [0x00000006eab00000,0x00000006eab00000,0x000000071b800000)
  from space 709120K, 47% used [0x0000000747100000,0x000000075bb2e280,0x0000000772580000)
  to   space 713728K, 0% used [0x000000071b800000,0x000000071b800000,0x0000000747100000)
 ParOldGen       total 1987072K, used 1987012K [0x0000000540000000, 0x00000005b9480000, 0x00000006eab00000)
  object space 1987072K, 99% used [0x0000000540000000,0x00000005b9471098,0x00000005b9480000)
 Metaspace       used 4587K, capacity 5528K, committed 5760K, reserved 1056768K
  class space    used 496K, capacity 520K, committed 640K, reserved 1048576K
GC Heap History (10 events):
Event: 11.517 GC heap after
Heap after GC invocations=19 (full 5):
 PSYoungGen      total 1059840K, used 175040K [0x00000006eab00000, 0x0000000749e00000, 0x00000007c0000000)
  eden space 635904K, 0% used [0x00000006eab00000,0x00000006eab00000,0x0000000711800000)
  from space 423936K, 41% used [0x0000000730000000,0x000000073aaf0000,0x0000000749e00000)
  to   space 461824K, 0% used [0x0000000711800000,0x0000000711800000,0x000000072db00000)
 ParOldGen       total 1987072K, used 1548706K [0x0000000540000000, 0x00000005b9480000, 0x00000006eab00000)
  object space 1987072K, 77% used [0x0000000540000000,0x000000059e868bb0,0x00000005b9480000)
 Metaspace       used 4577K, capacity 5528K, committed 5760K, reserved 1056768K
  class space    used 496K, capacity 520K, committed 640K, reserved 1048576K
}
Event: 12.201 GC heap before
{Heap before GC invocations=20 (full 5):
 PSYoungGen      total 1059840K, used 810944K [0x00000006eab00000, 0x0000000749e00000, 0x00000007c0000000)
  eden space 635904K, 100% used [0x00000006eab00000,0x0000000711800000,0x0000000711800000)
  from space 423936K, 41% used [0x0000000730000000,0x000000073aaf0000,0x0000000749e00000)
  to   space 461824K, 0% used [0x0000000711800000,0x0000000711800000,0x000000072db00000)
 ParOldGen       total 1987072K, used 1548706K [0x0000000540000000, 0x00000005b9480000, 0x00000006eab00000)
  object space 1987072K, 77% used [0x0000000540000000,0x000000059e868bb0,0x00000005b9480000)
 Metaspace       used 4580K, capacity 5528K, committed 5760K, reserved 1056768K
  class space    used 496K, capacity 520K, committed 640K, reserved 1048576K
Event: 12.430 GC heap after
Heap after GC invocations=20 (full 5):
 PSYoungGen      total 1097728K, used 388352K [0x00000006eab00000, 0x0000000758f80000, 0x00000007c0000000)
  eden space 635904K, 0% used [0x00000006eab00000,0x00000006eab00000,0x0000000711800000)
  from space 461824K, 84% used [0x0000000711800000,0x0000000729340000,0x000000072db00000)
  to   space 508928K, 0% used [0x0000000739e80000,0x0000000739e80000,0x0000000758f80000)
 ParOldGen       total 1987072K, used 1548706K [0x0000000540000000, 0x00000005b9480000, 0x00000006eab00000)
  object space 1987072K, 77% used [0x0000000540000000,0x000000059e868bb0,0x00000005b9480000)
 Metaspace       used 4580K, capacity 5528K, committed 5760K, reserved 1056768K
  class space    used 496K, capacity 520K, committed 640K, reserved 1048576K
}
Event: 13.096 GC heap before
{Heap before GC invocations=21 (full 5):
 PSYoungGen      total 1097728K, used 1024256K [0x00000006eab00000, 0x0000000758f80000, 0x00000007c0000000)
  eden space 635904K, 100% used [0x00000006eab00000,0x0000000711800000,0x0000000711800000)
  from space 461824K, 84% used [0x0000000711800000,0x0000000729340000,0x000000072db00000)
  to   space 508928K, 0% used [0x0000000739e80000,0x0000000739e80000,0x0000000758f80000)
 ParOldGen       total 1987072K, used 1548706K [0x0000000540000000, 0x00000005b9480000, 0x00000006eab00000)
  object space 1987072K, 77% used [0x0000000540000000,0x000000059e868bb0,0x00000005b9480000)
 Metaspace       used 4581K, capacity 5528K, committed 5760K, reserved 1056768K
  class space    used 496K, capacity 520K, committed 640K, reserved 1048576K
Event: 14.068 GC heap after
Heap after GC invocations=21 (full 5):
 PSYoungGen      total 1182720K, used 508896K [0x00000006eab00000, 0x0000000768d00000, 0x00000007c0000000)
  eden space 673792K, 0% used [0x00000006eab00000,0x00000006eab00000,0x0000000713d00000)
  from space 508928K, 99% used [0x0000000739e80000,0x0000000758f780b0,0x0000000758f80000)
  to   space 624128K, 0% used [0x0000000713d00000,0x0000000713d00000,0x0000000739e80000)
 ParOldGen       total 1987072K, used 1639754K [0x0000000540000000, 0x00000005b9480000, 0x00000006eab00000)
  object space 1987072K, 82% used [0x0000000540000000,0x00000005a4152bb0,0x00000005b9480000)
 Metaspace       used 4581K, capacity 5528K, committed 5760K, reserved 1056768K
  class space    used 496K, capacity 520K, committed 640K, reserved 1048576K
}
Event: 14.700 GC heap before
{Heap before GC invocations=22 (full 5):
 PSYoungGen      total 1182720K, used 1182688K [0x00000006eab00000, 0x0000000768d00000, 0x00000007c0000000)
  eden space 673792K, 100% used [0x00000006eab00000,0x0000000713d00000,0x0000000713d00000)
  from space 508928K, 99% used [0x0000000739e80000,0x0000000758f780b0,0x0000000758f80000)
  to   space 624128K, 0% used [0x0000000713d00000,0x0000000713d00000,0x0000000739e80000)
 ParOldGen       total 1987072K, used 1639754K [0x0000000540000000, 0x00000005b9480000, 0x00000006eab00000)
  object space 1987072K, 82% used [0x0000000540000000,0x00000005a4152bb0,0x00000005b9480000)
 Metaspace       used 4587K, capacity 5528K, committed 5760K, reserved 1056768K
  class space    used 496K, capacity 520K, committed 640K, reserved 1048576K
Event: 15.060 GC heap after
Heap after GC invocations=22 (full 5):
 PSYoungGen      total 1297920K, used 577216K [0x00000006eab00000, 0x0000000772580000, 0x00000007c0000000)
  eden space 673792K, 0% used [0x00000006eab00000,0x00000006eab00000,0x0000000713d00000)
  from space 624128K, 92% used [0x0000000713d00000,0x00000007370b00c0,0x0000000739e80000)
  to   space 709120K, 0% used [0x0000000747100000,0x0000000747100000,0x0000000772580000)
 ParOldGen       total 1987072K, used 1724282K [0x0000000540000000, 0x00000005b9480000, 0x00000006eab00000)
  object space 1987072K, 86% used [0x0000000540000000,0x00000005a93debb0,0x00000005b9480000)
 Metaspace       used 4587K, capacity 5528K, committed 5760K, reserved 1056768K
  class space    used 496K, capacity 520K, committed 640K, reserved 1048576K
}
Event: 15.260 GC heap before
{Heap before GC invocations=23 (full 5):
 PSYoungGen      total 1297920K, used 1251008K [0x00000006eab00000, 0x0000000772580000, 0x00000007c0000000)
  eden space 673792K, 100% used [0x00000006eab00000,0x0000000713d00000,0x0000000713d00000)
  from space 624128K, 92% used [0x0000000713d00000,0x00000007370b00c0,0x0000000739e80000)
  to   space 709120K, 0% used [0x0000000747100000,0x0000000747100000,0x0000000772580000)
 ParOldGen       total 1987072K, used 1724282K [0x0000000540000000, 0x00000005b9480000, 0x00000006eab00000)
  object space 1987072K, 86% used [0x0000000540000000,0x00000005a93debb0,0x00000005b9480000)
 Metaspace       used 4587K, capacity 5528K, committed 5760K, reserved 1056768K
  class space    used 496K, capacity 520K, committed 640K, reserved 1048576K
Event: 15.656 GC heap after
Heap after GC invocations=23 (full 5):
 PSYoungGen      total 1508864K, used 407648K [0x00000006eab00000, 0x0000000773d00000, 0x00000007c0000000)
  eden space 799744K, 0% used [0x00000006eab00000,0x00000006eab00000,0x000000071b800000)
  from space 709120K, 57% used [0x0000000747100000,0x000000075ff180c0,0x0000000772580000)
  to   space 713728K, 0% used [0x000000071b800000,0x000000071b800000,0x0000000747100000)
 ParOldGen       total 1987072K, used 1938370K [0x0000000540000000, 0x00000005b9480000, 0x00000006eab00000)
  object space 1987072K, 97% used [0x0000000540000000,0x00000005b64f0bb0,0x00000005b9480000)
 Metaspace       used 4587K, capacity 5528K, committed 5760K, reserved 1056768K
  class space    used 496K, capacity 520K, committed 640K, reserved 1048576K
}
Event: 15.679 GC heap before
{Heap before GC invocations=24 (full 6):
 PSYoungGen      total 1508864K, used 407648K [0x00000006eab00000, 0x0000000773d00000, 0x00000007c0000000)
  eden space 799744K, 0% used [0x00000006eab00000,0x00000006eab00000,0x000000071b800000)
  from space 709120K, 57% used [0x0000000747100000,0x000000075ff180c0,0x0000000772580000)
  to   space 713728K, 0% used [0x000000071b800000,0x000000071b800000,0x0000000747100000)
 ParOldGen       total 1987072K, used 1938370K [0x0000000540000000, 0x00000005b9480000, 0x00000006eab00000)
  object space 1987072K, 97% used [0x0000000540000000,0x00000005b64f0bb0,0x00000005b9480000)
 Metaspace       used 4587K, capacity 5528K, committed 5760K, reserved 1056768K
  class space    used 496K, capacity 520K, committed 640K, reserved 1048576K

