# JRE version: Java(TM) SE Runtime Environment (8.0_161-b12) (build 1.8.0_161-b12)
# Java VM: Java HotSpot(TM) 64-Bit Server VM (25.161-b12 mixed mode linux-amd64 compressed oops)
Heap:
 PSYoungGen      total 794112K, used 6620K [0x000000076d300000, 0x00000007c0000000, 0x00000007c0000000)
  eden space 473088K, 0% used [0x000000076d300000,0x000000076d300000,0x000000078a100000)
  from space 321024K, 2% used [0x00000007ac680000,0x00000007accf7268,0x00000007c0000000)
  to   space 441856K, 0% used [0x000000078a100000,0x000000078a100000,0x00000007a5080000)
 ParOldGen       total 1543168K, used 1543044K [0x00000006c7800000, 0x0000000725b00000, 0x000000076d300000)
  object space 1543168K, 99% used [0x00000006c7800000,0x0000000725ae1218,0x0000000725b00000)
 Metaspace       used 4255K, capacity 5400K, committed 5760K, reserved 1056768K
  class space    used 468K, capacity 520K, committed 640K, reserved 1048576K
GC Heap History (10 events):
Event: 19.710 GC heap after
Heap after GC invocations=14 (full 3):
 PSYoungGen      total 698880K, used 0K [0x000000076d300000, 0x00000007c0000000, 0x00000007c0000000)
  eden space 692224K, 0% used [0x000000076d300000,0x000000076d300000,0x0000000797700000)
  from space 6656K, 0% used [0x0000000797700000,0x0000000797700000,0x0000000797d80000)
  to   space 175104K, 0% used [0x00000007b5500000,0x00000007b5500000,0x00000007c0000000)
 ParOldGen       total 1131008K, used 715956K [0x00000006c7800000, 0x000000070c880000, 0x000000076d300000)
  object space 1131008K, 63% used [0x00000006c7800000,0x00000006f332d090,0x000000070c880000)
 Metaspace       used 4230K, capacity 5400K, committed 5760K, reserved 1056768K
  class space    used 468K, capacity 520K, committed 640K, reserved 1048576K
}
Event: 20.226 GC heap before
{Heap before GC invocations=15 (full 3):
 PSYoungGen      total 698880K, used 692224K [0x000000076d300000, 0x00000007c0000000, 0x00000007c0000000)
  eden space 692224K, 100% used [0x000000076d300000,0x0000000797700000,0x0000000797700000)
  from space 6656K, 0% used [0x0000000797700000,0x0000000797700000,0x0000000797d80000)
  to   space 175104K, 0% used [0x00000007b5500000,0x00000007b5500000,0x00000007c0000000)
 ParOldGen       total 1131008K, used 715956K [0x00000006c7800000, 0x000000070c880000, 0x000000076d300000)
  object space 1131008K, 63% used [0x00000006c7800000,0x00000006f332d090,0x000000070c880000)
 Metaspace       used 4238K, capacity 5400K, committed 5760K, reserved 1056768K
  class space    used 468K, capacity 520K, committed 640K, reserved 1048576K
Event: 20.446 GC heap after
Heap after GC invocations=15 (full 3):
 PSYoungGen      total 968704K, used 175082K [0x000000076d300000, 0x00000007c0000000, 0x00000007c0000000)
  eden space 793600K, 0% used [0x000000076d300000,0x000000076d300000,0x000000079da00000)
  from space 175104K, 99% used [0x00000007b5500000,0x00000007bfffa870,0x00000007c0000000)
  to   space 281600K, 0% used [0x000000079da00000,0x000000079da00000,0x00000007aed00000)
 ParOldGen       total 1131008K, used 909372K [0x00000006c7800000, 0x000000070c880000, 0x000000076d300000)
  object space 1131008K, 80% used [0x00000006c7800000,0x00000006ff00f1c0,0x000000070c880000)
 Metaspace       used 4238K, capacity 5400K, committed 5760K, reserved 1056768K
  class space    used 468K, capacity 520K, committed 640K, reserved 1048576K
}
Event: 20.447 GC heap before
{Heap before GC invocations=16 (full 4):
 PSYoungGen      total 968704K, used 175082K [0x000000076d300000, 0x00000007c0000000, 0x00000007c0000000)
  eden space 793600K, 0% used [0x000000076d300000,0x000000076d300000,0x000000079da00000)
  from space 175104K, 99% used [0x00000007b5500000,0x00000007bfffa870,0x00000007c0000000)
  to   space 281600K, 0% used [0x000000079da00000,0x000000079da00000,0x00000007aed00000)
 ParOldGen       total 1131008K, used 909372K [0x00000006c7800000, 0x000000070c880000, 0x000000076d300000)
  object space 1131008K, 80% used [0x00000006c7800000,0x00000006ff00f1c0,0x000000070c880000)
 Metaspace       used 4238K, capacity 5400K, committed 5760K, reserved 1056768K
  class space    used 468K, capacity 520K, committed 640K, reserved 1048576K
Event: 21.397 GC heap after
Heap after GC invocations=16 (full 4):
 PSYoungGen      total 968704K, used 0K [0x000000076d300000, 0x00000007c0000000, 0x00000007c0000000)
  eden space 793600K, 0% used [0x000000076d300000,0x000000076d300000,0x000000079da00000)
  from space 175104K, 0% used [0x00000007b5500000,0x00000007b5500000,0x00000007c0000000)
  to   space 281600K, 0% used [0x000000079da00000,0x000000079da00000,0x00000007aed00000)
 ParOldGen       total 1543168K, used 1078676K [0x00000006c7800000, 0x0000000725b00000, 0x000000076d300000)
  object space 1543168K, 69% used [0x00000006c7800000,0x00000007095651c8,0x0000000725b00000)
 Metaspace       used 4238K, capacity 5400K, committed 5760K, reserved 1056768K
  class space    used 468K, capacity 520K, committed 640K, reserved 1048576K
}
Event: 22.013 GC heap before
{Heap before GC invocations=17 (full 4):
 PSYoungGen      total 968704K, used 793600K [0x000000076d300000, 0x00000007c0000000, 0x00000007c0000000)
  eden space 793600K, 100% used [0x000000076d300000,0x000000079da00000,0x000000079da00000)
  from space 175104K, 0% used [0x00000007b5500000,0x00000007b5500000,0x00000007c0000000)
  to   space 281600K, 0% used [0x000000079da00000,0x000000079da00000,0x00000007aed00000)
 ParOldGen       total 1543168K, used 1078676K [0x00000006c7800000, 0x0000000725b00000, 0x000000076d300000)
  object space 1543168K, 69% used [0x00000006c7800000,0x00000007095651c8,0x0000000725b00000)
 Metaspace       used 4253K, capacity 5400K, committed 5760K, reserved 1056768K
  class space    used 468K, capacity 520K, committed 640K, reserved 1048576K
Event: 22.151 GC heap after
Heap after GC invocations=17 (full 4):
 PSYoungGen      total 1034752K, used 240867K [0x000000076d300000, 0x00000007c0000000, 0x00000007c0000000)
  eden space 793600K, 0% used [0x000000076d300000,0x000000076d300000,0x000000079da00000)
  from space 241152K, 99% used [0x000000079da00000,0x00000007ac538d68,0x00000007ac580000)
  to   space 321024K, 0% used [0x00000007ac680000,0x00000007ac680000,0x00000007c0000000)
 ParOldGen       total 1543168K, used 1078684K [0x00000006c7800000, 0x0000000725b00000, 0x000000076d300000)
  object space 1543168K, 69% used [0x00000006c7800000,0x00000007095671c8,0x0000000725b00000)
 Metaspace       used 4253K, capacity 5400K, committed 5760K, reserved 1056768K
  class space    used 468K, capacity 520K, committed 640K, reserved 1048576K
}
Event: 22.735 GC heap before
{Heap before GC invocations=18 (full 4):
 PSYoungGen      total 1034752K, used 1034467K [0x000000076d300000, 0x00000007c0000000, 0x00000007c0000000)
  eden space 793600K, 100% used [0x000000076d300000,0x000000079da00000,0x000000079da00000)
  from space 241152K, 99% used [0x000000079da00000,0x00000007ac538d68,0x00000007ac580000)
  to   space 321024K, 0% used [0x00000007ac680000,0x00000007ac680000,0x00000007c0000000)
 ParOldGen       total 1543168K, used 1078684K [0x00000006c7800000, 0x0000000725b00000, 0x000000076d300000)
  object space 1543168K, 69% used [0x00000006c7800000,0x00000007095671c8,0x0000000725b00000)
 Metaspace       used 4255K, capacity 5400K, committed 5760K, reserved 1056768K
  class space    used 468K, capacity 520K, committed 640K, reserved 1048576K
Event: 23.027 GC heap after
Heap after GC invocations=18 (full 4):
 PSYoungGen      total 794112K, used 320995K [0x000000076d300000, 0x00000007c0000000, 0x00000007c0000000)
  eden space 473088K, 0% used [0x000000076d300000,0x000000076d300000,0x000000078a100000)
  from space 321024K, 99% used [0x00000007ac680000,0x00000007bfff8d68,0x00000007c0000000)
  to   space 441856K, 0% used [0x000000078a100000,0x000000078a100000,0x00000007a5080000)
 ParOldGen       total 1543168K, used 1239676K [0x00000006c7800000, 0x0000000725b00000, 0x000000076d300000)
  object space 1543168K, 80% used [0x00000006c7800000,0x000000071329f1c8,0x0000000725b00000)
 Metaspace       used 4255K, capacity 5400K, committed 5760K, reserved 1056768K
  class space    used 468K, capacity 520K, committed 640K, reserved 1048576K
}
Event: 23.027 GC heap before
{Heap before GC invocations=19 (full 5):
 PSYoungGen      total 794112K, used 320995K [0x000000076d300000, 0x00000007c0000000, 0x00000007c0000000)
  eden space 473088K, 0% used [0x000000076d300000,0x000000076d300000,0x000000078a100000)
  from space 321024K, 99% used [0x00000007ac680000,0x00000007bfff8d68,0x00000007c0000000)
  to   space 441856K, 0% used [0x000000078a100000,0x000000078a100000,0x00000007a5080000)
 ParOldGen       total 1543168K, used 1239676K [0x00000006c7800000, 0x0000000725b00000, 0x000000076d300000)
  object space 1543168K, 80% used [0x00000006c7800000,0x000000071329f1c8,0x0000000725b00000)
 Metaspace       used 4255K, capacity 5400K, committed 5760K, reserved 1056768K
  class space    used 468K, capacity 520K, committed 640K, reserved 1048576K

