# JRE version: Java(TM) SE Runtime Environment (8.0_161-b12) (build 1.8.0_161-b12)
# Java VM: Java HotSpot(TM) 64-Bit Server VM (25.161-b12 mixed mode linux-amd64 compressed oops)
Heap:
 PSYoungGen      total 1283584K, used 2778K [0x000000076d300000, 0x00000007c0000000, 0x00000007c0000000)
  eden space 1212416K, 0% used [0x000000076d300000,0x000000076d300000,0x00000007b7300000)
  from space 71168K, 3% used [0x00000007bba80000,0x00000007bbd369d0,0x00000007c0000000)
  to   space 72192K, 0% used [0x00000007b7300000,0x00000007b7300000,0x00000007bb980000)
 ParOldGen       total 1186304K, used 1186249K [0x00000006c7800000, 0x000000070fe80000, 0x000000076d300000)
  object space 1186304K, 99% used [0x00000006c7800000,0x000000070fe72508,0x000000070fe80000)
 Metaspace       used 4635K, capacity 5528K, committed 5760K, reserved 1056768K
  class space    used 497K, capacity 520K, committed 640K, reserved 1048576K
GC Heap History (10 events):
Event: 375.817 GC heap after
Heap after GC invocations=192 (full 4):
 PSYoungGen      total 1281536K, used 66044K [0x000000076d300000, 0x00000007c0000000, 0x00000007c0000000)
  eden space 1215488K, 0% used [0x000000076d300000,0x000000076d300000,0x00000007b7600000)
  from space 66048K, 99% used [0x00000007bbf80000,0x00000007bffff230,0x00000007c0000000)
  to   space 70656K, 0% used [0x00000007b7600000,0x00000007b7600000,0x00000007bbb00000)
 ParOldGen       total 1186304K, used 1123369K [0x00000006c7800000, 0x000000070fe80000, 0x000000076d300000)
  object space 1186304K, 94% used [0x00000006c7800000,0x000000070c10a7f0,0x000000070fe80000)
 Metaspace       used 4620K, capacity 5528K, committed 5760K, reserved 1056768K
  class space    used 497K, capacity 520K, committed 640K, reserved 1048576K
}
Event: 379.024 GC heap before
{Heap before GC invocations=193 (full 4):
 PSYoungGen      total 1281536K, used 1281532K [0x000000076d300000, 0x00000007c0000000, 0x00000007c0000000)
  eden space 1215488K, 100% used [0x000000076d300000,0x00000007b7600000,0x00000007b7600000)
  from space 66048K, 99% used [0x00000007bbf80000,0x00000007bffff230,0x00000007c0000000)
  to   space 70656K, 0% used [0x00000007b7600000,0x00000007b7600000,0x00000007bbb00000)
 ParOldGen       total 1186304K, used 1123369K [0x00000006c7800000, 0x000000070fe80000, 0x000000076d300000)
  object space 1186304K, 94% used [0x00000006c7800000,0x000000070c10a7f0,0x000000070fe80000)
 Metaspace       used 4622K, capacity 5528K, committed 5760K, reserved 1056768K
  class space    used 497K, capacity 520K, committed 640K, reserved 1048576K
Event: 379.230 GC heap after
Heap after GC invocations=193 (full 4):
 PSYoungGen      total 1286144K, used 62332K [0x000000076d300000, 0x00000007c0000000, 0x00000007c0000000)
  eden space 1215488K, 0% used [0x000000076d300000,0x000000076d300000,0x00000007b7600000)
  from space 70656K, 88% used [0x00000007b7600000,0x00000007bb2df230,0x00000007bbb00000)
  to   space 69632K, 0% used [0x00000007bbc00000,0x00000007bbc00000,0x00000007c0000000)
 ParOldGen       total 1186304K, used 1130969K [0x00000006c7800000, 0x000000070fe80000, 0x000000076d300000)
  object space 1186304K, 95% used [0x00000006c7800000,0x000000070c8767f0,0x000000070fe80000)
 Metaspace       used 4622K, capacity 5528K, committed 5760K, reserved 1056768K
  class space    used 497K, capacity 520K, committed 640K, reserved 1048576K
}
Event: 381.579 GC heap before
{Heap before GC invocations=194 (full 4):
 PSYoungGen      total 1286144K, used 1277820K [0x000000076d300000, 0x00000007c0000000, 0x00000007c0000000)
  eden space 1215488K, 100% used [0x000000076d300000,0x00000007b7600000,0x00000007b7600000)
  from space 70656K, 88% used [0x00000007b7600000,0x00000007bb2df230,0x00000007bbb00000)
  to   space 69632K, 0% used [0x00000007bbc00000,0x00000007bbc00000,0x00000007c0000000)
 ParOldGen       total 1186304K, used 1130969K [0x00000006c7800000, 0x000000070fe80000, 0x000000076d300000)
  object space 1186304K, 95% used [0x00000006c7800000,0x000000070c8767f0,0x000000070fe80000)
 Metaspace       used 4623K, capacity 5528K, committed 5760K, reserved 1056768K
  class space    used 497K, capacity 520K, committed 640K, reserved 1048576K
Event: 381.697 GC heap after
Heap after GC invocations=194 (full 4):
 PSYoungGen      total 1285120K, used 66140K [0x000000076d300000, 0x00000007c0000000, 0x00000007c0000000)
  eden space 1215488K, 0% used [0x000000076d300000,0x000000076d300000,0x00000007b7600000)
  from space 69632K, 94% used [0x00000007bbc00000,0x00000007bfc97230,0x00000007c0000000)
  to   space 70656K, 0% used [0x00000007b7600000,0x00000007b7600000,0x00000007bbb00000)
 ParOldGen       total 1186304K, used 1130969K [0x00000006c7800000, 0x000000070fe80000, 0x000000076d300000)
  object space 1186304K, 95% used [0x00000006c7800000,0x000000070c8767f0,0x000000070fe80000)
 Metaspace       used 4623K, capacity 5528K, committed 5760K, reserved 1056768K
  class space    used 497K, capacity 520K, committed 640K, reserved 1048576K
}
Event: 383.275 GC heap before
{Heap before GC invocations=195 (full 4):
 PSYoungGen      total 1285120K, used 1281628K [0x000000076d300000, 0x00000007c0000000, 0x00000007c0000000)
  eden space 1215488K, 100% used [0x000000076d300000,0x00000007b7600000,0x00000007b7600000)
  from space 69632K, 94% used [0x00000007bbc00000,0x00000007bfc97230,0x00000007c0000000)
  to   space 70656K, 0% used [0x00000007b7600000,0x00000007b7600000,0x00000007bbb00000)
 ParOldGen       total 1186304K, used 1130969K [0x00000006c7800000, 0x000000070fe80000, 0x000000076d300000)
  object space 1186304K, 95% used [0x00000006c7800000,0x000000070c8767f0,0x000000070fe80000)
 Metaspace       used 4629K, capacity 5528K, committed 5760K, reserved 1056768K
  class space    used 497K, capacity 520K, committed 640K, reserved 1048576K
Event: 383.367 GC heap after
Heap after GC invocations=195 (full 4):
 PSYoungGen      total 1285632K, used 70012K [0x000000076d300000, 0x00000007c0000000, 0x00000007c0000000)
  eden space 1215488K, 0% used [0x000000076d300000,0x000000076d300000,0x00000007b7600000)
  from space 70144K, 99% used [0x00000007b7600000,0x00000007bba5f230,0x00000007bba80000)
  to   space 71168K, 0% used [0x00000007bba80000,0x00000007bba80000,0x00000007c0000000)
 ParOldGen       total 1186304K, used 1130969K [0x00000006c7800000, 0x000000070fe80000, 0x000000076d300000)
  object space 1186304K, 95% used [0x00000006c7800000,0x000000070c8767f0,0x000000070fe80000)
 Metaspace       used 4629K, capacity 5528K, committed 5760K, reserved 1056768K
  class space    used 497K, capacity 520K, committed 640K, reserved 1048576K
}
Event: 384.834 GC heap before
{Heap before GC invocations=196 (full 4):
 PSYoungGen      total 1285632K, used 1285500K [0x000000076d300000, 0x00000007c0000000, 0x00000007c0000000)
  eden space 1215488K, 100% used [0x000000076d300000,0x00000007b7600000,0x00000007b7600000)
  from space 70144K, 99% used [0x00000007b7600000,0x00000007bba5f230,0x00000007bba80000)
  to   space 71168K, 0% used [0x00000007bba80000,0x00000007bba80000,0x00000007c0000000)
 ParOldGen       total 1186304K, used 1130969K [0x00000006c7800000, 0x000000070fe80000, 0x000000076d300000)
  object space 1186304K, 95% used [0x00000006c7800000,0x000000070c8767f0,0x000000070fe80000)
 Metaspace       used 4635K, capacity 5528K, committed 5760K, reserved 1056768K
  class space    used 497K, capacity 520K, committed 640K, reserved 1048576K
Event: 384.975 GC heap after
Heap after GC invocations=196 (full 4):
 PSYoungGen      total 1283584K, used 60158K [0x000000076d300000, 0x00000007c0000000, 0x00000007c0000000)
  eden space 1212416K, 0% used [0x000000076d300000,0x000000076d300000,0x00000007b7300000)
  from space 71168K, 84% used [0x00000007bba80000,0x00000007bf53f8f8,0x00000007c0000000)
  to   space 72192K, 0% used [0x00000007b7300000,0x00000007b7300000,0x00000007bb980000)
 ParOldGen       total 1186304K, used 1144672K [0x00000006c7800000, 0x000000070fe80000, 0x000000076d300000)
  object space 1186304K, 96% used [0x00000006c7800000,0x000000070d5d8128,0x000000070fe80000)
 Metaspace       used 4635K, capacity 5528K, committed 5760K, reserved 1056768K
  class space    used 497K, capacity 520K, committed 640K, reserved 1048576K
}
Event: 384.975 GC heap before
{Heap before GC invocations=197 (full 5):
 PSYoungGen      total 1283584K, used 60158K [0x000000076d300000, 0x00000007c0000000, 0x00000007c0000000)
  eden space 1212416K, 0% used [0x000000076d300000,0x000000076d300000,0x00000007b7300000)
  from space 71168K, 84% used [0x00000007bba80000,0x00000007bf53f8f8,0x00000007c0000000)
  to   space 72192K, 0% used [0x00000007b7300000,0x00000007b7300000,0x00000007bb980000)
 ParOldGen       total 1186304K, used 1144672K [0x00000006c7800000, 0x000000070fe80000, 0x000000076d300000)
  object space 1186304K, 96% used [0x00000006c7800000,0x000000070d5d8128,0x000000070fe80000)
 Metaspace       used 4635K, capacity 5528K, committed 5760K, reserved 1056768K
  class space    used 497K, capacity 520K, committed 640K, reserved 1048576K

