# JRE version: Java(TM) SE Runtime Environment (8.0_161-b12) (build 1.8.0_161-b12)
# Java VM: Java HotSpot(TM) 64-Bit Server VM (25.161-b12 mixed mode linux-amd64 compressed oops)
Heap:
 PSYoungGen      total 939520K, used 147767K [0x000000076d300000, 0x00000007c0000000, 0x00000007c0000000)
  eden space 592896K, 0% used [0x000000076d300000,0x000000076d300000,0x0000000791600000)
  from space 346624K, 42% used [0x00000007aad80000,0x00000007b3dcdfb8,0x00000007c0000000)
  to   space 381952K, 0% used [0x0000000791600000,0x0000000791600000,0x00000007a8b00000)
 ParOldGen       total 843776K, used 843669K [0x00000006c7800000, 0x00000006fb000000, 0x000000076d300000)
  object space 843776K, 99% used [0x00000006c7800000,0x00000006fafe5568,0x00000006fb000000)
 Metaspace       used 4263K, capacity 5464K, committed 5760K, reserved 1056768K
  class space    used 461K, capacity 520K, committed 640K, reserved 1048576K
GC Heap History (10 events):
Event: 10.126 GC heap after
Heap after GC invocations=9 (full 2):
 PSYoungGen      total 524800K, used 103415K [0x000000076d300000, 0x00000007a9380000, 0x00000007c0000000)
  eden space 421376K, 0% used [0x000000076d300000,0x000000076d300000,0x0000000786e80000)
  from space 103424K, 99% used [0x0000000786e80000,0x000000078d37df90,0x000000078d380000)
  to   space 194560K, 0% used [0x000000079d580000,0x000000079d580000,0x00000007a9380000)
 ParOldGen       total 539136K, used 364734K [0x00000006c7800000, 0x00000006e8680000, 0x000000076d300000)
  object space 539136K, 67% used [0x00000006c7800000,0x00000006ddc2fb78,0x00000006e8680000)
 Metaspace       used 4253K, capacity 5464K, committed 5760K, reserved 1056768K
  class space    used 461K, capacity 520K, committed 640K, reserved 1048576K
}
Event: 10.126 GC heap before
{Heap before GC invocations=10 (full 3):
 PSYoungGen      total 524800K, used 103415K [0x000000076d300000, 0x00000007a9380000, 0x00000007c0000000)
  eden space 421376K, 0% used [0x000000076d300000,0x000000076d300000,0x0000000786e80000)
  from space 103424K, 99% used [0x0000000786e80000,0x000000078d37df90,0x000000078d380000)
  to   space 194560K, 0% used [0x000000079d580000,0x000000079d580000,0x00000007a9380000)
 ParOldGen       total 539136K, used 364734K [0x00000006c7800000, 0x00000006e8680000, 0x000000076d300000)
  object space 539136K, 67% used [0x00000006c7800000,0x00000006ddc2fb78,0x00000006e8680000)
 Metaspace       used 4253K, capacity 5464K, committed 5760K, reserved 1056768K
  class space    used 461K, capacity 520K, committed 640K, reserved 1048576K
Event: 10.712 GC heap after
Heap after GC invocations=10 (full 3):
 PSYoungGen      total 524800K, used 0K [0x000000076d300000, 0x00000007a9380000, 0x00000007c0000000)
  eden space 421376K, 0% used [0x000000076d300000,0x000000076d300000,0x0000000786e80000)
  from space 103424K, 0% used [0x0000000786e80000,0x0000000786e80000,0x000000078d380000)
  to   space 194560K, 0% used [0x000000079d580000,0x000000079d580000,0x00000007a9380000)
 ParOldGen       total 843776K, used 465642K [0x00000006c7800000, 0x00000006fb000000, 0x000000076d300000)
  object space 843776K, 55% used [0x00000006c7800000,0x00000006e3eba9d8,0x00000006fb000000)
 Metaspace       used 4253K, capacity 5464K, committed 5760K, reserved 1056768K
  class space    used 461K, capacity 520K, committed 640K, reserved 1048576K
}
Event: 11.637 GC heap before
{Heap before GC invocations=11 (full 3):
 PSYoungGen      total 524800K, used 421376K [0x000000076d300000, 0x00000007a9380000, 0x00000007c0000000)
  eden space 421376K, 100% used [0x000000076d300000,0x0000000786e80000,0x0000000786e80000)
  from space 103424K, 0% used [0x0000000786e80000,0x0000000786e80000,0x000000078d380000)
  to   space 194560K, 0% used [0x000000079d580000,0x000000079d580000,0x00000007a9380000)
 ParOldGen       total 843776K, used 465642K [0x00000006c7800000, 0x00000006fb000000, 0x000000076d300000)
  object space 843776K, 55% used [0x00000006c7800000,0x00000006e3eba9d8,0x00000006fb000000)
 Metaspace       used 4253K, capacity 5464K, committed 5760K, reserved 1056768K
  class space    used 461K, capacity 520K, committed 640K, reserved 1048576K
Event: 12.166 GC heap after
Heap after GC invocations=11 (full 3):
 PSYoungGen      total 722432K, used 194553K [0x000000076d300000, 0x00000007b1800000, 0x00000007c0000000)
  eden space 527872K, 0% used [0x000000076d300000,0x000000076d300000,0x000000078d680000)
  from space 194560K, 99% used [0x000000079d580000,0x00000007a937e540,0x00000007a9380000)
  to   space 261120K, 0% used [0x000000078d680000,0x000000078d680000,0x000000079d580000)
 ParOldGen       total 843776K, used 519020K [0x00000006c7800000, 0x00000006fb000000, 0x000000076d300000)
  object space 843776K, 61% used [0x00000006c7800000,0x00000006e72db190,0x00000006fb000000)
 Metaspace       used 4253K, capacity 5464K, committed 5760K, reserved 1056768K
  class space    used 461K, capacity 520K, committed 640K, reserved 1048576K
}
Event: 13.232 GC heap before
{Heap before GC invocations=12 (full 3):
 PSYoungGen      total 722432K, used 722425K [0x000000076d300000, 0x00000007b1800000, 0x00000007c0000000)
  eden space 527872K, 100% used [0x000000076d300000,0x000000078d680000,0x000000078d680000)
  from space 194560K, 99% used [0x000000079d580000,0x00000007a937e540,0x00000007a9380000)
  to   space 261120K, 0% used [0x000000078d680000,0x000000078d680000,0x000000079d580000)
 ParOldGen       total 843776K, used 519020K [0x00000006c7800000, 0x00000006fb000000, 0x000000076d300000)
  object space 843776K, 61% used [0x00000006c7800000,0x00000006e72db190,0x00000006fb000000)
 Metaspace       used 4263K, capacity 5464K, committed 5760K, reserved 1056768K
  class space    used 461K, capacity 520K, committed 640K, reserved 1048576K
Event: 13.596 GC heap after
Heap after GC invocations=12 (full 3):
 PSYoungGen      total 788992K, used 261098K [0x000000076d300000, 0x00000007c0000000, 0x00000007c0000000)
  eden space 527872K, 0% used [0x000000076d300000,0x000000076d300000,0x000000078d680000)
  from space 261120K, 99% used [0x000000078d680000,0x000000079d57a888,0x000000079d580000)
  to   space 346624K, 0% used [0x00000007aad80000,0x00000007aad80000,0x00000007c0000000)
 ParOldGen       total 843776K, used 599129K [0x00000006c7800000, 0x00000006fb000000, 0x000000076d300000)
  object space 843776K, 71% used [0x00000006c7800000,0x00000006ec116578,0x00000006fb000000)
 Metaspace       used 4263K, capacity 5464K, committed 5760K, reserved 1056768K
  class space    used 461K, capacity 520K, committed 640K, reserved 1048576K
}
Event: 14.576 GC heap before
{Heap before GC invocations=13 (full 3):
 PSYoungGen      total 788992K, used 788970K [0x000000076d300000, 0x00000007c0000000, 0x00000007c0000000)
  eden space 527872K, 100% used [0x000000076d300000,0x000000078d680000,0x000000078d680000)
  from space 261120K, 99% used [0x000000078d680000,0x000000079d57a888,0x000000079d580000)
  to   space 346624K, 0% used [0x00000007aad80000,0x00000007aad80000,0x00000007c0000000)
 ParOldGen       total 843776K, used 599129K [0x00000006c7800000, 0x00000006fb000000, 0x000000076d300000)
  object space 843776K, 71% used [0x00000006c7800000,0x00000006ec116578,0x00000006fb000000)
 Metaspace       used 4263K, capacity 5464K, committed 5760K, reserved 1056768K
  class space    used 461K, capacity 520K, committed 640K, reserved 1048576K
Event: 15.488 GC heap after
Heap after GC invocations=13 (full 3):
 PSYoungGen      total 939520K, used 269893K [0x000000076d300000, 0x00000007c0000000, 0x00000007c0000000)
  eden space 592896K, 0% used [0x000000076d300000,0x000000076d300000,0x0000000791600000)
  from space 346624K, 77% used [0x00000007aad80000,0x00000007bb511580,0x00000007c0000000)
  to   space 381952K, 0% used [0x0000000791600000,0x0000000791600000,0x00000007a8b00000)
 ParOldGen       total 843776K, used 728197K [0x00000006c7800000, 0x00000006fb000000, 0x000000076d300000)
  object space 843776K, 86% used [0x00000006c7800000,0x00000006f3f214a0,0x00000006fb000000)
 Metaspace       used 4263K, capacity 5464K, committed 5760K, reserved 1056768K
  class space    used 461K, capacity 520K, committed 640K, reserved 1048576K
}
Event: 15.489 GC heap before
{Heap before GC invocations=14 (full 4):
 PSYoungGen      total 939520K, used 269893K [0x000000076d300000, 0x00000007c0000000, 0x00000007c0000000)
  eden space 592896K, 0% used [0x000000076d300000,0x000000076d300000,0x0000000791600000)
  from space 346624K, 77% used [0x00000007aad80000,0x00000007bb511580,0x00000007c0000000)
  to   space 381952K, 0% used [0x0000000791600000,0x0000000791600000,0x00000007a8b00000)
 ParOldGen       total 843776K, used 728197K [0x00000006c7800000, 0x00000006fb000000, 0x000000076d300000)
  object space 843776K, 86% used [0x00000006c7800000,0x00000006f3f214a0,0x00000006fb000000)
 Metaspace       used 4263K, capacity 5464K, committed 5760K, reserved 1056768K
  class space    used 461K, capacity 520K, committed 640K, reserved 1048576K

