# JRE version: Java(TM) SE Runtime Environment (8.0_161-b12) (build 1.8.0_161-b12)
# Java VM: Java HotSpot(TM) 64-Bit Server VM (25.161-b12 mixed mode linux-amd64 compressed oops)
Heap:
 PSYoungGen      total 982528K, used 431594K [0x00000006eab00000, 0x000000074e300000, 0x00000007c0000000)
  eden space 444928K, 0% used [0x00000006eab00000,0x00000006eab00000,0x0000000705d80000)
  from space 537600K, 80% used [0x0000000705d80000,0x00000007202fab30,0x0000000726a80000)
  to   space 455168K, 0% used [0x0000000726a80000,0x0000000726a80000,0x0000000742700000)
 ParOldGen       total 1531392K, used 1257678K [0x0000000540000000, 0x000000059d780000, 0x00000006eab00000)
  object space 1531392K, 82% used [0x0000000540000000,0x000000058cc338a8,0x000000059d780000)
 Metaspace       used 4522K, capacity 5528K, committed 5760K, reserved 1056768K
  class space    used 495K, capacity 520K, committed 640K, reserved 1048576K
GC Heap History (10 events):
Event: 13.290 GC heap after
Heap after GC invocations=14 (full 3):
 PSYoungGen      total 664576K, used 265203K [0x00000006eab00000, 0x0000000732200000, 0x00000007c0000000)
  eden space 399360K, 0% used [0x00000006eab00000,0x00000006eab00000,0x0000000703100000)
  from space 265216K, 99% used [0x0000000703100000,0x00000007133fcc30,0x0000000713400000)
  to   space 331776K, 0% used [0x000000071de00000,0x000000071de00000,0x0000000732200000)
 ParOldGen       total 1062400K, used 843907K [0x0000000540000000, 0x0000000580d80000, 0x00000006eab00000)
  object space 1062400K, 79% used [0x0000000540000000,0x0000000573820f90,0x0000000580d80000)
 Metaspace       used 4522K, capacity 5528K, committed 5760K, reserved 1056768K
  class space    used 495K, capacity 520K, committed 640K, reserved 1048576K
}
Event: 13.951 GC heap before
{Heap before GC invocations=15 (full 3):
 PSYoungGen      total 664576K, used 664563K [0x00000006eab00000, 0x0000000732200000, 0x00000007c0000000)
  eden space 399360K, 100% used [0x00000006eab00000,0x0000000703100000,0x0000000703100000)
  from space 265216K, 99% used [0x0000000703100000,0x00000007133fcc30,0x0000000713400000)
  to   space 331776K, 0% used [0x000000071de00000,0x000000071de00000,0x0000000732200000)
 ParOldGen       total 1062400K, used 843907K [0x0000000540000000, 0x0000000580d80000, 0x00000006eab00000)
  object space 1062400K, 79% used [0x0000000540000000,0x0000000573820f90,0x0000000580d80000)
 Metaspace       used 4522K, capacity 5528K, committed 5760K, reserved 1056768K
  class space    used 495K, capacity 520K, committed 640K, reserved 1048576K
Event: 14.236 GC heap after
Heap after GC invocations=15 (full 3):
 PSYoungGen      total 753152K, used 331772K [0x00000006eab00000, 0x000000073ce00000, 0x00000007c0000000)
  eden space 421376K, 0% used [0x00000006eab00000,0x00000006eab00000,0x0000000704680000)
  from space 331776K, 99% used [0x000000071de00000,0x00000007321ff230,0x0000000732200000)
  to   space 417280K, 0% used [0x0000000704680000,0x0000000704680000,0x000000071de00000)
 ParOldGen       total 1062400K, used 928699K [0x0000000540000000, 0x0000000580d80000, 0x00000006eab00000)
  object space 1062400K, 87% used [0x0000000540000000,0x0000000578aeef90,0x0000000580d80000)
 Metaspace       used 4522K, capacity 5528K, committed 5760K, reserved 1056768K
  class space    used 495K, capacity 520K, committed 640K, reserved 1048576K
}
Event: 14.236 GC heap before
{Heap before GC invocations=16 (full 4):
 PSYoungGen      total 753152K, used 331772K [0x00000006eab00000, 0x000000073ce00000, 0x00000007c0000000)
  eden space 421376K, 0% used [0x00000006eab00000,0x00000006eab00000,0x0000000704680000)
  from space 331776K, 99% used [0x000000071de00000,0x00000007321ff230,0x0000000732200000)
  to   space 417280K, 0% used [0x0000000704680000,0x0000000704680000,0x000000071de00000)
 ParOldGen       total 1062400K, used 928699K [0x0000000540000000, 0x0000000580d80000, 0x00000006eab00000)
  object space 1062400K, 87% used [0x0000000540000000,0x0000000578aeef90,0x0000000580d80000)
 Metaspace       used 4522K, capacity 5528K, committed 5760K, reserved 1056768K
  class space    used 495K, capacity 520K, committed 640K, reserved 1048576K
Event: 16.409 GC heap after
Heap after GC invocations=16 (full 4):
 PSYoungGen      total 753152K, used 194858K [0x00000006eab00000, 0x000000073ce00000, 0x00000007c0000000)
  eden space 421376K, 0% used [0x00000006eab00000,0x00000006eab00000,0x0000000704680000)
  from space 331776K, 58% used [0x000000071de00000,0x0000000729c4aa08,0x0000000732200000)
  to   space 417280K, 0% used [0x0000000704680000,0x0000000704680000,0x000000071de00000)
 ParOldGen       total 1531392K, used 1061910K [0x0000000540000000, 0x000000059d780000, 0x00000006eab00000)
  object space 1531392K, 69% used [0x0000000540000000,0x0000000580d058a8,0x000000059d780000)
 Metaspace       used 4522K, capacity 5528K, committed 5760K, reserved 1056768K
  class space    used 495K, capacity 520K, committed 640K, reserved 1048576K
}
Event: 16.928 GC heap before
{Heap before GC invocations=17 (full 4):
 PSYoungGen      total 753152K, used 616234K [0x00000006eab00000, 0x000000073ce00000, 0x00000007c0000000)
  eden space 421376K, 100% used [0x00000006eab00000,0x0000000704680000,0x0000000704680000)
  from space 331776K, 58% used [0x000000071de00000,0x0000000729c4aa08,0x0000000732200000)
  to   space 417280K, 0% used [0x0000000704680000,0x0000000704680000,0x000000071de00000)
 ParOldGen       total 1531392K, used 1061910K [0x0000000540000000, 0x000000059d780000, 0x00000006eab00000)
  object space 1531392K, 69% used [0x0000000540000000,0x0000000580d058a8,0x000000059d780000)
 Metaspace       used 4522K, capacity 5528K, committed 5760K, reserved 1056768K
  class space    used 495K, capacity 520K, committed 640K, reserved 1048576K
Event: 17.357 GC heap after
Heap after GC invocations=17 (full 4):
 PSYoungGen      total 838656K, used 331808K [0x00000006eab00000, 0x0000000742700000, 0x00000007c0000000)
  eden space 421376K, 0% used [0x00000006eab00000,0x00000006eab00000,0x0000000704680000)
  from space 417280K, 79% used [0x0000000704680000,0x0000000718a88000,0x000000071de00000)
  to   space 455168K, 0% used [0x0000000726a80000,0x0000000726a80000,0x0000000742700000)
 ParOldGen       total 1531392K, used 1069678K [0x0000000540000000, 0x000000059d780000, 0x00000006eab00000)
  object space 1531392K, 69% used [0x0000000540000000,0x000000058149b8a8,0x000000059d780000)
 Metaspace       used 4522K, capacity 5528K, committed 5760K, reserved 1056768K
  class space    used 495K, capacity 520K, committed 640K, reserved 1048576K
}
Event: 17.882 GC heap before
{Heap before GC invocations=18 (full 4):
 PSYoungGen      total 838656K, used 753184K [0x00000006eab00000, 0x0000000742700000, 0x00000007c0000000)
  eden space 421376K, 100% used [0x00000006eab00000,0x0000000704680000,0x0000000704680000)
  from space 417280K, 79% used [0x0000000704680000,0x0000000718a88000,0x000000071de00000)
  to   space 455168K, 0% used [0x0000000726a80000,0x0000000726a80000,0x0000000742700000)
 ParOldGen       total 1531392K, used 1069678K [0x0000000540000000, 0x000000059d780000, 0x00000006eab00000)
  object space 1531392K, 69% used [0x0000000540000000,0x000000058149b8a8,0x000000059d780000)
 Metaspace       used 4522K, capacity 5528K, committed 5760K, reserved 1056768K
  class space    used 495K, capacity 520K, committed 640K, reserved 1048576K
Event: 19.009 GC heap after
Heap after GC invocations=18 (full 4):
 PSYoungGen      total 900096K, used 455146K [0x00000006eab00000, 0x000000074e300000, 0x00000007c0000000)
  eden space 444928K, 0% used [0x00000006eab00000,0x00000006eab00000,0x0000000705d80000)
  from space 455168K, 99% used [0x0000000726a80000,0x00000007426fab30,0x0000000742700000)
  to   space 537600K, 0% used [0x0000000705d80000,0x0000000705d80000,0x0000000726a80000)
 ParOldGen       total 1531392K, used 1090318K [0x0000000540000000, 0x000000059d780000, 0x00000006eab00000)
  object space 1531392K, 71% used [0x0000000540000000,0x00000005828c38a8,0x000000059d780000)
 Metaspace       used 4522K, capacity 5528K, committed 5760K, reserved 1056768K
  class space    used 495K, capacity 520K, committed 640K, reserved 1048576K
}
Event: 19.556 GC heap before
{Heap before GC invocations=19 (full 4):
 PSYoungGen      total 900096K, used 900074K [0x00000006eab00000, 0x000000074e300000, 0x00000007c0000000)
  eden space 444928K, 100% used [0x00000006eab00000,0x0000000705d80000,0x0000000705d80000)
  from space 455168K, 99% used [0x0000000726a80000,0x00000007426fab30,0x0000000742700000)
  to   space 537600K, 0% used [0x0000000705d80000,0x0000000705d80000,0x0000000726a80000)
 ParOldGen       total 1531392K, used 1090318K [0x0000000540000000, 0x000000059d780000, 0x00000006eab00000)
  object space 1531392K, 71% used [0x0000000540000000,0x00000005828c38a8,0x000000059d780000)
 Metaspace       used 4522K, capacity 5528K, committed 5760K, reserved 1056768K
  class space    used 495K, capacity 520K, committed 640K, reserved 1048576K

