# JRE version: Java(TM) SE Runtime Environment (8.0_161-b12) (build 1.8.0_161-b12)
# Java VM: Java HotSpot(TM) 64-Bit Server VM (25.161-b12 mixed mode linux-amd64 compressed oops)
Heap:
 PSYoungGen      total 414720K, used 229108K [0x000000076d300000, 0x0000000790680000, 0x00000007c0000000)
  eden space 322560K, 68% used [0x000000076d300000,0x000000077aa4e8b8,0x0000000780e00000)
  from space 92160K, 9% used [0x0000000787c00000,0x000000078846e920,0x000000078d600000)
  to   space 112640K, 0% used [0x0000000780e00000,0x0000000780e00000,0x0000000787c00000)
 ParOldGen       total 550400K, used 534196K [0x00000006c7800000, 0x00000006e9180000, 0x000000076d300000)
  object space 550400K, 97% used [0x00000006c7800000,0x00000006e81ad148,0x00000006e9180000)
 Metaspace       used 3623K, capacity 4888K, committed 5120K, reserved 1056768K
  class space    used 403K, capacity 456K, committed 512K, reserved 1048576K
GC Heap History (10 events):
Event: 2.094 GC heap before
{Heap before GC invocations=4 (full 0):
 PSYoungGen      total 139264K, used 139234K [0x000000076d300000, 0x000000077e300000, 0x00000007c0000000)
  eden space 129024K, 100% used [0x000000076d300000,0x0000000775100000,0x0000000775100000)
  from space 10240K, 99% used [0x0000000775100000,0x0000000775af8910,0x0000000775b00000)
  to   space 10240K, 0% used [0x000000077d900000,0x000000077d900000,0x000000077e300000)
 ParOldGen       total 171008K, used 76472K [0x00000006c7800000, 0x00000006d1f00000, 0x000000076d300000)
  object space 171008K, 44% used [0x00000006c7800000,0x00000006cc2ae000,0x00000006d1f00000)
 Metaspace       used 3244K, capacity 4566K, committed 4864K, reserved 1056768K
  class space    used 353K, capacity 390K, committed 512K, reserved 1048576K
Event: 2.190 GC heap after
Heap after GC invocations=4 (full 0):
 PSYoungGen      total 268288K, used 10226K [0x000000076d300000, 0x000000077e300000, 0x00000007c0000000)
  eden space 258048K, 0% used [0x000000076d300000,0x000000076d300000,0x000000077cf00000)
  from space 10240K, 99% used [0x000000077d900000,0x000000077e2fc920,0x000000077e300000)
  to   space 10240K, 0% used [0x000000077cf00000,0x000000077cf00000,0x000000077d900000)
 ParOldGen       total 171008K, used 119536K [0x00000006c7800000, 0x00000006d1f00000, 0x000000076d300000)
  object space 171008K, 69% used [0x00000006c7800000,0x00000006cecbc000,0x00000006d1f00000)
 Metaspace       used 3244K, capacity 4566K, committed 4864K, reserved 1056768K
  class space    used 353K, capacity 390K, committed 512K, reserved 1048576K
}
Event: 2.190 GC heap before
{Heap before GC invocations=5 (full 1):
 PSYoungGen      total 268288K, used 10226K [0x000000076d300000, 0x000000077e300000, 0x00000007c0000000)
  eden space 258048K, 0% used [0x000000076d300000,0x000000076d300000,0x000000077cf00000)
  from space 10240K, 99% used [0x000000077d900000,0x000000077e2fc920,0x000000077e300000)
  to   space 10240K, 0% used [0x000000077cf00000,0x000000077cf00000,0x000000077d900000)
 ParOldGen       total 171008K, used 119536K [0x00000006c7800000, 0x00000006d1f00000, 0x000000076d300000)
  object space 171008K, 69% used [0x00000006c7800000,0x00000006cecbc000,0x00000006d1f00000)
 Metaspace       used 3244K, capacity 4566K, committed 4864K, reserved 1056768K
  class space    used 353K, capacity 390K, committed 512K, reserved 1048576K
Event: 2.916 GC heap after
Heap after GC invocations=5 (full 1):
 PSYoungGen      total 268288K, used 0K [0x000000076d300000, 0x000000077e300000, 0x00000007c0000000)
  eden space 258048K, 0% used [0x000000076d300000,0x000000076d300000,0x000000077cf00000)
  from space 10240K, 0% used [0x000000077d900000,0x000000077d900000,0x000000077e300000)
  to   space 10240K, 0% used [0x000000077cf00000,0x000000077cf00000,0x000000077d900000)
 ParOldGen       total 290816K, used 127641K [0x00000006c7800000, 0x00000006d9400000, 0x000000076d300000)
  object space 290816K, 43% used [0x00000006c7800000,0x00000006cf4a6520,0x00000006d9400000)
 Metaspace       used 3244K, capacity 4566K, committed 4864K, reserved 1056768K
  class space    used 353K, capacity 390K, committed 512K, reserved 1048576K
}
Event: 4.193 GC heap before
{Heap before GC invocations=6 (full 1):
 PSYoungGen      total 268288K, used 258048K [0x000000076d300000, 0x000000077e300000, 0x00000007c0000000)
  eden space 258048K, 100% used [0x000000076d300000,0x000000077cf00000,0x000000077cf00000)
  from space 10240K, 0% used [0x000000077d900000,0x000000077d900000,0x000000077e300000)
  to   space 10240K, 0% used [0x000000077cf00000,0x000000077cf00000,0x000000077d900000)
 ParOldGen       total 290816K, used 127641K [0x00000006c7800000, 0x00000006d9400000, 0x000000076d300000)
  object space 290816K, 43% used [0x00000006c7800000,0x00000006cf4a6520,0x00000006d9400000)
 Metaspace       used 3244K, capacity 4566K, committed 4864K, reserved 1056768K
  class space    used 353K, capacity 390K, committed 512K, reserved 1048576K
Event: 4.389 GC heap after
Heap after GC invocations=6 (full 1):
 PSYoungGen      total 268288K, used 10240K [0x000000076d300000, 0x000000078d600000, 0x00000007c0000000)
  eden space 258048K, 0% used [0x000000076d300000,0x000000076d300000,0x000000077cf00000)
  from space 10240K, 100% used [0x000000077cf00000,0x000000077d900000,0x000000077d900000)
  to   space 92160K, 0% used [0x0000000787c00000,0x0000000787c00000,0x000000078d600000)
 ParOldGen       total 290816K, used 202881K [0x00000006c7800000, 0x00000006d9400000, 0x000000076d300000)
  object space 290816K, 69% used [0x00000006c7800000,0x00000006d3e20520,0x00000006d9400000)
 Metaspace       used 3244K, capacity 4566K, committed 4864K, reserved 1056768K
  class space    used 353K, capacity 390K, committed 512K, reserved 1048576K
}
Event: 5.694 GC heap before
{Heap before GC invocations=7 (full 1):
 PSYoungGen      total 268288K, used 266223K [0x000000076d300000, 0x000000078d600000, 0x00000007c0000000)
  eden space 258048K, 99% used [0x000000076d300000,0x000000077ccfbc00,0x000000077cf00000)
  from space 10240K, 100% used [0x000000077cf00000,0x000000077d900000,0x000000077d900000)
  to   space 92160K, 0% used [0x0000000787c00000,0x0000000787c00000,0x000000078d600000)
 ParOldGen       total 290816K, used 202881K [0x00000006c7800000, 0x00000006d9400000, 0x000000076d300000)
  object space 290816K, 69% used [0x00000006c7800000,0x00000006d3e20520,0x00000006d9400000)
 Metaspace       used 3623K, capacity 4888K, committed 5120K, reserved 1056768K
  class space    used 403K, capacity 456K, committed 512K, reserved 1048576K
Event: 6.023 GC heap after
Heap after GC invocations=7 (full 1):
 PSYoungGen      total 414720K, used 92128K [0x000000076d300000, 0x0000000790680000, 0x00000007c0000000)
  eden space 322560K, 0% used [0x000000076d300000,0x000000076d300000,0x0000000780e00000)
  from space 92160K, 99% used [0x0000000787c00000,0x000000078d5f8010,0x000000078d600000)
  to   space 112640K, 0% used [0x0000000780e00000,0x0000000780e00000,0x0000000787c00000)
 ParOldGen       total 290816K, used 208758K [0x00000006c7800000, 0x00000006d9400000, 0x000000076d300000)
  object space 290816K, 71% used [0x00000006c7800000,0x00000006d43dd858,0x00000006d9400000)
 Metaspace       used 3623K, capacity 4888K, committed 5120K, reserved 1056768K
  class space    used 403K, capacity 456K, committed 512K, reserved 1048576K
}
Event: 6.023 GC heap before
{Heap before GC invocations=8 (full 2):
 PSYoungGen      total 414720K, used 92128K [0x000000076d300000, 0x0000000790680000, 0x00000007c0000000)
  eden space 322560K, 0% used [0x000000076d300000,0x000000076d300000,0x0000000780e00000)
  from space 92160K, 99% used [0x0000000787c00000,0x000000078d5f8010,0x000000078d600000)
  to   space 112640K, 0% used [0x0000000780e00000,0x0000000780e00000,0x0000000787c00000)
 ParOldGen       total 290816K, used 208758K [0x00000006c7800000, 0x00000006d9400000, 0x000000076d300000)
  object space 290816K, 71% used [0x00000006c7800000,0x00000006d43dd858,0x00000006d9400000)
 Metaspace       used 3623K, capacity 4888K, committed 5120K, reserved 1056768K
  class space    used 403K, capacity 456K, committed 512K, reserved 1048576K
Event: 7.273 GC heap after
Heap after GC invocations=8 (full 2):
 PSYoungGen      total 414720K, used 8634K [0x000000076d300000, 0x0000000790680000, 0x00000007c0000000)
  eden space 322560K, 0% used [0x000000076d300000,0x000000076d300000,0x0000000780e00000)
  from space 92160K, 9% used [0x0000000787c00000,0x000000078846e920,0x000000078d600000)
  to   space 112640K, 0% used [0x0000000780e00000,0x0000000780e00000,0x0000000787c00000)
 ParOldGen       total 550400K, used 290484K [0x00000006c7800000, 0x00000006e9180000, 0x000000076d300000)
  object space 550400K, 52% used [0x00000006c7800000,0x00000006d93ad138,0x00000006e9180000)
 Metaspace       used 3623K, capacity 4888K, committed 5120K, reserved 1056768K
  class space    used 403K, capacity 456K, committed 512K, reserved 1048576K
}

