# JRE version: Java(TM) SE Runtime Environment (8.0_161-b12) (build 1.8.0_161-b12)
# Java VM: Java HotSpot(TM) 64-Bit Server VM (25.161-b12 mixed mode linux-amd64 compressed oops)
Heap:
 PSYoungGen      total 1469952K, used 263175K [0x00000006eab00000, 0x0000000779180000, 0x00000007c0000000)
  eden space 678912K, 0% used [0x00000006eab00000,0x00000006eab00000,0x0000000714200000)
  from space 791040K, 33% used [0x0000000714200000,0x0000000724301e30,0x0000000744680000)
  to   space 753664K, 0% used [0x000000074b180000,0x000000074b180000,0x0000000779180000)
 ParOldGen       total 1811456K, used 1811353K [0x0000000540000000, 0x00000005ae900000, 0x00000006eab00000)
  object space 1811456K, 99% used [0x0000000540000000,0x00000005ae8e6418,0x00000005ae900000)
 Metaspace       used 4445K, capacity 5528K, committed 5760K, reserved 1056768K
  class space    used 485K, capacity 520K, committed 640K, reserved 1048576K
GC Heap History (10 events):
Event: 17.360 GC heap after
Heap after GC invocations=26 (full 6):
 PSYoungGen      total 1306112K, used 337495K [0x00000006eab00000, 0x0000000761b00000, 0x00000007c0000000)
  eden space 703488K, 0% used [0x00000006eab00000,0x00000006eab00000,0x0000000715a00000)
  from space 602624K, 56% used [0x000000073ce80000,0x0000000751815d80,0x0000000761b00000)
  to   space 623104K, 0% used [0x0000000715a00000,0x0000000715a00000,0x000000073ba80000)
 ParOldGen       total 901632K, used 583612K [0x0000000540000000, 0x0000000577080000, 0x00000006eab00000)
  object space 901632K, 64% used [0x0000000540000000,0x00000005639ef368,0x0000000577080000)
 Metaspace       used 4445K, capacity 5528K, committed 5760K, reserved 1056768K
  class space    used 485K, capacity 520K, committed 640K, reserved 1048576K
}
Event: 17.360 GC heap before
{Heap before GC invocations=27 (full 7):
 PSYoungGen      total 1306112K, used 337495K [0x00000006eab00000, 0x0000000761b00000, 0x00000007c0000000)
  eden space 703488K, 0% used [0x00000006eab00000,0x00000006eab00000,0x0000000715a00000)
  from space 602624K, 56% used [0x000000073ce80000,0x0000000751815d80,0x0000000761b00000)
  to   space 623104K, 0% used [0x0000000715a00000,0x0000000715a00000,0x000000073ba80000)
 ParOldGen       total 901632K, used 583612K [0x0000000540000000, 0x0000000577080000, 0x00000006eab00000)
  object space 901632K, 64% used [0x0000000540000000,0x00000005639ef368,0x0000000577080000)
 Metaspace       used 4445K, capacity 5528K, committed 5760K, reserved 1056768K
  class space    used 485K, capacity 520K, committed 640K, reserved 1048576K
Event: 18.484 GC heap after
Heap after GC invocations=27 (full 7):
 PSYoungGen      total 1306112K, used 15364K [0x00000006eab00000, 0x0000000761b00000, 0x00000007c0000000)
  eden space 703488K, 0% used [0x00000006eab00000,0x00000006eab00000,0x0000000715a00000)
  from space 602624K, 2% used [0x000000073ce80000,0x000000073dd81088,0x0000000761b00000)
  to   space 623104K, 0% used [0x0000000715a00000,0x0000000715a00000,0x000000073ba80000)
 ParOldGen       total 1811456K, used 901464K [0x0000000540000000, 0x00000005ae900000, 0x00000006eab00000)
  object space 1811456K, 49% used [0x0000000540000000,0x0000000577056228,0x00000005ae900000)
 Metaspace       used 4445K, capacity 5528K, committed 5760K, reserved 1056768K
  class space    used 485K, capacity 520K, committed 640K, reserved 1048576K
}
Event: 19.228 GC heap before
{Heap before GC invocations=28 (full 7):
 PSYoungGen      total 1306112K, used 718852K [0x00000006eab00000, 0x0000000761b00000, 0x00000007c0000000)
  eden space 703488K, 100% used [0x00000006eab00000,0x0000000715a00000,0x0000000715a00000)
  from space 602624K, 2% used [0x000000073ce80000,0x000000073dd81088,0x0000000761b00000)
  to   space 623104K, 0% used [0x0000000715a00000,0x0000000715a00000,0x000000073ba80000)
 ParOldGen       total 1811456K, used 901464K [0x0000000540000000, 0x00000005ae900000, 0x00000006eab00000)
  object space 1811456K, 49% used [0x0000000540000000,0x0000000577056228,0x00000005ae900000)
 Metaspace       used 4445K, capacity 5528K, committed 5760K, reserved 1056768K
  class space    used 485K, capacity 520K, committed 640K, reserved 1048576K
Event: 19.499 GC heap after
Heap after GC invocations=28 (full 7):
 PSYoungGen      total 1326592K, used 412156K [0x00000006eab00000, 0x000000076b280000, 0x00000007c0000000)
  eden space 703488K, 0% used [0x00000006eab00000,0x00000006eab00000,0x0000000715a00000)
  from space 623104K, 66% used [0x0000000715a00000,0x000000072ec7f230,0x000000073ba80000)
  to   space 634880K, 0% used [0x0000000744680000,0x0000000744680000,0x000000076b280000)
 ParOldGen       total 1811456K, used 916920K [0x0000000540000000, 0x00000005ae900000, 0x00000006eab00000)
  object space 1811456K, 50% used [0x0000000540000000,0x0000000577f6e228,0x00000005ae900000)
 Metaspace       used 4445K, capacity 5528K, committed 5760K, reserved 1056768K
  class space    used 485K, capacity 520K, committed 640K, reserved 1048576K
}
Event: 20.254 GC heap before
{Heap before GC invocations=29 (full 7):
 PSYoungGen      total 1326592K, used 1115644K [0x00000006eab00000, 0x000000076b280000, 0x00000007c0000000)
  eden space 703488K, 100% used [0x00000006eab00000,0x0000000715a00000,0x0000000715a00000)
  from space 623104K, 66% used [0x0000000715a00000,0x000000072ec7f230,0x000000073ba80000)
  to   space 634880K, 0% used [0x0000000744680000,0x0000000744680000,0x000000076b280000)
 ParOldGen       total 1811456K, used 916920K [0x0000000540000000, 0x00000005ae900000, 0x00000006eab00000)
  object space 1811456K, 50% used [0x0000000540000000,0x0000000577f6e228,0x00000005ae900000)
 Metaspace       used 4445K, capacity 5528K, committed 5760K, reserved 1056768K
  class space    used 485K, capacity 520K, committed 640K, reserved 1048576K
Event: 20.747 GC heap after
Heap after GC invocations=29 (full 7):
 PSYoungGen      total 1313792K, used 634858K [0x00000006eab00000, 0x000000077ea00000, 0x00000007c0000000)
  eden space 678912K, 0% used [0x00000006eab00000,0x00000006eab00000,0x0000000714200000)
  from space 634880K, 99% used [0x0000000744680000,0x000000076b27ab30,0x000000076b280000)
  to   space 791040K, 0% used [0x0000000714200000,0x0000000714200000,0x0000000744680000)
 ParOldGen       total 1811456K, used 1095952K [0x0000000540000000, 0x00000005ae900000, 0x00000006eab00000)
  object space 1811456K, 60% used [0x0000000540000000,0x0000000582e44228,0x00000005ae900000)
 Metaspace       used 4445K, capacity 5528K, committed 5760K, reserved 1056768K
  class space    used 485K, capacity 520K, committed 640K, reserved 1048576K
}
Event: 21.477 GC heap before
{Heap before GC invocations=30 (full 7):
 PSYoungGen      total 1313792K, used 1313770K [0x00000006eab00000, 0x000000077ea00000, 0x00000007c0000000)
  eden space 678912K, 100% used [0x00000006eab00000,0x0000000714200000,0x0000000714200000)
  from space 634880K, 99% used [0x0000000744680000,0x000000076b27ab30,0x000000076b280000)
  to   space 791040K, 0% used [0x0000000714200000,0x0000000714200000,0x0000000744680000)
 ParOldGen       total 1811456K, used 1095952K [0x0000000540000000, 0x00000005ae900000, 0x00000006eab00000)
  object space 1811456K, 60% used [0x0000000540000000,0x0000000582e44228,0x00000005ae900000)
 Metaspace       used 4445K, capacity 5528K, committed 5760K, reserved 1056768K
  class space    used 485K, capacity 520K, committed 640K, reserved 1048576K
Event: 22.541 GC heap after
Heap after GC invocations=30 (full 7):
 PSYoungGen      total 1469952K, used 369024K [0x00000006eab00000, 0x0000000779180000, 0x00000007c0000000)
  eden space 678912K, 0% used [0x00000006eab00000,0x00000006eab00000,0x0000000714200000)
  from space 791040K, 46% used [0x0000000714200000,0x000000072aa600b0,0x0000000744680000)
  to   space 753664K, 0% used [0x000000074b180000,0x000000074b180000,0x0000000779180000)
 ParOldGen       total 1811456K, used 1715136K [0x0000000540000000, 0x00000005ae900000, 0x00000006eab00000)
  object space 1811456K, 94% used [0x0000000540000000,0x00000005a8af0228,0x00000005ae900000)
 Metaspace       used 4445K, capacity 5528K, committed 5760K, reserved 1056768K
  class space    used 485K, capacity 520K, committed 640K, reserved 1048576K
}
Event: 22.545 GC heap before
{Heap before GC invocations=31 (full 8):
 PSYoungGen      total 1469952K, used 369024K [0x00000006eab00000, 0x0000000779180000, 0x00000007c0000000)
  eden space 678912K, 0% used [0x00000006eab00000,0x00000006eab00000,0x0000000714200000)
  from space 791040K, 46% used [0x0000000714200000,0x000000072aa600b0,0x0000000744680000)
  to   space 753664K, 0% used [0x000000074b180000,0x000000074b180000,0x0000000779180000)
 ParOldGen       total 1811456K, used 1715136K [0x0000000540000000, 0x00000005ae900000, 0x00000006eab00000)
  object space 1811456K, 94% used [0x0000000540000000,0x00000005a8af0228,0x00000005ae900000)
 Metaspace       used 4445K, capacity 5528K, committed 5760K, reserved 1056768K
  class space    used 485K, capacity 520K, committed 640K, reserved 1048576K

