# JRE version: Java(TM) SE Runtime Environment (8.0_161-b12) (build 1.8.0_161-b12)
# Java VM: Java HotSpot(TM) 64-Bit Server VM (25.161-b12 mixed mode linux-amd64 compressed oops)
Heap:
 PSYoungGen      total 108544K, used 47569K [0x000000076d300000, 0x000000077ac80000, 0x00000007c0000000)
  eden space 108032K, 44% used [0x000000076d300000,0x000000077016c5d8,0x0000000773c80000)
  from space 512K, 6% used [0x000000077ac00000,0x000000077ac08000,0x000000077ac80000)
  to   space 512K, 0% used [0x000000077ab80000,0x000000077ab80000,0x000000077ac00000)
 ParOldGen       total 2485248K, used 2352983K [0x00000006c7800000, 0x000000075f300000, 0x000000076d300000)
  object space 2485248K, 94% used [0x00000006c7800000,0x00000007571d5cd0,0x000000075f300000)
 Metaspace       used 4380K, capacity 5400K, committed 5760K, reserved 1056768K
  class space    used 496K, capacity 520K, committed 640K, reserved 1048576K
GC Heap History (10 events):
Event: 114.240 GC heap before
{Heap before GC invocations=83 (full 1):
 PSYoungGen      total 86016K, used 85536K [0x000000076d300000, 0x000000077ac80000, 0x00000007c0000000)
  eden space 85504K, 100% used [0x000000076d300000,0x0000000772680000,0x0000000772680000)
  from space 512K, 6% used [0x000000077ab80000,0x000000077ab88000,0x000000077ac00000)
  to   space 512K, 0% used [0x000000077ac00000,0x000000077ac00000,0x000000077ac80000)
 ParOldGen       total 2250240K, used 2118083K [0x00000006c7800000, 0x0000000750d80000, 0x000000076d300000)
  object space 2250240K, 94% used [0x00000006c7800000,0x0000000748c70ed0,0x0000000750d80000)
 Metaspace       used 4380K, capacity 5400K, committed 5760K, reserved 1056768K
  class space    used 496K, capacity 520K, committed 640K, reserved 1048576K
Event: 114.256 GC heap after
Heap after GC invocations=83 (full 1):
 PSYoungGen      total 83968K, used 32K [0x000000076d300000, 0x000000077ac80000, 0x00000007c0000000)
  eden space 83456K, 0% used [0x000000076d300000,0x000000076d300000,0x0000000772480000)
  from space 512K, 6% used [0x000000077ac00000,0x000000077ac08000,0x000000077ac80000)
  to   space 512K, 0% used [0x000000077ab80000,0x000000077ab80000,0x000000077ac00000)
 ParOldGen       total 2250240K, used 2118083K [0x00000006c7800000, 0x0000000750d80000, 0x000000076d300000)
  object space 2250240K, 94% used [0x00000006c7800000,0x0000000748c70ed0,0x0000000750d80000)
 Metaspace       used 4380K, capacity 5400K, committed 5760K, reserved 1056768K
  class space    used 496K, capacity 520K, committed 640K, reserved 1048576K
}
Event: 115.589 GC heap before
{Heap before GC invocations=84 (full 1):
 PSYoungGen      total 83968K, used 83488K [0x000000076d300000, 0x000000077ac80000, 0x00000007c0000000)
  eden space 83456K, 100% used [0x000000076d300000,0x0000000772480000,0x0000000772480000)
  from space 512K, 6% used [0x000000077ac00000,0x000000077ac08000,0x000000077ac80000)
  to   space 512K, 0% used [0x000000077ab80000,0x000000077ab80000,0x000000077ac00000)
 ParOldGen       total 2250240K, used 2118083K [0x00000006c7800000, 0x0000000750d80000, 0x000000076d300000)
  object space 2250240K, 94% used [0x00000006c7800000,0x0000000748c70ed0,0x0000000750d80000)
 Metaspace       used 4380K, capacity 5400K, committed 5760K, reserved 1056768K
  class space    used 496K, capacity 520K, committed 640K, reserved 1048576K
Event: 115.598 GC heap after
Heap after GC invocations=84 (full 1):
 PSYoungGen      total 81920K, used 32K [0x000000076d300000, 0x000000077ac80000, 0x00000007c0000000)
  eden space 81408K, 0% used [0x000000076d300000,0x000000076d300000,0x0000000772280000)
  from space 512K, 6% used [0x000000077ab80000,0x000000077ab88000,0x000000077ac00000)
  to   space 512K, 0% used [0x000000077ac00000,0x000000077ac00000,0x000000077ac80000)
 ParOldGen       total 2250240K, used 2118091K [0x00000006c7800000, 0x0000000750d80000, 0x000000076d300000)
  object space 2250240K, 94% used [0x00000006c7800000,0x0000000748c72ed0,0x0000000750d80000)
 Metaspace       used 4380K, capacity 5400K, committed 5760K, reserved 1056768K
  class space    used 496K, capacity 520K, committed 640K, reserved 1048576K
}
Event: 116.890 GC heap before
{Heap before GC invocations=85 (full 1):
 PSYoungGen      total 81920K, used 81440K [0x000000076d300000, 0x000000077ac80000, 0x00000007c0000000)
  eden space 81408K, 100% used [0x000000076d300000,0x0000000772280000,0x0000000772280000)
  from space 512K, 6% used [0x000000077ab80000,0x000000077ab88000,0x000000077ac00000)
  to   space 512K, 0% used [0x000000077ac00000,0x000000077ac00000,0x000000077ac80000)
 ParOldGen       total 2250240K, used 2118091K [0x00000006c7800000, 0x0000000750d80000, 0x000000076d300000)
  object space 2250240K, 94% used [0x00000006c7800000,0x0000000748c72ed0,0x0000000750d80000)
 Metaspace       used 4380K, capacity 5400K, committed 5760K, reserved 1056768K
  class space    used 496K, capacity 520K, committed 640K, reserved 1048576K
Event: 116.897 GC heap after
Heap after GC invocations=85 (full 1):
 PSYoungGen      total 79872K, used 32K [0x000000076d300000, 0x000000077ac80000, 0x00000007c0000000)
  eden space 79360K, 0% used [0x000000076d300000,0x000000076d300000,0x0000000772080000)
  from space 512K, 6% used [0x000000077ac00000,0x000000077ac08000,0x000000077ac80000)
  to   space 512K, 0% used [0x000000077ab80000,0x000000077ab80000,0x000000077ac00000)
 ParOldGen       total 2250240K, used 2118099K [0x00000006c7800000, 0x0000000750d80000, 0x000000076d300000)
  object space 2250240K, 94% used [0x00000006c7800000,0x0000000748c74ed0,0x0000000750d80000)
 Metaspace       used 4380K, capacity 5400K, committed 5760K, reserved 1056768K
  class space    used 496K, capacity 520K, committed 640K, reserved 1048576K
}
Event: 118.094 GC heap before
{Heap before GC invocations=86 (full 1):
 PSYoungGen      total 79872K, used 79392K [0x000000076d300000, 0x000000077ac80000, 0x00000007c0000000)
  eden space 79360K, 100% used [0x000000076d300000,0x0000000772080000,0x0000000772080000)
  from space 512K, 6% used [0x000000077ac00000,0x000000077ac08000,0x000000077ac80000)
  to   space 512K, 0% used [0x000000077ab80000,0x000000077ab80000,0x000000077ac00000)
 ParOldGen       total 2250240K, used 2118099K [0x00000006c7800000, 0x0000000750d80000, 0x000000076d300000)
  object space 2250240K, 94% used [0x00000006c7800000,0x0000000748c74ed0,0x0000000750d80000)
 Metaspace       used 4380K, capacity 5400K, committed 5760K, reserved 1056768K
  class space    used 496K, capacity 520K, committed 640K, reserved 1048576K
Event: 118.119 GC heap after
Heap after GC invocations=86 (full 1):
 PSYoungGen      total 93184K, used 32K [0x000000076d300000, 0x000000077ac80000, 0x00000007c0000000)
  eden space 92672K, 0% used [0x000000076d300000,0x000000076d300000,0x0000000772d80000)
  from space 512K, 6% used [0x000000077ab80000,0x000000077ab88000,0x000000077ac00000)
  to   space 512K, 0% used [0x000000077ac00000,0x000000077ac00000,0x000000077ac80000)
 ParOldGen       total 2250240K, used 2118107K [0x00000006c7800000, 0x0000000750d80000, 0x000000076d300000)
  object space 2250240K, 94% used [0x00000006c7800000,0x0000000748c76ed0,0x0000000750d80000)
 Metaspace       used 4380K, capacity 5400K, committed 5760K, reserved 1056768K
  class space    used 496K, capacity 520K, committed 640K, reserved 1048576K
}
Event: 119.667 GC heap before
{Heap before GC invocations=87 (full 1):
 PSYoungGen      total 93184K, used 92704K [0x000000076d300000, 0x000000077ac80000, 0x00000007c0000000)
  eden space 92672K, 100% used [0x000000076d300000,0x0000000772d80000,0x0000000772d80000)
  from space 512K, 6% used [0x000000077ab80000,0x000000077ab88000,0x000000077ac00000)
  to   space 512K, 0% used [0x000000077ac00000,0x000000077ac00000,0x000000077ac80000)
 ParOldGen       total 2250240K, used 2118107K [0x00000006c7800000, 0x0000000750d80000, 0x000000076d300000)
  object space 2250240K, 94% used [0x00000006c7800000,0x0000000748c76ed0,0x0000000750d80000)
 Metaspace       used 4380K, capacity 5400K, committed 5760K, reserved 1056768K
  class space    used 496K, capacity 520K, committed 640K, reserved 1048576K
Event: 119.679 GC heap after
Heap after GC invocations=87 (full 1):
 PSYoungGen      total 108544K, used 32K [0x000000076d300000, 0x000000077ac80000, 0x00000007c0000000)
  eden space 108032K, 0% used [0x000000076d300000,0x000000076d300000,0x0000000773c80000)
  from space 512K, 6% used [0x000000077ac00000,0x000000077ac08000,0x000000077ac80000)
  to   space 512K, 0% used [0x000000077ab80000,0x000000077ab80000,0x000000077ac00000)
 ParOldGen       total 2250240K, used 2118107K [0x00000006c7800000, 0x0000000750d80000, 0x000000076d300000)
  object space 2250240K, 94% used [0x00000006c7800000,0x0000000748c76ed0,0x0000000750d80000)
 Metaspace       used 4380K, capacity 5400K, committed 5760K, reserved 1056768K
  class space    used 496K, capacity 520K, committed 640K, reserved 1048576K
}

