# JRE version: Java(TM) SE Runtime Environment (8.0_161-b12) (build 1.8.0_161-b12)
# Java VM: Java HotSpot(TM) 64-Bit Server VM (25.161-b12 mixed mode linux-amd64 compressed oops)
Heap:
 PSYoungGen      total 669696K, used 32K [0x000000076d300000, 0x000000079a880000, 0x00000007c0000000)
  eden space 668672K, 0% used [0x000000076d300000,0x000000076d300000,0x0000000796000000)
  from space 1024K, 3% used [0x0000000796000000,0x0000000796008000,0x0000000796100000)
  to   space 1024K, 0% used [0x0000000796100000,0x0000000796100000,0x0000000796200000)
 ParOldGen       total 966144K, used 792498K [0x00000006c7800000, 0x0000000702780000, 0x000000076d300000)
  object space 966144K, 82% used [0x00000006c7800000,0x00000006f7decbb8,0x0000000702780000)
 Metaspace       used 4339K, capacity 5400K, committed 5760K, reserved 1056768K
  class space    used 495K, capacity 520K, committed 640K, reserved 1048576K
GC Heap History (10 events):
Event: 2.842 GC heap after
Heap after GC invocations=15 (full 3):
 PSYoungGen      total 567296K, used 128K [0x000000076d300000, 0x000000078fe00000, 0x00000007c0000000)
  eden space 566272K, 0% used [0x000000076d300000,0x000000076d300000,0x000000078fc00000)
  from space 1024K, 12% used [0x000000078fd00000,0x000000078fd20000,0x000000078fe00000)
  to   space 1024K, 0% used [0x000000078fc00000,0x000000078fc00000,0x000000078fd00000)
 ParOldGen       total 959488K, used 324440K [0x00000006c7800000, 0x0000000702100000, 0x000000076d300000)
  object space 959488K, 33% used [0x00000006c7800000,0x00000006db4d63f0,0x0000000702100000)
 Metaspace       used 4338K, capacity 5400K, committed 5760K, reserved 1056768K
  class space    used 495K, capacity 520K, committed 640K, reserved 1048576K
}
Event: 2.842 GC heap before
{Heap before GC invocations=16 (full 4):
 PSYoungGen      total 567296K, used 128K [0x000000076d300000, 0x000000078fe00000, 0x00000007c0000000)
  eden space 566272K, 0% used [0x000000076d300000,0x000000076d300000,0x000000078fc00000)
  from space 1024K, 12% used [0x000000078fd00000,0x000000078fd20000,0x000000078fe00000)
  to   space 1024K, 0% used [0x000000078fc00000,0x000000078fc00000,0x000000078fd00000)
 ParOldGen       total 959488K, used 324440K [0x00000006c7800000, 0x0000000702100000, 0x000000076d300000)
  object space 959488K, 33% used [0x00000006c7800000,0x00000006db4d63f0,0x0000000702100000)
 Metaspace       used 4338K, capacity 5400K, committed 5760K, reserved 1056768K
  class space    used 495K, capacity 520K, committed 640K, reserved 1048576K
Event: 2.848 GC heap after
Heap after GC invocations=16 (full 4):
 PSYoungGen      total 567296K, used 0K [0x000000076d300000, 0x000000078fe00000, 0x00000007c0000000)
  eden space 566272K, 0% used [0x000000076d300000,0x000000076d300000,0x000000078fc00000)
  from space 1024K, 0% used [0x000000078fd00000,0x000000078fd00000,0x000000078fe00000)
  to   space 1024K, 0% used [0x000000078fc00000,0x000000078fc00000,0x000000078fd00000)
 ParOldGen       total 959488K, used 324473K [0x00000006c7800000, 0x0000000702100000, 0x000000076d300000)
  object space 959488K, 33% used [0x00000006c7800000,0x00000006db4de728,0x0000000702100000)
 Metaspace       used 4338K, capacity 5400K, committed 5760K, reserved 1056768K
  class space    used 495K, capacity 520K, committed 640K, reserved 1048576K
}
Event: 3.273 GC heap before
{Heap before GC invocations=17 (full 4):
 PSYoungGen      total 567296K, used 566272K [0x000000076d300000, 0x000000078fe00000, 0x00000007c0000000)
  eden space 566272K, 100% used [0x000000076d300000,0x000000078fc00000,0x000000078fc00000)
  from space 1024K, 0% used [0x000000078fd00000,0x000000078fd00000,0x000000078fe00000)
  to   space 1024K, 0% used [0x000000078fc00000,0x000000078fc00000,0x000000078fd00000)
 ParOldGen       total 959488K, used 324473K [0x00000006c7800000, 0x0000000702100000, 0x000000076d300000)
  object space 959488K, 33% used [0x00000006c7800000,0x00000006db4de728,0x0000000702100000)
 Metaspace       used 4338K, capacity 5400K, committed 5760K, reserved 1056768K
  class space    used 495K, capacity 520K, committed 640K, reserved 1048576K
Event: 3.320 GC heap after
Heap after GC invocations=17 (full 4):
 PSYoungGen      total 567296K, used 32K [0x000000076d300000, 0x0000000796200000, 0x00000007c0000000)
  eden space 566272K, 0% used [0x000000076d300000,0x000000076d300000,0x000000078fc00000)
  from space 1024K, 3% used [0x000000078fc00000,0x000000078fc08000,0x000000078fd00000)
  to   space 1024K, 0% used [0x0000000796100000,0x0000000796100000,0x0000000796200000)
 ParOldGen       total 959488K, used 324473K [0x00000006c7800000, 0x0000000702100000, 0x000000076d300000)
  object space 959488K, 33% used [0x00000006c7800000,0x00000006db4de728,0x0000000702100000)
 Metaspace       used 4338K, capacity 5400K, committed 5760K, reserved 1056768K
  class space    used 495K, capacity 520K, committed 640K, reserved 1048576K
}
Event: 3.586 GC heap before
{Heap before GC invocations=18 (full 4):
 PSYoungGen      total 567296K, used 493758K [0x000000076d300000, 0x0000000796200000, 0x00000007c0000000)
  eden space 566272K, 87% used [0x000000076d300000,0x000000078b5279d8,0x000000078fc00000)
  from space 1024K, 3% used [0x000000078fc00000,0x000000078fc08000,0x000000078fd00000)
  to   space 1024K, 0% used [0x0000000796100000,0x0000000796100000,0x0000000796200000)
 ParOldGen       total 959488K, used 324473K [0x00000006c7800000, 0x0000000702100000, 0x000000076d300000)
  object space 959488K, 33% used [0x00000006c7800000,0x00000006db4de728,0x0000000702100000)
 Metaspace       used 4338K, capacity 5400K, committed 5760K, reserved 1056768K
  class space    used 495K, capacity 520K, committed 640K, reserved 1048576K
Event: 3.665 GC heap after
Heap after GC invocations=18 (full 4):
 PSYoungGen      total 669696K, used 96K [0x000000076d300000, 0x000000079a880000, 0x00000007c0000000)
  eden space 668672K, 0% used [0x000000076d300000,0x000000076d300000,0x0000000796000000)
  from space 1024K, 9% used [0x0000000796100000,0x0000000796118000,0x0000000796200000)
  to   space 1024K, 0% used [0x0000000796000000,0x0000000796000000,0x0000000796100000)
 ParOldGen       total 959488K, used 792498K [0x00000006c7800000, 0x0000000702100000, 0x000000076d300000)
  object space 959488K, 82% used [0x00000006c7800000,0x00000006f7decac8,0x0000000702100000)
 Metaspace       used 4338K, capacity 5400K, committed 5760K, reserved 1056768K
  class space    used 495K, capacity 520K, committed 640K, reserved 1048576K
}
Event: 3.680 GC heap before
{Heap before GC invocations=19 (full 5):
 PSYoungGen      total 669696K, used 96K [0x000000076d300000, 0x000000079a880000, 0x00000007c0000000)
  eden space 668672K, 0% used [0x000000076d300000,0x000000076d300000,0x0000000796000000)
  from space 1024K, 9% used [0x0000000796100000,0x0000000796118000,0x0000000796200000)
  to   space 1024K, 0% used [0x0000000796000000,0x0000000796000000,0x0000000796100000)
 ParOldGen       total 959488K, used 792498K [0x00000006c7800000, 0x0000000702100000, 0x000000076d300000)
  object space 959488K, 82% used [0x00000006c7800000,0x00000006f7decac8,0x0000000702100000)
 Metaspace       used 4338K, capacity 5400K, committed 5760K, reserved 1056768K
  class space    used 495K, capacity 520K, committed 640K, reserved 1048576K
Event: 3.703 GC heap after
Heap after GC invocations=19 (full 5):
 PSYoungGen      total 669696K, used 0K [0x000000076d300000, 0x000000079a880000, 0x00000007c0000000)
  eden space 668672K, 0% used [0x000000076d300000,0x000000076d300000,0x0000000796000000)
  from space 1024K, 0% used [0x0000000796100000,0x0000000796100000,0x0000000796200000)
  to   space 1024K, 0% used [0x0000000796000000,0x0000000796000000,0x0000000796100000)
 ParOldGen       total 966144K, used 558486K [0x00000006c7800000, 0x0000000702780000, 0x000000076d300000)
  object space 966144K, 57% used [0x00000006c7800000,0x00000006e99659e8,0x0000000702780000)
 Metaspace       used 4338K, capacity 5400K, committed 5760K, reserved 1056768K
  class space    used 495K, capacity 520K, committed 640K, reserved 1048576K
}
Event: 3.807 GC heap before
{Heap before GC invocations=20 (full 5):
 PSYoungGen      total 669696K, used 246265K [0x000000076d300000, 0x000000079a880000, 0x00000007c0000000)
  eden space 668672K, 36% used [0x000000076d300000,0x000000077c37e520,0x0000000796000000)
  from space 1024K, 0% used [0x0000000796100000,0x0000000796100000,0x0000000796200000)
  to   space 1024K, 0% used [0x0000000796000000,0x0000000796000000,0x0000000796100000)
 ParOldGen       total 966144K, used 558486K [0x00000006c7800000, 0x0000000702780000, 0x000000076d300000)
  object space 966144K, 57% used [0x00000006c7800000,0x00000006e99659e8,0x0000000702780000)
 Metaspace       used 4339K, capacity 5400K, committed 5760K, reserved 1056768K
  class space    used 495K, capacity 520K, committed 640K, reserved 1048576K

