# JRE version: Java(TM) SE Runtime Environment (8.0_161-b12) (build 1.8.0_161-b12)
# Java VM: Java HotSpot(TM) 64-Bit Server VM (25.161-b12 mixed mode linux-amd64 compressed oops)
Heap:
 PSYoungGen      total 1288704K, used 25138K [0x000000076d300000, 0x00000007c0000000, 0x00000007c0000000)
  eden space 1220608K, 0% used [0x000000076d300000,0x000000076d300000,0x00000007b7b00000)
  from space 68096K, 36% used [0x00000007bbd80000,0x00000007bd60c8e0,0x00000007c0000000)
  to   space 68096K, 0% used [0x00000007b7b00000,0x00000007b7b00000,0x00000007bbd80000)
 ParOldGen       total 822272K, used 822031K [0x00000006c7800000, 0x00000006f9b00000, 0x000000076d300000)
  object space 822272K, 99% used [0x00000006c7800000,0x00000006f9ac3ca8,0x00000006f9b00000)
 Metaspace       used 4587K, capacity 5528K, committed 5760K, reserved 1056768K
  class space    used 497K, capacity 520K, committed 640K, reserved 1048576K
GC Heap History (10 events):
Event: 194.017 GC heap after
Heap after GC invocations=105 (full 3):
 PSYoungGen      total 1288192K, used 63127K [0x000000076d300000, 0x00000007c0000000, 0x00000007c0000000)
  eden space 1219584K, 0% used [0x000000076d300000,0x000000076d300000,0x00000007b7a00000)
  from space 68608K, 92% used [0x00000007bbd00000,0x00000007bfaa5d80,0x00000007c0000000)
  to   space 68608K, 0% used [0x00000007b7a00000,0x00000007b7a00000,0x00000007bbd00000)
 ParOldGen       total 822272K, used 775515K [0x00000006c7800000, 0x00000006f9b00000, 0x000000076d300000)
  object space 822272K, 94% used [0x00000006c7800000,0x00000006f6d56c90,0x00000006f9b00000)
 Metaspace       used 4587K, capacity 5528K, committed 5760K, reserved 1056768K
  class space    used 497K, capacity 520K, committed 640K, reserved 1048576K
}
Event: 195.963 GC heap before
{Heap before GC invocations=106 (full 3):
 PSYoungGen      total 1288192K, used 1282711K [0x000000076d300000, 0x00000007c0000000, 0x00000007c0000000)
  eden space 1219584K, 100% used [0x000000076d300000,0x00000007b7a00000,0x00000007b7a00000)
  from space 68608K, 92% used [0x00000007bbd00000,0x00000007bfaa5d80,0x00000007c0000000)
  to   space 68608K, 0% used [0x00000007b7a00000,0x00000007b7a00000,0x00000007bbd00000)
 ParOldGen       total 822272K, used 775515K [0x00000006c7800000, 0x00000006f9b00000, 0x000000076d300000)
  object space 822272K, 94% used [0x00000006c7800000,0x00000006f6d56c90,0x00000006f9b00000)
 Metaspace       used 4587K, capacity 5528K, committed 5760K, reserved 1056768K
  class space    used 497K, capacity 520K, committed 640K, reserved 1048576K
Event: 196.060 GC heap after
Heap after GC invocations=106 (full 3):
 PSYoungGen      total 1288192K, used 63127K [0x000000076d300000, 0x00000007c0000000, 0x00000007c0000000)
  eden space 1219584K, 0% used [0x000000076d300000,0x000000076d300000,0x00000007b7a00000)
  from space 68608K, 92% used [0x00000007b7a00000,0x00000007bb7a5d80,0x00000007bbd00000)
  to   space 68608K, 0% used [0x00000007bbd00000,0x00000007bbd00000,0x00000007c0000000)
 ParOldGen       total 822272K, used 779379K [0x00000006c7800000, 0x00000006f9b00000, 0x000000076d300000)
  object space 822272K, 94% used [0x00000006c7800000,0x00000006f711cc90,0x00000006f9b00000)
 Metaspace       used 4587K, capacity 5528K, committed 5760K, reserved 1056768K
  class space    used 497K, capacity 520K, committed 640K, reserved 1048576K
}
Event: 198.377 GC heap before
{Heap before GC invocations=107 (full 3):
 PSYoungGen      total 1288192K, used 1282711K [0x000000076d300000, 0x00000007c0000000, 0x00000007c0000000)
  eden space 1219584K, 100% used [0x000000076d300000,0x00000007b7a00000,0x00000007b7a00000)
  from space 68608K, 92% used [0x00000007b7a00000,0x00000007bb7a5d80,0x00000007bbd00000)
  to   space 68608K, 0% used [0x00000007bbd00000,0x00000007bbd00000,0x00000007c0000000)
 ParOldGen       total 822272K, used 779379K [0x00000006c7800000, 0x00000006f9b00000, 0x000000076d300000)
  object space 822272K, 94% used [0x00000006c7800000,0x00000006f711cc90,0x00000006f9b00000)
 Metaspace       used 4587K, capacity 5528K, committed 5760K, reserved 1056768K
  class space    used 497K, capacity 520K, committed 640K, reserved 1048576K
Event: 198.476 GC heap after
Heap after GC invocations=107 (full 3):
 PSYoungGen      total 1287168K, used 63063K [0x000000076d300000, 0x00000007bff00000, 0x00000007c0000000)
  eden space 1219584K, 0% used [0x000000076d300000,0x000000076d300000,0x00000007b7a00000)
  from space 67584K, 93% used [0x00000007bbd00000,0x00000007bfa95d80,0x00000007bff00000)
  to   space 68096K, 0% used [0x00000007b7a00000,0x00000007b7a00000,0x00000007bbc80000)
 ParOldGen       total 822272K, used 783275K [0x00000006c7800000, 0x00000006f9b00000, 0x000000076d300000)
  object space 822272K, 95% used [0x00000006c7800000,0x00000006f74eac90,0x00000006f9b00000)
 Metaspace       used 4587K, capacity 5528K, committed 5760K, reserved 1056768K
  class space    used 497K, capacity 520K, committed 640K, reserved 1048576K
}
Event: 200.322 GC heap before
{Heap before GC invocations=108 (full 3):
 PSYoungGen      total 1287168K, used 1282647K [0x000000076d300000, 0x00000007bff00000, 0x00000007c0000000)
  eden space 1219584K, 100% used [0x000000076d300000,0x00000007b7a00000,0x00000007b7a00000)
  from space 67584K, 93% used [0x00000007bbd00000,0x00000007bfa95d80,0x00000007bff00000)
  to   space 68096K, 0% used [0x00000007b7a00000,0x00000007b7a00000,0x00000007bbc80000)
 ParOldGen       total 822272K, used 783275K [0x00000006c7800000, 0x00000006f9b00000, 0x000000076d300000)
  object space 822272K, 95% used [0x00000006c7800000,0x00000006f74eac90,0x00000006f9b00000)
 Metaspace       used 4587K, capacity 5528K, committed 5760K, reserved 1056768K
  class space    used 497K, capacity 520K, committed 640K, reserved 1048576K
Event: 200.420 GC heap after
Heap after GC invocations=108 (full 3):
 PSYoungGen      total 1287680K, used 63095K [0x000000076d300000, 0x00000007c0000000, 0x00000007c0000000)
  eden space 1219584K, 0% used [0x000000076d300000,0x000000076d300000,0x00000007b7a00000)
  from space 68096K, 92% used [0x00000007b7a00000,0x00000007bb79dd80,0x00000007bbc80000)
  to   space 68096K, 0% used [0x00000007bbd80000,0x00000007bbd80000,0x00000007c0000000)
 ParOldGen       total 822272K, used 787139K [0x00000006c7800000, 0x00000006f9b00000, 0x000000076d300000)
  object space 822272K, 95% used [0x00000006c7800000,0x00000006f78b0c90,0x00000006f9b00000)
 Metaspace       used 4587K, capacity 5528K, committed 5760K, reserved 1056768K
  class space    used 497K, capacity 520K, committed 640K, reserved 1048576K
}
Event: 202.752 GC heap before
{Heap before GC invocations=109 (full 3):
 PSYoungGen      total 1287680K, used 1282679K [0x000000076d300000, 0x00000007c0000000, 0x00000007c0000000)
  eden space 1219584K, 100% used [0x000000076d300000,0x00000007b7a00000,0x00000007b7a00000)
  from space 68096K, 92% used [0x00000007b7a00000,0x00000007bb79dd80,0x00000007bbc80000)
  to   space 68096K, 0% used [0x00000007bbd80000,0x00000007bbd80000,0x00000007c0000000)
 ParOldGen       total 822272K, used 787139K [0x00000006c7800000, 0x00000006f9b00000, 0x000000076d300000)
  object space 822272K, 95% used [0x00000006c7800000,0x00000006f78b0c90,0x00000006f9b00000)
 Metaspace       used 4587K, capacity 5528K, committed 5760K, reserved 1056768K
  class space    used 497K, capacity 520K, committed 640K, reserved 1048576K
Event: 202.868 GC heap after
Heap after GC invocations=109 (full 3):
 PSYoungGen      total 1288704K, used 63095K [0x000000076d300000, 0x00000007c0000000, 0x00000007c0000000)
  eden space 1220608K, 0% used [0x000000076d300000,0x000000076d300000,0x00000007b7b00000)
  from space 68096K, 92% used [0x00000007bbd80000,0x00000007bfb1dd80,0x00000007c0000000)
  to   space 68096K, 0% used [0x00000007b7b00000,0x00000007b7b00000,0x00000007bbd80000)
 ParOldGen       total 822272K, used 791027K [0x00000006c7800000, 0x00000006f9b00000, 0x000000076d300000)
  object space 822272K, 96% used [0x00000006c7800000,0x00000006f7c7cc90,0x00000006f9b00000)
 Metaspace       used 4587K, capacity 5528K, committed 5760K, reserved 1056768K
  class space    used 497K, capacity 520K, committed 640K, reserved 1048576K
}
Event: 202.868 GC heap before
{Heap before GC invocations=110 (full 4):
 PSYoungGen      total 1288704K, used 63095K [0x000000076d300000, 0x00000007c0000000, 0x00000007c0000000)
  eden space 1220608K, 0% used [0x000000076d300000,0x000000076d300000,0x00000007b7b00000)
  from space 68096K, 92% used [0x00000007bbd80000,0x00000007bfb1dd80,0x00000007c0000000)
  to   space 68096K, 0% used [0x00000007b7b00000,0x00000007b7b00000,0x00000007bbd80000)
 ParOldGen       total 822272K, used 791027K [0x00000006c7800000, 0x00000006f9b00000, 0x000000076d300000)
  object space 822272K, 96% used [0x00000006c7800000,0x00000006f7c7cc90,0x00000006f9b00000)
 Metaspace       used 4587K, capacity 5528K, committed 5760K, reserved 1056768K
  class space    used 497K, capacity 520K, committed 640K, reserved 1048576K

