# JRE version: Java(TM) SE Runtime Environment (8.0_161-b12) (build 1.8.0_161-b12)
# Java VM: Java HotSpot(TM) 64-Bit Server VM (25.161-b12 mixed mode linux-amd64 compressed oops)
Heap:
 PSYoungGen      total 2797568K, used 0K [0x0000000700000000, 0x00000007bda80000, 0x00000007c0000000)
  eden space 2539008K, 0% used [0x0000000700000000,0x0000000700000000,0x000000079af80000)
  from space 258560K, 0% used [0x00000007ade00000,0x00000007ade00000,0x00000007bda80000)
  to   space 284160K, 0% used [0x000000079af80000,0x000000079af80000,0x00000007ac500000)
 ParOldGen       total 2482688K, used 1516424K [0x0000000580000000, 0x0000000617880000, 0x0000000700000000)
  object space 2482688K, 61% used [0x0000000580000000,0x00000005dc8e21c0,0x0000000617880000)
 Metaspace       used 4299K, capacity 5528K, committed 5760K, reserved 1056768K
  class space    used 467K, capacity 520K, committed 640K, reserved 1048576K
GC Heap History (10 events):
Event: 30.822 GC heap after
Heap after GC invocations=7 (full 2):
 PSYoungGen      total 2186240K, used 0K [0x0000000700000000, 0x00000007c0000000, 0x00000007c0000000)
  eden space 2099200K, 0% used [0x0000000700000000,0x0000000700000000,0x0000000780200000)
  from space 87040K, 0% used [0x0000000780200000,0x0000000780200000,0x0000000785700000)
  to   space 87040K, 0% used [0x00000007bab00000,0x00000007bab00000,0x00000007c0000000)
 ParOldGen       total 2482688K, used 379790K [0x0000000580000000, 0x0000000617880000, 0x0000000700000000)
  object space 2482688K, 15% used [0x0000000580000000,0x00000005972e3828,0x0000000617880000)
 Metaspace       used 4298K, capacity 5528K, committed 5760K, reserved 1056768K
  class space    used 467K, capacity 520K, committed 640K, reserved 1048576K
}
Event: 54.245 GC heap before
{Heap before GC invocations=8 (full 2):
 PSYoungGen      total 2186240K, used 2099200K [0x0000000700000000, 0x00000007c0000000, 0x00000007c0000000)
  eden space 2099200K, 100% used [0x0000000700000000,0x0000000780200000,0x0000000780200000)
  from space 87040K, 0% used [0x0000000780200000,0x0000000780200000,0x0000000785700000)
  to   space 87040K, 0% used [0x00000007bab00000,0x00000007bab00000,0x00000007c0000000)
 ParOldGen       total 2482688K, used 379790K [0x0000000580000000, 0x0000000617880000, 0x0000000700000000)
  object space 2482688K, 15% used [0x0000000580000000,0x00000005972e3828,0x0000000617880000)
 Metaspace       used 4298K, capacity 5528K, committed 5760K, reserved 1056768K
  class space    used 467K, capacity 520K, committed 640K, reserved 1048576K
Event: 54.355 GC heap after
Heap after GC invocations=8 (full 2):
 PSYoungGen      total 2613248K, used 32K [0x0000000700000000, 0x00000007c0000000, 0x00000007c0000000)
  eden space 2526208K, 0% used [0x0000000700000000,0x0000000700000000,0x000000079a300000)
  from space 87040K, 0% used [0x00000007bab00000,0x00000007bab08000,0x00000007c0000000)
  to   space 309760K, 0% used [0x000000079a300000,0x000000079a300000,0x00000007ad180000)
 ParOldGen       total 2482688K, used 1137550K [0x0000000580000000, 0x0000000617880000, 0x0000000700000000)
  object space 2482688K, 45% used [0x0000000580000000,0x00000005c56e3838,0x0000000617880000)
 Metaspace       used 4298K, capacity 5528K, committed 5760K, reserved 1056768K
  class space    used 467K, capacity 520K, committed 640K, reserved 1048576K
}
Event: 60.040 GC heap before
{Heap before GC invocations=9 (full 2):
 PSYoungGen      total 2613248K, used 2222757K [0x0000000700000000, 0x00000007c0000000, 0x00000007c0000000)
  eden space 2526208K, 87% used [0x0000000700000000,0x0000000787aa1498,0x000000079a300000)
  from space 87040K, 0% used [0x00000007bab00000,0x00000007bab08000,0x00000007c0000000)
  to   space 309760K, 0% used [0x000000079a300000,0x000000079a300000,0x00000007ad180000)
 ParOldGen       total 2482688K, used 1137550K [0x0000000580000000, 0x0000000617880000, 0x0000000700000000)
  object space 2482688K, 45% used [0x0000000580000000,0x00000005c56e3838,0x0000000617880000)
 Metaspace       used 4299K, capacity 5528K, committed 5760K, reserved 1056768K
  class space    used 467K, capacity 520K, committed 640K, reserved 1048576K
Event: 60.043 GC heap after
Heap after GC invocations=9 (full 2):
 PSYoungGen      total 2835968K, used 32K [0x0000000700000000, 0x00000007c0000000, 0x00000007c0000000)
  eden space 2526208K, 0% used [0x0000000700000000,0x0000000700000000,0x000000079a300000)
  from space 309760K, 0% used [0x000000079a300000,0x000000079a308000,0x00000007ad180000)
  to   space 296960K, 0% used [0x00000007ade00000,0x00000007ade00000,0x00000007c0000000)
 ParOldGen       total 2482688K, used 1137550K [0x0000000580000000, 0x0000000617880000, 0x0000000700000000)
  object space 2482688K, 45% used [0x0000000580000000,0x00000005c56e3838,0x0000000617880000)
 Metaspace       used 4299K, capacity 5528K, committed 5760K, reserved 1056768K
  class space    used 467K, capacity 520K, committed 640K, reserved 1048576K
}
Event: 60.043 GC heap before
{Heap before GC invocations=10 (full 3):
 PSYoungGen      total 2835968K, used 32K [0x0000000700000000, 0x00000007c0000000, 0x00000007c0000000)
  eden space 2526208K, 0% used [0x0000000700000000,0x0000000700000000,0x000000079a300000)
  from space 309760K, 0% used [0x000000079a300000,0x000000079a308000,0x00000007ad180000)
  to   space 296960K, 0% used [0x00000007ade00000,0x00000007ade00000,0x00000007c0000000)
 ParOldGen       total 2482688K, used 1137550K [0x0000000580000000, 0x0000000617880000, 0x0000000700000000)
  object space 2482688K, 45% used [0x0000000580000000,0x00000005c56e3838,0x0000000617880000)
 Metaspace       used 4299K, capacity 5528K, committed 5760K, reserved 1056768K
  class space    used 467K, capacity 520K, committed 640K, reserved 1048576K
Event: 60.170 GC heap after
Heap after GC invocations=10 (full 3):
 PSYoungGen      total 2835968K, used 0K [0x0000000700000000, 0x00000007c0000000, 0x00000007c0000000)
  eden space 2526208K, 0% used [0x0000000700000000,0x0000000700000000,0x000000079a300000)
  from space 309760K, 0% used [0x000000079a300000,0x000000079a300000,0x00000007ad180000)
  to   space 296960K, 0% used [0x00000007ade00000,0x00000007ade00000,0x00000007c0000000)
 ParOldGen       total 2482688K, used 758664K [0x0000000580000000, 0x0000000617880000, 0x0000000700000000)
  object space 2482688K, 30% used [0x0000000580000000,0x00000005ae4e2028,0x0000000617880000)
 Metaspace       used 4299K, capacity 5528K, committed 5760K, reserved 1056768K
  class space    used 467K, capacity 520K, committed 640K, reserved 1048576K
}
Event: 78.996 GC heap before
{Heap before GC invocations=11 (full 3):
 PSYoungGen      total 2835968K, used 2526208K [0x0000000700000000, 0x00000007c0000000, 0x00000007c0000000)
  eden space 2526208K, 100% used [0x0000000700000000,0x000000079a300000,0x000000079a300000)
  from space 309760K, 0% used [0x000000079a300000,0x000000079a300000,0x00000007ad180000)
  to   space 296960K, 0% used [0x00000007ade00000,0x00000007ade00000,0x00000007c0000000)
 ParOldGen       total 2482688K, used 758664K [0x0000000580000000, 0x0000000617880000, 0x0000000700000000)
  object space 2482688K, 30% used [0x0000000580000000,0x00000005ae4e2028,0x0000000617880000)
 Metaspace       used 4299K, capacity 5528K, committed 5760K, reserved 1056768K
  class space    used 467K, capacity 520K, committed 640K, reserved 1048576K
Event: 80.294 GC heap after
Heap after GC invocations=11 (full 3):
 PSYoungGen      total 2797568K, used 32K [0x0000000700000000, 0x00000007bda80000, 0x00000007c0000000)
  eden space 2539008K, 0% used [0x0000000700000000,0x0000000700000000,0x000000079af80000)
  from space 258560K, 0% used [0x00000007ade00000,0x00000007ade08000,0x00000007bda80000)
  to   space 284160K, 0% used [0x000000079af80000,0x000000079af80000,0x00000007ac500000)
 ParOldGen       total 2482688K, used 2274184K [0x0000000580000000, 0x0000000617880000, 0x0000000700000000)
  object space 2482688K, 91% used [0x0000000580000000,0x000000060ace2038,0x0000000617880000)
 Metaspace       used 4299K, capacity 5528K, committed 5760K, reserved 1056768K
  class space    used 467K, capacity 520K, committed 640K, reserved 1048576K
}
Event: 80.295 GC heap before
{Heap before GC invocations=12 (full 4):
 PSYoungGen      total 2797568K, used 32K [0x0000000700000000, 0x00000007bda80000, 0x00000007c0000000)
  eden space 2539008K, 0% used [0x0000000700000000,0x0000000700000000,0x000000079af80000)
  from space 258560K, 0% used [0x00000007ade00000,0x00000007ade08000,0x00000007bda80000)
  to   space 284160K, 0% used [0x000000079af80000,0x000000079af80000,0x00000007ac500000)
 ParOldGen       total 2482688K, used 2274184K [0x0000000580000000, 0x0000000617880000, 0x0000000700000000)
  object space 2482688K, 91% used [0x0000000580000000,0x000000060ace2038,0x0000000617880000)
 Metaspace       used 4299K, capacity 5528K, committed 5760K, reserved 1056768K
  class space    used 467K, capacity 520K, committed 640K, reserved 1048576K

