# JRE version: Java(TM) SE Runtime Environment (8.0_161-b12) (build 1.8.0_161-b12)
# Java VM: Java HotSpot(TM) 64-Bit Server VM (25.161-b12 mixed mode linux-amd64 compressed oops)
Heap:
 PSYoungGen      total 1040384K, used 32K [0x000000076d300000, 0x00000007ad300000, 0x00000007c0000000)
  eden space 1032192K, 0% used [0x000000076d300000,0x000000076d300000,0x00000007ac300000)
  from space 8192K, 0% used [0x00000007acb00000,0x00000007acb08000,0x00000007ad300000)
  to   space 512K, 0% used [0x00000007ac300000,0x00000007ac300000,0x00000007ac380000)
 ParOldGen       total 1132544K, used 324440K [0x00000006c7800000, 0x000000070ca00000, 0x000000076d300000)
  object space 1132544K, 28% used [0x00000006c7800000,0x00000006db4d6318,0x000000070ca00000)
 Metaspace       used 4323K, capacity 5400K, committed 5760K, reserved 1056768K
  class space    used 493K, capacity 520K, committed 640K, reserved 1048576K
GC Heap History (10 events):
Event: 1.773 GC heap after
Heap after GC invocations=7 (full 1):
 PSYoungGen      total 524800K, used 0K [0x000000076d300000, 0x000000078de00000, 0x00000007c0000000)
  eden space 516096K, 0% used [0x000000076d300000,0x000000076d300000,0x000000078cb00000)
  from space 8704K, 0% used [0x000000078d580000,0x000000078d580000,0x000000078de00000)
  to   space 9728K, 0% used [0x000000078cb00000,0x000000078cb00000,0x000000078d480000)
 ParOldGen       total 1132544K, used 324951K [0x00000006c7800000, 0x000000070ca00000, 0x000000076d300000)
  object space 1132544K, 28% used [0x00000006c7800000,0x00000006db555de0,0x000000070ca00000)
 Metaspace       used 4319K, capacity 5400K, committed 5760K, reserved 1056768K
  class space    used 493K, capacity 520K, committed 640K, reserved 1048576K
}
Event: 2.202 GC heap before
{Heap before GC invocations=8 (full 1):
 PSYoungGen      total 524800K, used 516096K [0x000000076d300000, 0x000000078de00000, 0x00000007c0000000)
  eden space 516096K, 100% used [0x000000076d300000,0x000000078cb00000,0x000000078cb00000)
  from space 8704K, 0% used [0x000000078d580000,0x000000078d580000,0x000000078de00000)
  to   space 9728K, 0% used [0x000000078cb00000,0x000000078cb00000,0x000000078d480000)
 ParOldGen       total 1132544K, used 324951K [0x00000006c7800000, 0x000000070ca00000, 0x000000076d300000)
  object space 1132544K, 28% used [0x00000006c7800000,0x00000006db555de0,0x000000070ca00000)
 Metaspace       used 4323K, capacity 5400K, committed 5760K, reserved 1056768K
  class space    used 493K, capacity 520K, committed 640K, reserved 1048576K
Event: 2.206 GC heap after
Heap after GC invocations=8 (full 1):
 PSYoungGen      total 525824K, used 32K [0x000000076d300000, 0x00000007ad500000, 0x00000007c0000000)
  eden space 516096K, 0% used [0x000000076d300000,0x000000076d300000,0x000000078cb00000)
  from space 9728K, 0% used [0x000000078cb00000,0x000000078cb08000,0x000000078d480000)
  to   space 9216K, 0% used [0x00000007acc00000,0x00000007acc00000,0x00000007ad500000)
 ParOldGen       total 1132544K, used 324951K [0x00000006c7800000, 0x000000070ca00000, 0x000000076d300000)
  object space 1132544K, 28% used [0x00000006c7800000,0x00000006db555de0,0x000000070ca00000)
 Metaspace       used 4323K, capacity 5400K, committed 5760K, reserved 1056768K
  class space    used 493K, capacity 520K, committed 640K, reserved 1048576K
}
Event: 2.403 GC heap before
{Heap before GC invocations=9 (full 1):
 PSYoungGen      total 525824K, used 318530K [0x000000076d300000, 0x00000007ad500000, 0x00000007c0000000)
  eden space 516096K, 61% used [0x000000076d300000,0x0000000780a08ab8,0x000000078cb00000)
  from space 9728K, 0% used [0x000000078cb00000,0x000000078cb08000,0x000000078d480000)
  to   space 9216K, 0% used [0x00000007acc00000,0x00000007acc00000,0x00000007ad500000)
 ParOldGen       total 1132544K, used 324951K [0x00000006c7800000, 0x000000070ca00000, 0x000000076d300000)
  object space 1132544K, 28% used [0x00000006c7800000,0x00000006db555de0,0x000000070ca00000)
 Metaspace       used 4323K, capacity 5400K, committed 5760K, reserved 1056768K
  class space    used 493K, capacity 520K, committed 640K, reserved 1048576K
Event: 2.406 GC heap after
Heap after GC invocations=9 (full 1):
 PSYoungGen      total 1040384K, used 64K [0x000000076d300000, 0x00000007ad400000, 0x00000007c0000000)
  eden space 1032192K, 0% used [0x000000076d300000,0x000000076d300000,0x00000007ac300000)
  from space 8192K, 0% used [0x00000007acc00000,0x00000007acc10000,0x00000007ad400000)
  to   space 8704K, 0% used [0x00000007ac300000,0x00000007ac300000,0x00000007acb80000)
 ParOldGen       total 1132544K, used 324951K [0x00000006c7800000, 0x000000070ca00000, 0x000000076d300000)
  object space 1132544K, 28% used [0x00000006c7800000,0x00000006db555de0,0x000000070ca00000)
 Metaspace       used 4323K, capacity 5400K, committed 5760K, reserved 1056768K
  class space    used 493K, capacity 520K, committed 640K, reserved 1048576K
}
Event: 2.556 GC heap before
{Heap before GC invocations=10 (full 1):
 PSYoungGen      total 1040384K, used 488516K [0x000000076d300000, 0x00000007ad400000, 0x00000007c0000000)
  eden space 1032192K, 47% used [0x000000076d300000,0x000000078b001060,0x00000007ac300000)
  from space 8192K, 0% used [0x00000007acc00000,0x00000007acc10000,0x00000007ad400000)
  to   space 8704K, 0% used [0x00000007ac300000,0x00000007ac300000,0x00000007acb80000)
 ParOldGen       total 1132544K, used 324951K [0x00000006c7800000, 0x000000070ca00000, 0x000000076d300000)
  object space 1132544K, 28% used [0x00000006c7800000,0x00000006db555de0,0x000000070ca00000)
 Metaspace       used 4323K, capacity 5400K, committed 5760K, reserved 1056768K
  class space    used 493K, capacity 520K, committed 640K, reserved 1048576K
Event: 2.559 GC heap after
Heap after GC invocations=10 (full 1):
 PSYoungGen      total 1032704K, used 32K [0x000000076d300000, 0x00000007ad300000, 0x00000007c0000000)
  eden space 1032192K, 0% used [0x000000076d300000,0x000000076d300000,0x00000007ac300000)
  from space 512K, 6% used [0x00000007ac300000,0x00000007ac308000,0x00000007ac380000)
  to   space 8192K, 0% used [0x00000007acb00000,0x00000007acb00000,0x00000007ad300000)
 ParOldGen       total 1132544K, used 324951K [0x00000006c7800000, 0x000000070ca00000, 0x000000076d300000)
  object space 1132544K, 28% used [0x00000006c7800000,0x00000006db555de0,0x000000070ca00000)
 Metaspace       used 4323K, capacity 5400K, committed 5760K, reserved 1056768K
  class space    used 493K, capacity 520K, committed 640K, reserved 1048576K
}
Event: 2.559 GC heap before
{Heap before GC invocations=11 (full 2):
 PSYoungGen      total 1032704K, used 32K [0x000000076d300000, 0x00000007ad300000, 0x00000007c0000000)
  eden space 1032192K, 0% used [0x000000076d300000,0x000000076d300000,0x00000007ac300000)
  from space 512K, 6% used [0x00000007ac300000,0x00000007ac308000,0x00000007ac380000)
  to   space 8192K, 0% used [0x00000007acb00000,0x00000007acb00000,0x00000007ad300000)
 ParOldGen       total 1132544K, used 324951K [0x00000006c7800000, 0x000000070ca00000, 0x000000076d300000)
  object space 1132544K, 28% used [0x00000006c7800000,0x00000006db555de0,0x000000070ca00000)
 Metaspace       used 4323K, capacity 5400K, committed 5760K, reserved 1056768K
  class space    used 493K, capacity 520K, committed 640K, reserved 1048576K
Event: 2.607 GC heap after
Heap after GC invocations=11 (full 2):
 PSYoungGen      total 1032704K, used 0K [0x000000076d300000, 0x00000007ad300000, 0x00000007c0000000)
  eden space 1032192K, 0% used [0x000000076d300000,0x000000076d300000,0x00000007ac300000)
  from space 512K, 0% used [0x00000007ac300000,0x00000007ac300000,0x00000007ac380000)
  to   space 8192K, 0% used [0x00000007acb00000,0x00000007acb00000,0x00000007ad300000)
 ParOldGen       total 1132544K, used 324440K [0x00000006c7800000, 0x000000070ca00000, 0x000000076d300000)
  object space 1132544K, 28% used [0x00000006c7800000,0x00000006db4d6318,0x000000070ca00000)
 Metaspace       used 4323K, capacity 5400K, committed 5760K, reserved 1056768K
  class space    used 493K, capacity 520K, committed 640K, reserved 1048576K
}
Event: 3.610 GC heap before
{Heap before GC invocations=12 (full 2):
 PSYoungGen      total 1032704K, used 838646K [0x000000076d300000, 0x00000007ad300000, 0x00000007c0000000)
  eden space 1032192K, 81% used [0x000000076d300000,0x00000007a05fdbd0,0x00000007ac300000)
  from space 512K, 0% used [0x00000007ac300000,0x00000007ac300000,0x00000007ac380000)
  to   space 8192K, 0% used [0x00000007acb00000,0x00000007acb00000,0x00000007ad300000)
 ParOldGen       total 1132544K, used 324440K [0x00000006c7800000, 0x000000070ca00000, 0x000000076d300000)
  object space 1132544K, 28% used [0x00000006c7800000,0x00000006db4d6318,0x000000070ca00000)
 Metaspace       used 4323K, capacity 5400K, committed 5760K, reserved 1056768K
  class space    used 493K, capacity 520K, committed 640K, reserved 1048576K

