# JRE version: Java(TM) SE Runtime Environment (8.0_161-b12) (build 1.8.0_161-b12)
# Java VM: Java HotSpot(TM) 64-Bit Server VM (25.161-b12 mixed mode linux-amd64 compressed oops)
Heap:
 PSYoungGen      total 3231232K, used 2506168K [0x00000006eab00000, 0x00000007bfc00000, 0x00000007c0000000)
  eden space 3145728K, 79% used [0x00000006eab00000,0x0000000783a5e190,0x00000007aab00000)
  from space 85504K, 0% used [0x00000007aab00000,0x00000007aab10000,0x00000007afe80000)
  to   space 79872K, 0% used [0x00000007bae00000,0x00000007bae10000,0x00000007bfc00000)
 ParOldGen       total 2562048K, used 2274184K [0x0000000540000000, 0x00000005dc600000, 0x00000006eab00000)
  object space 2562048K, 88% used [0x0000000540000000,0x00000005cace20b8,0x00000005dc600000)
 Metaspace       used 4307K, capacity 5528K, committed 5760K, reserved 1056768K
  class space    used 467K, capacity 520K, committed 640K, reserved 1048576K
GC Heap History (10 events):
Event: 27.266 GC heap after
Heap after GC invocations=4 (full 0):
 PSYoungGen      total 1703936K, used 884K [0x00000006eab00000, 0x000000075ab00000, 0x00000007c0000000)
  eden space 1572864K, 0% used [0x00000006eab00000,0x00000006eab00000,0x000000074ab00000)
  from space 131072K, 0% used [0x0000000752b00000,0x0000000752bdd358,0x000000075ab00000)
  to   space 131072K, 0% used [0x000000074ab00000,0x000000074ab00000,0x0000000752b00000)
 ParOldGen       total 2097152K, used 1195918K [0x0000000540000000, 0x00000005c0000000, 0x00000006eab00000)
  object space 2097152K, 57% used [0x0000000540000000,0x0000000588fe3970,0x00000005c0000000)
 Metaspace       used 3419K, capacity 4824K, committed 5120K, reserved 1056768K
  class space    used 372K, capacity 456K, committed 512K, reserved 1048576K
}
Event: 34.959 GC heap before
{Heap before GC invocations=5 (full 0):
 PSYoungGen      total 1703936K, used 1434508K [0x00000006eab00000, 0x000000075ab00000, 0x00000007c0000000)
  eden space 1572864K, 91% used [0x00000006eab00000,0x0000000742306078,0x000000074ab00000)
  from space 131072K, 0% used [0x0000000752b00000,0x0000000752bdd358,0x000000075ab00000)
  to   space 131072K, 0% used [0x000000074ab00000,0x000000074ab00000,0x0000000752b00000)
 ParOldGen       total 2097152K, used 1195918K [0x0000000540000000, 0x00000005c0000000, 0x00000006eab00000)
  object space 2097152K, 57% used [0x0000000540000000,0x0000000588fe3970,0x00000005c0000000)
 Metaspace       used 4303K, capacity 5528K, committed 5760K, reserved 1056768K
  class space    used 467K, capacity 520K, committed 640K, reserved 1048576K
Event: 34.980 GC heap after
Heap after GC invocations=5 (full 0):
 PSYoungGen      total 1703936K, used 1296K [0x00000006eab00000, 0x00000007b6000000, 0x00000007c0000000)
  eden space 1572864K, 0% used [0x00000006eab00000,0x00000006eab00000,0x000000074ab00000)
  from space 131072K, 0% used [0x000000074ab00000,0x000000074ac443a8,0x0000000752b00000)
  to   space 92672K, 0% used [0x00000007b0580000,0x00000007b0580000,0x00000007b6000000)
 ParOldGen       total 2097152K, used 1195918K [0x0000000540000000, 0x00000005c0000000, 0x00000006eab00000)
  object space 2097152K, 57% used [0x0000000540000000,0x0000000588fe3970,0x00000005c0000000)
 Metaspace       used 4303K, capacity 5528K, committed 5760K, reserved 1056768K
  class space    used 467K, capacity 520K, committed 640K, reserved 1048576K
}
Event: 49.773 GC heap before
{Heap before GC invocations=6 (full 0):
 PSYoungGen      total 1703936K, used 1574160K [0x00000006eab00000, 0x00000007b6000000, 0x00000007c0000000)
  eden space 1572864K, 100% used [0x00000006eab00000,0x000000074ab00000,0x000000074ab00000)
  from space 131072K, 0% used [0x000000074ab00000,0x000000074ac443a8,0x0000000752b00000)
  to   space 92672K, 0% used [0x00000007b0580000,0x00000007b0580000,0x00000007b6000000)
 ParOldGen       total 2097152K, used 1195918K [0x0000000540000000, 0x00000005c0000000, 0x00000006eab00000)
  object space 2097152K, 57% used [0x0000000540000000,0x0000000588fe3970,0x00000005c0000000)
 Metaspace       used 4307K, capacity 5528K, committed 5760K, reserved 1056768K
  class space    used 467K, capacity 520K, committed 640K, reserved 1048576K
Event: 50.132 GC heap after
Heap after GC invocations=6 (full 0):
 PSYoungGen      total 3224064K, used 944K [0x00000006eab00000, 0x00000007b5200000, 0x00000007c0000000)
  eden space 3145728K, 0% used [0x00000006eab00000,0x00000006eab00000,0x00000007aab00000)
  from space 78336K, 1% used [0x00000007b0580000,0x00000007b066c010,0x00000007b5200000)
  to   space 85504K, 0% used [0x00000007aab00000,0x00000007aab00000,0x00000007afe80000)
 ParOldGen       total 2097152K, used 1953678K [0x0000000540000000, 0x00000005c0000000, 0x00000006eab00000)
  object space 2097152K, 93% used [0x0000000540000000,0x00000005b73e3980,0x00000005c0000000)
 Metaspace       used 4307K, capacity 5528K, committed 5760K, reserved 1056768K
  class space    used 467K, capacity 520K, committed 640K, reserved 1048576K
}
Event: 50.132 GC heap before
{Heap before GC invocations=7 (full 1):
 PSYoungGen      total 3224064K, used 944K [0x00000006eab00000, 0x00000007b5200000, 0x00000007c0000000)
  eden space 3145728K, 0% used [0x00000006eab00000,0x00000006eab00000,0x00000007aab00000)
  from space 78336K, 1% used [0x00000007b0580000,0x00000007b066c010,0x00000007b5200000)
  to   space 85504K, 0% used [0x00000007aab00000,0x00000007aab00000,0x00000007afe80000)
 ParOldGen       total 2097152K, used 1953678K [0x0000000540000000, 0x00000005c0000000, 0x00000006eab00000)
  object space 2097152K, 93% used [0x0000000540000000,0x00000005b73e3980,0x00000005c0000000)
 Metaspace       used 4307K, capacity 5528K, committed 5760K, reserved 1056768K
  class space    used 467K, capacity 520K, committed 640K, reserved 1048576K
Event: 50.266 GC heap after
Heap after GC invocations=7 (full 1):
 PSYoungGen      total 3224064K, used 0K [0x00000006eab00000, 0x00000007b5200000, 0x00000007c0000000)
  eden space 3145728K, 0% used [0x00000006eab00000,0x00000006eab00000,0x00000007aab00000)
  from space 78336K, 0% used [0x00000007b0580000,0x00000007b0580000,0x00000007b5200000)
  to   space 85504K, 0% used [0x00000007aab00000,0x00000007aab00000,0x00000007afe80000)
 ParOldGen       total 2562048K, used 758664K [0x0000000540000000, 0x00000005dc600000, 0x00000006eab00000)
  object space 2562048K, 29% used [0x0000000540000000,0x000000056e4e20a8,0x00000005dc600000)
 Metaspace       used 4307K, capacity 5528K, committed 5760K, reserved 1056768K
  class space    used 467K, capacity 520K, committed 640K, reserved 1048576K
}
Event: 69.502 GC heap before
{Heap before GC invocations=8 (full 1):
 PSYoungGen      total 3224064K, used 2942988K [0x00000006eab00000, 0x00000007b5200000, 0x00000007c0000000)
  eden space 3145728K, 93% used [0x00000006eab00000,0x000000079e503240,0x00000007aab00000)
  from space 78336K, 0% used [0x00000007b0580000,0x00000007b0580000,0x00000007b5200000)
  to   space 85504K, 0% used [0x00000007aab00000,0x00000007aab00000,0x00000007afe80000)
 ParOldGen       total 2562048K, used 758664K [0x0000000540000000, 0x00000005dc600000, 0x00000006eab00000)
  object space 2562048K, 29% used [0x0000000540000000,0x000000056e4e20a8,0x00000005dc600000)
 Metaspace       used 4307K, capacity 5528K, committed 5760K, reserved 1056768K
  class space    used 467K, capacity 520K, committed 640K, reserved 1048576K
Event: 69.510 GC heap after
Heap after GC invocations=8 (full 1):
 PSYoungGen      total 3231232K, used 64K [0x00000006eab00000, 0x00000007bfc00000, 0x00000007c0000000)
  eden space 3145728K, 0% used [0x00000006eab00000,0x00000006eab00000,0x00000007aab00000)
  from space 85504K, 0% used [0x00000007aab00000,0x00000007aab10000,0x00000007afe80000)
  to   space 79872K, 0% used [0x00000007bae00000,0x00000007bae00000,0x00000007bfc00000)
 ParOldGen       total 2562048K, used 758664K [0x0000000540000000, 0x00000005dc600000, 0x00000006eab00000)
  object space 2562048K, 29% used [0x0000000540000000,0x000000056e4e20a8,0x00000005dc600000)
 Metaspace       used 4307K, capacity 5528K, committed 5760K, reserved 1056768K
  class space    used 467K, capacity 520K, committed 640K, reserved 1048576K
}
Event: 86.820 GC heap before
{Heap before GC invocations=9 (full 1):
 PSYoungGen      total 3231232K, used 2506168K [0x00000006eab00000, 0x00000007bfc00000, 0x00000007c0000000)
  eden space 3145728K, 79% used [0x00000006eab00000,0x0000000783a5e190,0x00000007aab00000)
  from space 85504K, 0% used [0x00000007aab00000,0x00000007aab10000,0x00000007afe80000)
  to   space 79872K, 0% used [0x00000007bae00000,0x00000007bae00000,0x00000007bfc00000)
 ParOldGen       total 2562048K, used 758664K [0x0000000540000000, 0x00000005dc600000, 0x00000006eab00000)
  object space 2562048K, 29% used [0x0000000540000000,0x000000056e4e20a8,0x00000005dc600000)
 Metaspace       used 4307K, capacity 5528K, committed 5760K, reserved 1056768K
  class space    used 467K, capacity 520K, committed 640K, reserved 1048576K

