# JRE version: Java(TM) SE Runtime Environment (8.0_161-b12) (build 1.8.0_161-b12)
# Java VM: Java HotSpot(TM) 64-Bit Server VM (25.161-b12 mixed mode linux-amd64 compressed oops)
Heap:
 PSYoungGen      total 3241472K, used 0K [0x00000006eab00000, 0x00000007c0000000, 0x00000007c0000000)
  eden space 3166720K, 0% used [0x00000006eab00000,0x00000006eab00000,0x00000007abf80000)
  from space 74752K, 0% used [0x00000007abf80000,0x00000007abf80000,0x00000007b0880000)
  to   space 70144K, 0% used [0x00000007bbb80000,0x00000007bbb80000,0x00000007c0000000)
 ParOldGen       total 3721216K, used 1516424K [0x0000000540000000, 0x0000000623200000, 0x00000006eab00000)
  object space 3721216K, 40% used [0x0000000540000000,0x000000059c8e22b0,0x0000000623200000)
 Metaspace       used 4309K, capacity 5528K, committed 5760K, reserved 1056768K
  class space    used 467K, capacity 520K, committed 640K, reserved 1048576K
GC Heap History (10 events):
Event: 61.153 GC heap after
Heap after GC invocations=8 (full 1):
 PSYoungGen      total 1703936K, used 32K [0x00000006eab00000, 0x00000007b9f00000, 0x00000007c0000000)
  eden space 1617920K, 0% used [0x00000006eab00000,0x00000006eab00000,0x000000074d700000)
  from space 86016K, 0% used [0x000000074d700000,0x000000074d708000,0x0000000752b00000)
  to   space 79872K, 0% used [0x00000007b5100000,0x00000007b5100000,0x00000007b9f00000)
 ParOldGen       total 2730496K, used 2404497K [0x0000000540000000, 0x00000005e6a80000, 0x00000006eab00000)
  object space 2730496K, 88% used [0x0000000540000000,0x00000005d2c247b8,0x00000005e6a80000)
 Metaspace       used 4308K, capacity 5528K, committed 5760K, reserved 1056768K
  class space    used 467K, capacity 520K, committed 640K, reserved 1048576K
}
Event: 61.153 GC heap before
{Heap before GC invocations=9 (full 2):
 PSYoungGen      total 1703936K, used 32K [0x00000006eab00000, 0x00000007b9f00000, 0x00000007c0000000)
  eden space 1617920K, 0% used [0x00000006eab00000,0x00000006eab00000,0x000000074d700000)
  from space 86016K, 0% used [0x000000074d700000,0x000000074d708000,0x0000000752b00000)
  to   space 79872K, 0% used [0x00000007b5100000,0x00000007b5100000,0x00000007b9f00000)
 ParOldGen       total 2730496K, used 2404497K [0x0000000540000000, 0x00000005e6a80000, 0x00000006eab00000)
  object space 2730496K, 88% used [0x0000000540000000,0x00000005d2c247b8,0x00000005e6a80000)
 Metaspace       used 4308K, capacity 5528K, committed 5760K, reserved 1056768K
  class space    used 467K, capacity 520K, committed 640K, reserved 1048576K
Event: 61.375 GC heap after
Heap after GC invocations=9 (full 2):
 PSYoungGen      total 1703936K, used 0K [0x00000006eab00000, 0x00000007b9f00000, 0x00000007c0000000)
  eden space 1617920K, 0% used [0x00000006eab00000,0x00000006eab00000,0x000000074d700000)
  from space 86016K, 0% used [0x000000074d700000,0x000000074d700000,0x0000000752b00000)
  to   space 79872K, 0% used [0x00000007b5100000,0x00000007b5100000,0x00000007b9f00000)
 ParOldGen       total 3721216K, used 1391999K [0x0000000540000000, 0x0000000623200000, 0x00000006eab00000)
  object space 3721216K, 37% used [0x0000000540000000,0x0000000594f5fd50,0x0000000623200000)
 Metaspace       used 4308K, capacity 5528K, committed 5760K, reserved 1056768K
  class space    used 467K, capacity 520K, committed 640K, reserved 1048576K
}
Event: 62.382 GC heap before
{Heap before GC invocations=10 (full 2):
 PSYoungGen      total 1703936K, used 1337101K [0x00000006eab00000, 0x00000007b9f00000, 0x00000007c0000000)
  eden space 1617920K, 82% used [0x00000006eab00000,0x000000073c4c3598,0x000000074d700000)
  from space 86016K, 0% used [0x000000074d700000,0x000000074d700000,0x0000000752b00000)
  to   space 79872K, 0% used [0x00000007b5100000,0x00000007b5100000,0x00000007b9f00000)
 ParOldGen       total 3721216K, used 1391999K [0x0000000540000000, 0x0000000623200000, 0x00000006eab00000)
  object space 3721216K, 37% used [0x0000000540000000,0x0000000594f5fd50,0x0000000623200000)
 Metaspace       used 4309K, capacity 5528K, committed 5760K, reserved 1056768K
  class space    used 467K, capacity 520K, committed 640K, reserved 1048576K
Event: 62.467 GC heap after
Heap after GC invocations=10 (full 2):
 PSYoungGen      total 2753024K, used 64K [0x00000006eab00000, 0x00000007b5180000, 0x00000007c0000000)
  eden space 2752512K, 0% used [0x00000006eab00000,0x00000006eab00000,0x0000000792b00000)
  from space 512K, 12% used [0x00000007b5100000,0x00000007b5110000,0x00000007b5180000)
  to   space 74752K, 0% used [0x00000007abf80000,0x00000007abf80000,0x00000007b0880000)
 ParOldGen       total 3721216K, used 2025334K [0x0000000540000000, 0x0000000623200000, 0x00000006eab00000)
  object space 3721216K, 54% used [0x0000000540000000,0x00000005bb9ddad8,0x0000000623200000)
 Metaspace       used 4309K, capacity 5528K, committed 5760K, reserved 1056768K
  class space    used 467K, capacity 520K, committed 640K, reserved 1048576K
}
Event: 62.467 GC heap before
{Heap before GC invocations=11 (full 3):
 PSYoungGen      total 2753024K, used 64K [0x00000006eab00000, 0x00000007b5180000, 0x00000007c0000000)
  eden space 2752512K, 0% used [0x00000006eab00000,0x00000006eab00000,0x0000000792b00000)
  from space 512K, 12% used [0x00000007b5100000,0x00000007b5110000,0x00000007b5180000)
  to   space 74752K, 0% used [0x00000007abf80000,0x00000007abf80000,0x00000007b0880000)
 ParOldGen       total 3721216K, used 2025334K [0x0000000540000000, 0x0000000623200000, 0x00000006eab00000)
  object space 3721216K, 54% used [0x0000000540000000,0x00000005bb9ddad8,0x0000000623200000)
 Metaspace       used 4309K, capacity 5528K, committed 5760K, reserved 1056768K
  class space    used 467K, capacity 520K, committed 640K, reserved 1048576K
Event: 62.479 GC heap after
Heap after GC invocations=11 (full 3):
 PSYoungGen      total 2753024K, used 0K [0x00000006eab00000, 0x00000007b5180000, 0x00000007c0000000)
  eden space 2752512K, 0% used [0x00000006eab00000,0x00000006eab00000,0x0000000792b00000)
  from space 512K, 0% used [0x00000007b5100000,0x00000007b5100000,0x00000007b5180000)
  to   space 74752K, 0% used [0x00000007abf80000,0x00000007abf80000,0x00000007b0880000)
 ParOldGen       total 3721216K, used 758664K [0x0000000540000000, 0x0000000623200000, 0x00000006eab00000)
  object space 3721216K, 20% used [0x0000000540000000,0x000000056e4e2138,0x0000000623200000)
 Metaspace       used 4309K, capacity 5528K, committed 5760K, reserved 1056768K
  class space    used 467K, capacity 520K, committed 640K, reserved 1048576K
}
Event: 85.329 GC heap before
{Heap before GC invocations=12 (full 3):
 PSYoungGen      total 2753024K, used 2752512K [0x00000006eab00000, 0x00000007b5180000, 0x00000007c0000000)
  eden space 2752512K, 100% used [0x00000006eab00000,0x0000000792b00000,0x0000000792b00000)
  from space 512K, 0% used [0x00000007b5100000,0x00000007b5100000,0x00000007b5180000)
  to   space 74752K, 0% used [0x00000007abf80000,0x00000007abf80000,0x00000007b0880000)
 ParOldGen       total 3721216K, used 758664K [0x0000000540000000, 0x0000000623200000, 0x00000006eab00000)
  object space 3721216K, 20% used [0x0000000540000000,0x000000056e4e2138,0x0000000623200000)
 Metaspace       used 4309K, capacity 5528K, committed 5760K, reserved 1056768K
  class space    used 467K, capacity 520K, committed 640K, reserved 1048576K
Event: 85.546 GC heap after
Heap after GC invocations=12 (full 3):
 PSYoungGen      total 3241472K, used 32K [0x00000006eab00000, 0x00000007c0000000, 0x00000007c0000000)
  eden space 3166720K, 0% used [0x00000006eab00000,0x00000006eab00000,0x00000007abf80000)
  from space 74752K, 0% used [0x00000007abf80000,0x00000007abf88000,0x00000007b0880000)
  to   space 70144K, 0% used [0x00000007bbb80000,0x00000007bbb80000,0x00000007c0000000)
 ParOldGen       total 3721216K, used 2274184K [0x0000000540000000, 0x0000000623200000, 0x00000006eab00000)
  object space 3721216K, 61% used [0x0000000540000000,0x00000005cace2148,0x0000000623200000)
 Metaspace       used 4309K, capacity 5528K, committed 5760K, reserved 1056768K
  class space    used 467K, capacity 520K, committed 640K, reserved 1048576K
}
Event: 85.546 GC heap before
{Heap before GC invocations=13 (full 4):
 PSYoungGen      total 3241472K, used 32K [0x00000006eab00000, 0x00000007c0000000, 0x00000007c0000000)
  eden space 3166720K, 0% used [0x00000006eab00000,0x00000006eab00000,0x00000007abf80000)
  from space 74752K, 0% used [0x00000007abf80000,0x00000007abf88000,0x00000007b0880000)
  to   space 70144K, 0% used [0x00000007bbb80000,0x00000007bbb80000,0x00000007c0000000)
 ParOldGen       total 3721216K, used 2274184K [0x0000000540000000, 0x0000000623200000, 0x00000006eab00000)
  object space 3721216K, 61% used [0x0000000540000000,0x00000005cace2148,0x0000000623200000)
 Metaspace       used 4309K, capacity 5528K, committed 5760K, reserved 1056768K
  class space    used 467K, capacity 520K, committed 640K, reserved 1048576K

